<?xml version="1.0" encoding="utf-8"?><testsuites name="pytest tests"><testsuite name="pytest" errors="0" failures="0" skipped="1" tests="12" time="35.572" timestamp="2026-03-06T15:11:19.264854+00:00" hostname="agent-env-d85311f3-e1d5-42b0-85d2-c3f165b5094b"><testcase classname="backend.tests.test_auth_and_feedback_routes.TestAuthRoutes" name="test_auth_status_returns_dev_mode" time="0.155" /><testcase classname="backend.tests.test_auth_and_feedback_routes.TestAuthRoutes" name="test_dev_login_creates_session" time="0.120" /><testcase classname="backend.tests.test_auth_and_feedback_routes.TestAuthRoutes" name="test_auth_me_returns_user" time="0.177" /><testcase classname="backend.tests.test_auth_and_feedback_routes.TestAuthRoutes" name="test_auth_me_without_login_dev_mode_fallback" time="0.128" /><testcase classname="backend.tests.test_auth_and_feedback_routes.TestPatternLearningFeedback" name="test_feedback_endpoint_accepts_valid_data" time="12.830" /><testcase classname="backend.tests.test_auth_and_feedback_routes.TestPatternLearningFeedback" name="test_feedback_generates_rule" time="9.671" /><testcase classname="backend.tests.test_auth_and_feedback_routes.TestPatternLearningFeedback" name="test_feedback_stats_endpoint" time="0.219" /><testcase classname="backend.tests.test_auth_and_feedback_routes.TestPatternLearningFeedback" name="test_my_feedback_endpoint" time="0.176" /><testcase classname="backend.tests.test_auth_and_feedback_routes.TestPatternLearningFeedback" name="test_pending_rules_endpoint" time="0.183" /><testcase classname="backend.tests.test_auth_and_feedback_routes.TestPatternLearningFeedback" name="test_classify_position_endpoint" time="0.000"><skipped type="pytest.skip" message="classify endpoint has internal error - needs backend fix">/app/backend/tests/test_auth_and_feedback_routes.py:174: classify endpoint has internal error - needs backend fix</skipped></testcase><testcase classname="backend.tests.test_auth_and_feedback_routes.TestPatternLearningFeedback" name="test_feedback_with_full_context" time="11.669" /><testcase classname="backend.tests.test_auth_and_feedback_routes.TestAuthLogout" name="test_logout_clears_session" time="0.196" /></testsuite></testsuites>