<?xml version="1.0" encoding="utf-8"?><testsuites name="pytest tests"><testsuite name="pytest" errors="0" failures="0" skipped="5" tests="30" time="5.025" timestamp="2026-03-05T06:25:12.614828+00:00" hostname="agent-env-9c0add3e-772b-4ebf-8673-e4476034b42f"><testcase classname="tests.test_reflect_feature.TestReflectAPI" name="test_get_pending_reflections_status" time="0.261" /><testcase classname="tests.test_reflect_feature.TestReflectAPI" name="test_get_pending_reflections_structure" time="0.200" /><testcase classname="tests.test_reflect_feature.TestReflectAPI" name="test_get_pending_reflections_game_fields" time="0.210" /><testcase classname="tests.test_reflect_feature.TestReflectAPI" name="test_get_pending_count_status" time="0.252" /><testcase classname="tests.test_reflect_feature.TestReflectAPI" name="test_get_pending_count_structure" time="0.256" /><testcase classname="tests.test_reflect_feature.TestReflectAPI" name="test_get_game_moments_status" time="0.212"><skipped type="pytest.skip" message="No games available for moments test">/app/backend/tests/test_reflect_feature.py:100: No games available for moments test</skipped></testcase><testcase classname="tests.test_reflect_feature.TestReflectAPI" name="test_get_game_moments_structure" time="0.196"><skipped type="pytest.skip" message="No games available for moments test">/app/backend/tests/test_reflect_feature.py:116: No games available for moments test</skipped></testcase><testcase classname="tests.test_reflect_feature.TestReflectAPI" name="test_get_game_moments_fields" time="0.202"><skipped type="pytest.skip" message="No games available for moments test">/app/backend/tests/test_reflect_feature.py:136: No games available for moments test</skipped></testcase><testcase classname="tests.test_reflect_feature.TestReflectAPI" name="test_get_game_moments_404_for_invalid_game" time="0.151" /><testcase classname="tests.test_reflect_feature.TestReflectAPI" name="test_submit_reflection_structure" time="0.209"><skipped type="pytest.skip" message="No games available for submit test">/app/backend/tests/test_reflect_feature.py:195: No games available for submit test</skipped></testcase><testcase classname="tests.test_reflect_feature.TestReflectAPI" name="test_submit_reflection_validation" time="0.156" /><testcase classname="tests.test_reflect_feature.TestReflectIntegration" name="test_pending_count_matches_games" time="0.358" /><testcase classname="tests.test_reflect_feature.TestReflectIntegration" name="test_moment_fen_is_valid_chess_position" time="0.208"><skipped type="pytest.skip" message="No games with moments available">/app/backend/tests/test_reflect_feature.py:305: No games with moments available</skipped></testcase><testcase classname="tests.test_coach_home_api.TestHomeIntelligenceAPI" name="test_home_intelligence_endpoint_returns_valid_response" time="0.164" /><testcase classname="tests.test_coach_home_api.TestHomeIntelligenceAPI" name="test_home_intelligence_with_data_returns_all_required_fields" time="0.155" /><testcase classname="tests.test_coach_home_api.TestHomeIntelligenceAPI" name="test_home_intelligence_development_phase_keys_valid" time="0.165" /><testcase classname="tests.test_coach_home_api.TestHomeIntelligenceAPI" name="test_home_intelligence_stats_include_metrics" time="0.168" /><testcase classname="tests.test_coach_home_api.TestHomeIntelligenceAPI" name="test_home_intelligence_last_game_structure" time="0.161" /><testcase classname="tests.test_coach_home_api.TestCoachFreshLossAPI" name="test_fresh_loss_endpoint_returns_valid_response" time="0.099" /><testcase classname="tests.test_coach_home_api.TestCoachFreshLossAPI" name="test_fresh_loss_when_no_loss_returns_minimal_response" time="0.101" /><testcase classname="tests.test_coach_home_api.TestCoachFreshLossAPI" name="test_fresh_loss_includes_expected_fields_when_present" time="0.110" /><testcase classname="tests.test_coach_home_api.TestCoachWeeklyProofAPI" name="test_weekly_proof_endpoint_returns_valid_response" time="0.100" /><testcase classname="tests.test_coach_home_api.TestCoachWeeklyProofAPI" name="test_weekly_proof_wins_is_non_negative_integer" time="0.100" /><testcase classname="tests.test_coach_home_api.TestCoachWeeklyProofAPI" name="test_weekly_proof_missions_completed_is_non_negative_integer" time="0.111" /><testcase classname="tests.test_coach_home_api.TestCoachWeeklyProofAPI" name="test_weekly_proof_streak_days_is_non_negative_integer" time="0.117" /><testcase classname="tests.test_coach_home_api.TestCoachWeeklyProofAPI" name="test_weekly_proof_leak_reduced_is_string_or_null" time="0.111" /><testcase classname="tests.test_coach_home_api.TestMissionsTodayAPI" name="test_missions_today_endpoint_returns_valid_response" time="0.107" /><testcase classname="tests.test_coach_home_api.TestMissionsTodayAPI" name="test_missions_today_includes_expected_fields" time="0.101" /><testcase classname="tests.test_coach_home_api.TestMissionsTodayAPI" name="test_missions_today_micro_protocol_is_list" time="0.101" /><testcase classname="tests.test_coach_home_api.TestMissionsTodayAPI" name="test_missions_today_goal_has_target" time="0.106" /></testsuite></testsuites>