<?xml version="1.0" encoding="utf-8"?><testsuites name="pytest tests"><testsuite name="pytest" errors="0" failures="0" skipped="0" tests="31" time="3.467" timestamp="2026-03-15T05:29:46.450624+00:00" hostname="agent-env-141e2a55-1df9-4d7d-bce8-155cefd60464"><testcase classname="tests.test_chess_brain.TestDetectorRegistry" name="test_registry_initialization" time="0.000" /><testcase classname="tests.test_chess_brain.TestDetectorRegistry" name="test_hanging_piece_detection" time="0.001" /><testcase classname="tests.test_chess_brain.TestDetectorRegistry" name="test_time_trouble_detection" time="0.001" /><testcase classname="tests.test_chess_brain.TestLessonSelectionEngine" name="test_score_calculation" time="0.000" /><testcase classname="tests.test_chess_brain.TestLessonSelectionEngine" name="test_priority_multiplier" time="0.000" /><testcase classname="tests.test_chess_brain.TestChessBrain" name="test_excellent_move" time="0.001" /><testcase classname="tests.test_chess_brain.TestChessBrain" name="test_blunder_detection" time="0.001" /><testcase classname="tests.test_chess_brain.TestChessBrain" name="test_output_format" time="0.001" /><testcase classname="tests.test_chess_brain.TestLessonMemory" name="test_freshness_decay" time="0.000" /><testcase classname="tests.test_chess_brain.TestLessonMemory" name="test_can_teach_check" time="0.000" /><testcase classname="tests.test_chess_brain_integration.TestChessBrainDetectorRegistry" name="test_detector_counts" time="0.000" /><testcase classname="tests.test_chess_brain_integration.TestChessBrainDetectorRegistry" name="test_tactical_detector_names" time="0.000" /><testcase classname="tests.test_chess_brain_integration.TestChessBrainDetectorRegistry" name="test_strategic_detector_names" time="0.000" /><testcase classname="tests.test_chess_brain_integration.TestChessBrainDetectorRegistry" name="test_behavioral_detector_names" time="0.000" /><testcase classname="tests.test_chess_brain_integration.TestLessonSelectionEngine" name="test_lesson_candidate_score_calculation" time="0.000" /><testcase classname="tests.test_chess_brain_integration.TestLessonSelectionEngine" name="test_freshness_affects_score" time="0.000" /><testcase classname="tests.test_chess_brain_integration.TestChessBrainAnalysis" name="test_excellent_move_classification" time="0.001" /><testcase classname="tests.test_chess_brain_integration.TestChessBrainAnalysis" name="test_blunder_classification" time="0.001" /><testcase classname="tests.test_chess_brain_integration.TestChessBrainAnalysis" name="test_output_has_required_fields" time="0.001" /><testcase classname="tests.test_chess_brain_integration.TestTeachingModeAssignment" name="test_mistake_gets_correction_mode" time="0.001" /><testcase classname="tests.test_chess_brain_integration.TestTeachingModeAssignment" name="test_good_move_gets_appropriate_teaching_mode" time="0.001" /><testcase classname="tests.test_chess_brain_integration.TestLessonMemory" name="test_can_teach_initially" time="0.000" /><testcase classname="tests.test_chess_brain_integration.TestLessonMemory" name="test_anti_spam_after_teaching" time="0.000" /><testcase classname="tests.test_chess_brain_integration.TestLessonMemory" name="test_freshness_score_decay" time="0.000" /><testcase classname="tests.test_chess_brain_integration.TestChessBrainIntegration" name="test_get_chess_brain_feedback_success" time="0.001" /><testcase classname="tests.test_chess_brain_integration.TestChessBrainIntegration" name="test_get_chess_brain_feedback_blunder" time="0.001" /><testcase classname="tests.test_chess_brain_integration.TestAPIPlayWithCoachFlow" name="test_start_session_returns_session_id" time="0.448" /><testcase classname="tests.test_chess_brain_integration.TestAPIPlayWithCoachFlow" name="test_make_move_returns_expected_fields" time="0.439" /><testcase classname="tests.test_chess_brain_integration.TestAPIPlayWithCoachFlow" name="test_full_play_flow_with_feedback" time="2.492" /><testcase classname="tests.test_chess_brain_integration.TestChessBrainEnums" name="test_teaching_mode_values" time="0.000" /><testcase classname="tests.test_chess_brain_integration.TestChessBrainEnums" name="test_move_quality_values" time="0.000" /></testsuite></testsuites>