<?xml version="1.0" encoding="utf-8"?><testsuites name="pytest tests"><testsuite name="pytest" errors="0" failures="0" skipped="0" tests="28" time="33.170" timestamp="2026-03-14T18:41:33.510759+00:00" hostname="agent-env-a4c85871-21ad-42a2-bf25-70d69d192982"><testcase classname="backend.tests.test_coach_play_api.TestCoachPlayStart" name="test_start_session_as_white" time="2.693" /><testcase classname="backend.tests.test_coach_play_api.TestCoachPlayStart" name="test_start_session_as_black" time="0.688" /><testcase classname="backend.tests.test_coach_play_api.TestCoachPlayStart" name="test_start_session_invalid_color" time="0.169" /><testcase classname="backend.tests.test_coach_play_api.TestCoachPlayStart" name="test_start_session_different_time_controls" time="1.245" /><testcase classname="backend.tests.test_coach_play_api.TestCoachPlayMove" name="test_make_valid_move_e4" time="0.556" /><testcase classname="backend.tests.test_coach_play_api.TestCoachPlayMove" name="test_make_valid_move_sequence" time="5.131" /><testcase classname="backend.tests.test_coach_play_api.TestCoachPlayMove" name="test_make_invalid_move" time="0.561" /><testcase classname="backend.tests.test_coach_play_api.TestCoachPlayMove" name="test_make_illegal_move" time="0.541" /><testcase classname="backend.tests.test_coach_play_api.TestCoachPlayMove" name="test_move_without_session_id" time="0.152" /><testcase classname="backend.tests.test_coach_play_api.TestCoachPlayMove" name="test_move_invalid_session" time="0.177" /><testcase classname="backend.tests.test_coach_play_api.TestCoachPlayState" name="test_get_session_state" time="0.736" /><testcase classname="backend.tests.test_coach_play_api.TestCoachPlayState" name="test_get_nonexistent_session" time="0.172" /><testcase classname="backend.tests.test_coach_play_api.TestCoachPlayEnd" name="test_resign_session" time="0.481" /><testcase classname="backend.tests.test_coach_play_api.TestCoachPlayEnd" name="test_end_nonexistent_session" time="0.173" /><testcase classname="backend.tests.test_coach_play_api.TestCoachPlayEnd" name="test_cannot_end_already_ended_session" time="0.565" /><testcase classname="backend.tests.test_coach_play_api.TestCoachPlayActiveSessions" name="test_get_active_sessions_empty" time="0.162" /><testcase classname="backend.tests.test_coach_play_api.TestCoachPlayActiveSessions" name="test_get_active_sessions_with_one_active" time="0.522" /><testcase classname="backend.tests.test_coach_play_api.TestCoachPlayHistory" name="test_get_history" time="0.554" /><testcase classname="backend.tests.test_coach_play_api.TestCoachPlayHistory" name="test_history_limit_param" time="0.185" /><testcase classname="backend.tests.test_trigger_coach_move.TestTriggerCoachMoveEndpoint" name="test_trigger_when_player_turn_returns_your_turn_message" time="0.526" /><testcase classname="backend.tests.test_trigger_coach_move.TestTriggerCoachMoveEndpoint" name="test_trigger_after_player_move_coach_responds" time="0.992" /><testcase classname="backend.tests.test_trigger_coach_move.TestTriggerCoachMoveEndpoint" name="test_trigger_without_session_id_returns_400" time="0.156" /><testcase classname="backend.tests.test_trigger_coach_move.TestTriggerCoachMoveEndpoint" name="test_trigger_with_nonexistent_session_returns_404" time="0.171" /><testcase classname="backend.tests.test_trigger_coach_move.TestTriggerCoachMoveEndpoint" name="test_trigger_on_inactive_session_returns_error" time="0.516" /><testcase classname="backend.tests.test_trigger_coach_move.TestTriggerCoachMoveEndpoint" name="test_trigger_returns_valid_fen_and_san_move" time="1.035" /><testcase classname="backend.tests.test_trigger_coach_move.TestTriggerCoachMoveEndpoint" name="test_multiple_trigger_calls_idempotent" time="1.388" /><testcase classname="backend.tests.test_trigger_coach_move.TestTriggerCoachMoveEndpoint" name="test_trigger_updates_move_history" time="10.933" /><testcase classname="backend.tests.test_trigger_coach_move.TestTriggerCoachMoveAsBlack" name="test_trigger_as_black_when_coach_turn" time="1.911" /></testsuite></testsuites>