<?xml version="1.0" encoding="utf-8"?><testsuites name="pytest tests"><testsuite name="pytest" errors="0" failures="0" skipped="0" tests="22" time="2.521" timestamp="2026-03-02T12:10:36.273563+00:00" hostname="agent-env-2c53ae69-7c42-48b5-9745-f024e71a7e34"><testcase classname="tests.test_coach_state_maturity.TestCoachStateAPI" name="test_get_coach_state_dev_user" time="0.141" /><testcase classname="tests.test_coach_state_maturity.TestCoachStateAPI" name="test_coach_state_has_theme_and_rules" time="0.115" /><testcase classname="tests.test_coach_state_maturity.TestBehavioralMaturityAPI" name="test_get_maturity_level" time="0.105" /><testcase classname="tests.test_coach_state_maturity.TestBehavioralMaturityAPI" name="test_maturity_metrics_structure" time="0.117" /><testcase classname="tests.test_coach_state_maturity.TestBehavioralMaturityAPI" name="test_update_maturity" time="0.106" /><testcase classname="tests.test_coach_state_maturity.TestBehavioralMaturityAPI" name="test_adapt_message" time="0.108" /><testcase classname="tests.test_coach_state_maturity.TestThemeStats" name="test_get_theme_stats" time="0.101" /><testcase classname="tests.test_coach_state_maturity.TestCoachAnalytics" name="test_get_analytics_summary" time="0.104" /><testcase classname="tests.test_coach_state_maturity.TestCoachAnalytics" name="test_get_theme_switches" time="0.110" /><testcase classname="tests.test_coach_state_maturity.TestCoachAnalytics" name="test_get_maturity_progression" time="0.111" /><testcase classname="tests.test_coach_state_maturity.TestDeepSession" name="test_check_deep_session_trigger" time="0.109" /><testcase classname="tests.test_coach_state_maturity.TestDeepSession" name="test_start_deep_session" time="0.118" /><testcase classname="tests.test_coach_state_maturity.TestDeepSession" name="test_deep_session_complete_flow" time="0.774" /><testcase classname="tests.test_coach_state_maturity.TestDeepSession" name="test_improvement_check_after_session" time="0.107" /><testcase classname="tests.test_coach_state_maturity.TestGameCoachSummary" name="test_get_latest_game_summary" time="0.114" /><testcase classname="tests.test_coach_state_maturity.TestSeededUserMaturity" name="test_novice_nina_maturity" time="0.077" /><testcase classname="tests.test_coach_state_maturity.TestSeededUserMaturity" name="test_steady_sam_maturity" time="0.004" /><testcase classname="tests.test_coach_state_maturity.TestSeededUserMaturity" name="test_disciplined_dana_maturity" time="0.006" /><testcase classname="tests.test_coach_state_maturity.TestSeededUserMaturity" name="test_seeded_games_exist" time="0.006" /><testcase classname="tests.test_coach_state_maturity.TestSeededUserMaturity" name="test_seeded_coach_summaries_exist" time="0.006" /><testcase classname="tests.test_coach_state_maturity.TestAnalysisWorkerNotStuck" name="test_analysis_queue_not_stuck" time="0.006" /><testcase classname="tests.test_coach_state_maturity.TestAnalysisWorkerNotStuck" name="test_analysis_queue_pending_reasonable" time="0.005" /></testsuite></testsuites>