<?xml version="1.0" encoding="utf-8"?><testsuites name="pytest tests"><testsuite name="pytest" errors="0" failures="0" skipped="0" tests="14" time="133.148" timestamp="2026-03-06T06:58:36.338220+00:00" hostname="agent-env-c1eb0af4-8df8-47b7-9a86-6421e8b02e37"><testcase classname="backend.tests.test_coach_chat_hallucinations.TestCoachChatNoHallucinations" name="test_chat_returns_success" time="12.519" /><testcase classname="backend.tests.test_coach_chat_hallucinations.TestCoachChatNoHallucinations" name="test_chat_gives_position_specific_advice" time="12.471" /><testcase classname="backend.tests.test_coach_chat_hallucinations.TestCoachChatNoHallucinations" name="test_chat_analyzes_move_quality_correctly" time="18.379" /><testcase classname="backend.tests.test_coach_chat_hallucinations.TestCoachChatNoHallucinations" name="test_chat_provides_best_move_suggestion" time="16.501" /><testcase classname="backend.tests.test_coach_chat_hallucinations.TestCoachChatNoHallucinations" name="test_chat_no_false_opening_claims" time="9.057" /><testcase classname="backend.tests.test_coach_chat_hallucinations.TestCoachChatNoHallucinations" name="test_chat_suggestion_arrow_when_better_move_exists" time="19.642" /><testcase classname="backend.tests.test_coach_chat_hallucinations.TestCoachChatMoveDetection" name="test_detects_i_played_pattern" time="13.420" /><testcase classname="backend.tests.test_coach_chat_hallucinations.TestCoachChatMoveDetection" name="test_detects_was_my_move_pattern" time="13.157" /><testcase classname="backend.tests.test_coach_chat_hallucinations.TestCoachChatMoveDetection" name="test_detects_why_did_i_pattern" time="13.909" /><testcase classname="backend.tests.test_coach_chat_hallucinations.TestCoachChatMessageIds" name="test_messages_have_ids" time="2.563" /><testcase classname="backend.tests.test_coach_chat_hallucinations.TestCoachChatMessageIds" name="test_messages_endpoint_structure" time="0.482" /><testcase classname="backend.tests.test_coach_chat_hallucinations.TestCoachChatRequired" name="test_requires_session_id" time="0.156" /><testcase classname="backend.tests.test_coach_chat_hallucinations.TestCoachChatRequired" name="test_requires_message" time="0.479" /><testcase classname="backend.tests.test_coach_chat_hallucinations.TestCoachChatRequired" name="test_invalid_session_returns_404" time="0.372" /></testsuite></testsuites>