<?xml version="1.0" encoding="utf-8"?><testsuites name="pytest tests"><testsuite name="pytest" errors="0" failures="0" skipped="0" tests="32" time="4.991" timestamp="2026-03-05T15:02:09.635679+00:00" hostname="agent-env-55e33aa9-8fe9-416f-ae03-570b6e24aef3"><testcase classname="backend.tests.test_home_intelligence_v2.TestHomeIntelligenceV2SpecificPatterns" name="test_home_intelligence_includes_specific_patterns_field" time="0.211" /><testcase classname="backend.tests.test_home_intelligence_v2.TestHomeIntelligenceV2SpecificPatterns" name="test_specific_patterns_structure_when_has_pattern" time="0.160" /><testcase classname="backend.tests.test_home_intelligence_v2.TestHomeIntelligenceV2SpecificPatterns" name="test_specific_patterns_has_all_patterns_dict" time="0.164" /><testcase classname="backend.tests.test_home_intelligence_v2.TestHomeIntelligenceV2SpecificPatterns" name="test_specific_patterns_valid_dominant_patterns" time="0.154" /><testcase classname="backend.tests.test_home_intelligence_v2.TestHomeIntelligenceV2ProgressTrend" name="test_home_intelligence_includes_progress_trend_field" time="0.160" /><testcase classname="backend.tests.test_home_intelligence_v2.TestHomeIntelligenceV2ProgressTrend" name="test_progress_trend_structure_when_has_trend" time="0.153" /><testcase classname="backend.tests.test_home_intelligence_v2.TestHomeIntelligenceV2ProgressTrend" name="test_progress_trend_message_is_human_readable" time="0.186" /><testcase classname="backend.tests.test_home_intelligence_v2.TestHomeIntelligenceV2ProgressTrend" name="test_progress_trend_includes_blunder_averages" time="0.167" /><testcase classname="backend.tests.test_home_intelligence_v2.TestHomeIntelligenceV2LastSession" name="test_home_intelligence_includes_last_session_field" time="0.167" /><testcase classname="backend.tests.test_home_intelligence_v2.TestHomeIntelligenceV2LastSession" name="test_last_session_structure_when_has_session" time="0.156" /><testcase classname="backend.tests.test_home_intelligence_v2.TestHomeIntelligenceV2GamesNeedingReflection" name="test_games_needing_reflection_structure" time="0.190" /><testcase classname="backend.tests.test_home_intelligence_v2.TestHomeIntelligenceV2GamesNeedingReflection" name="test_games_needing_reflection_includes_blunder_count" time="0.153" /><testcase classname="backend.tests.test_home_intelligence_v2.TestHomeIntelligenceV2GamesNeedingReflection" name="test_clean_win_detection" time="0.190" /><testcase classname="backend.tests.test_home_intelligence_v2.TestHomeIntelligenceV2Integration" name="test_all_v2_fields_present_when_has_data" time="0.178" /><testcase classname="backend.tests.test_home_intelligence_v2.TestHomeIntelligenceV2Integration" name="test_response_structure_complete" time="0.196" /><testcase classname="backend.tests.test_coach_home_api.TestHomeIntelligenceAPI" name="test_home_intelligence_endpoint_returns_valid_response" time="0.149" /><testcase classname="backend.tests.test_coach_home_api.TestHomeIntelligenceAPI" name="test_home_intelligence_with_data_returns_all_required_fields" time="0.207" /><testcase classname="backend.tests.test_coach_home_api.TestHomeIntelligenceAPI" name="test_home_intelligence_development_phase_keys_valid" time="0.180" /><testcase classname="backend.tests.test_coach_home_api.TestHomeIntelligenceAPI" name="test_home_intelligence_stats_include_metrics" time="0.164" /><testcase classname="backend.tests.test_coach_home_api.TestHomeIntelligenceAPI" name="test_home_intelligence_last_game_structure" time="0.184" /><testcase classname="backend.tests.test_coach_home_api.TestCoachFreshLossAPI" name="test_fresh_loss_endpoint_returns_valid_response" time="0.129" /><testcase classname="backend.tests.test_coach_home_api.TestCoachFreshLossAPI" name="test_fresh_loss_when_no_loss_returns_minimal_response" time="0.139" /><testcase classname="backend.tests.test_coach_home_api.TestCoachFreshLossAPI" name="test_fresh_loss_includes_expected_fields_when_present" time="0.112" /><testcase classname="backend.tests.test_coach_home_api.TestCoachWeeklyProofAPI" name="test_weekly_proof_endpoint_returns_valid_response" time="0.164" /><testcase classname="backend.tests.test_coach_home_api.TestCoachWeeklyProofAPI" name="test_weekly_proof_wins_is_non_negative_integer" time="0.120" /><testcase classname="backend.tests.test_coach_home_api.TestCoachWeeklyProofAPI" name="test_weekly_proof_missions_completed_is_non_negative_integer" time="0.114" /><testcase classname="backend.tests.test_coach_home_api.TestCoachWeeklyProofAPI" name="test_weekly_proof_streak_days_is_non_negative_integer" time="0.113" /><testcase classname="backend.tests.test_coach_home_api.TestCoachWeeklyProofAPI" name="test_weekly_proof_leak_reduced_is_string_or_null" time="0.108" /><testcase classname="backend.tests.test_coach_home_api.TestMissionsTodayAPI" name="test_missions_today_endpoint_returns_valid_response" time="0.125" /><testcase classname="backend.tests.test_coach_home_api.TestMissionsTodayAPI" name="test_missions_today_includes_expected_fields" time="0.113" /><testcase classname="backend.tests.test_coach_home_api.TestMissionsTodayAPI" name="test_missions_today_micro_protocol_is_list" time="0.104" /><testcase classname="backend.tests.test_coach_home_api.TestMissionsTodayAPI" name="test_missions_today_goal_has_target" time="0.138" /></testsuite></testsuites>