<?xml version="1.0" encoding="utf-8"?><testsuites name="pytest tests"><testsuite name="pytest" errors="0" failures="0" skipped="0" tests="28" time="29.765" timestamp="2026-03-14T19:02:59.692537+00:00" hostname="agent-env-a4c85871-21ad-42a2-bf25-70d69d192982"><testcase classname="backend.tests.test_coach_play_api.TestCoachPlayStart" name="test_start_session_as_white" time="0.477" /><testcase classname="backend.tests.test_coach_play_api.TestCoachPlayStart" name="test_start_session_as_black" time="0.661" /><testcase classname="backend.tests.test_coach_play_api.TestCoachPlayStart" name="test_start_session_invalid_color" time="0.169" /><testcase classname="backend.tests.test_coach_play_api.TestCoachPlayStart" name="test_start_session_different_time_controls" time="1.334" /><testcase classname="backend.tests.test_coach_play_api.TestCoachPlayMove" name="test_make_valid_move_e4" time="0.587" /><testcase classname="backend.tests.test_coach_play_api.TestCoachPlayMove" name="test_make_valid_move_sequence" time="5.273" /><testcase classname="backend.tests.test_coach_play_api.TestCoachPlayMove" name="test_make_invalid_move" time="0.545" /><testcase classname="backend.tests.test_coach_play_api.TestCoachPlayMove" name="test_make_illegal_move" time="0.548" /><testcase classname="backend.tests.test_coach_play_api.TestCoachPlayMove" name="test_move_without_session_id" time="0.207" /><testcase classname="backend.tests.test_coach_play_api.TestCoachPlayMove" name="test_move_invalid_session" time="0.163" /><testcase classname="backend.tests.test_coach_play_api.TestCoachPlayState" name="test_get_session_state" time="0.780" /><testcase classname="backend.tests.test_coach_play_api.TestCoachPlayState" name="test_get_nonexistent_session" time="0.184" /><testcase classname="backend.tests.test_coach_play_api.TestCoachPlayEnd" name="test_resign_session" time="0.476" /><testcase classname="backend.tests.test_coach_play_api.TestCoachPlayEnd" name="test_end_nonexistent_session" time="0.186" /><testcase classname="backend.tests.test_coach_play_api.TestCoachPlayEnd" name="test_cannot_end_already_ended_session" time="0.540" /><testcase classname="backend.tests.test_coach_play_api.TestCoachPlayActiveSessions" name="test_get_active_sessions_empty" time="0.188" /><testcase classname="backend.tests.test_coach_play_api.TestCoachPlayActiveSessions" name="test_get_active_sessions_with_one_active" time="0.569" /><testcase classname="backend.tests.test_coach_play_api.TestCoachPlayHistory" name="test_get_history" time="0.554" /><testcase classname="backend.tests.test_coach_play_api.TestCoachPlayHistory" name="test_history_limit_param" time="0.213" /><testcase classname="backend.tests.test_trigger_coach_move.TestTriggerCoachMoveEndpoint" name="test_trigger_when_player_turn_returns_your_turn_message" time="0.560" /><testcase classname="backend.tests.test_trigger_coach_move.TestTriggerCoachMoveEndpoint" name="test_trigger_after_player_move_coach_responds" time="0.900" /><testcase classname="backend.tests.test_trigger_coach_move.TestTriggerCoachMoveEndpoint" name="test_trigger_without_session_id_returns_400" time="0.177" /><testcase classname="backend.tests.test_trigger_coach_move.TestTriggerCoachMoveEndpoint" name="test_trigger_with_nonexistent_session_returns_404" time="0.170" /><testcase classname="backend.tests.test_trigger_coach_move.TestTriggerCoachMoveEndpoint" name="test_trigger_on_inactive_session_returns_error" time="0.526" /><testcase classname="backend.tests.test_trigger_coach_move.TestTriggerCoachMoveEndpoint" name="test_trigger_returns_valid_fen_and_san_move" time="1.041" /><testcase classname="backend.tests.test_trigger_coach_move.TestTriggerCoachMoveEndpoint" name="test_multiple_trigger_calls_idempotent" time="1.718" /><testcase classname="backend.tests.test_trigger_coach_move.TestTriggerCoachMoveEndpoint" name="test_trigger_updates_move_history" time="9.381" /><testcase classname="backend.tests.test_trigger_coach_move.TestTriggerCoachMoveAsBlack" name="test_trigger_as_black_when_coach_turn" time="1.549" /></testsuite></testsuites>