<?xml version="1.0" encoding="utf-8"?><testsuites name="pytest tests"><testsuite name="pytest" errors="0" failures="0" skipped="0" tests="22" time="5.186" timestamp="2026-03-09T16:07:56.502978+00:00" hostname="agent-env-fa510c5c-4716-446f-a984-a78d3082a2ee"><testcase classname="tests.test_coach_memory_api.TestCoachMemoryAPI" name="test_coach_memory_endpoint_returns_200" time="0.236" /><testcase classname="tests.test_coach_memory_api.TestCoachMemoryAPI" name="test_coach_memory_returns_greeting" time="0.172" /><testcase classname="tests.test_coach_memory_api.TestCoachMemoryAPI" name="test_coach_memory_returns_context" time="0.192" /><testcase classname="tests.test_coach_memory_api.TestCoachMemoryAPI" name="test_coach_memory_context_has_games_played" time="0.180" /><testcase classname="tests.test_coach_memory_api.TestCoachMemoryAPI" name="test_coach_memory_context_has_avg_accuracy" time="0.205" /><testcase classname="tests.test_coach_memory_api.TestCoachMemoryAPI" name="test_coach_memory_context_has_watch_for" time="0.176" /><testcase classname="tests.test_coach_memory_api.TestCoachMemoryAPI" name="test_coach_memory_watch_for_pattern_structure" time="0.188" /><testcase classname="tests.test_coach_memory_api.TestCoachMemoryAPI" name="test_coach_memory_context_has_focus_suggestion" time="0.179" /><testcase classname="tests.test_coach_memory_api.TestCoachMemoryAPI" name="test_coach_memory_context_has_last_game_insights" time="0.171" /><testcase classname="tests.test_coach_memory_api.TestCoachMemoryAPI" name="test_coach_memory_context_has_openings_known" time="0.176" /><testcase classname="tests.test_coach_memory_api.TestCoachMemoryAPI" name="test_coach_memory_context_has_improving_flag" time="0.169" /><testcase classname="tests.test_coach_memory_api.TestCoachMemoryAPI" name="test_coach_memory_returns_valid_response_unauthenticated" time="0.111" /><testcase classname="tests.test_coach_memory_api.TestCoachMemoryUpdateAPI" name="test_memory_update_returns_success" time="0.163" /><testcase classname="tests.test_coach_memory_api.TestCoachMemoryRealData" name="test_games_played_is_realistic" time="0.237" /><testcase classname="tests.test_coach_memory_api.TestCoachMemoryRealData" name="test_openings_known_from_real_progress" time="0.215" /><testcase classname="tests.test_coach_memory_api.TestCoachMemoryRealData" name="test_watch_for_shows_real_patterns" time="0.182" /><testcase classname="tests.test_opening_teaching_integration.TestOpeningTeachingIntegration" name="test_start_lesson_includes_user_plays_white_flag" time="1.011" /><testcase classname="tests.test_opening_teaching_integration.TestOpeningTeachingIntegration" name="test_opening_teach_start_returns_first_instruction" time="0.197" /><testcase classname="tests.test_opening_teaching_integration.TestOpeningTeachingIntegration" name="test_opening_teach_next_move_has_move_info" time="0.189" /><testcase classname="tests.test_opening_teaching_integration.TestOpeningTeachingMoveAssignment" name="test_main_line_teaching_returns_moves" time="0.200" /><testcase classname="tests.test_opening_teaching_integration.TestOpeningTeachingMoveAssignment" name="test_trap_teaching_has_trap_name" time="0.302" /><testcase classname="tests.test_opening_teaching_integration.TestOpeningDetection" name="test_opening_teach_start_endpoint_exists" time="0.267" /></testsuite></testsuites>