<?xml version="1.0" encoding="utf-8"?><testsuites name="pytest tests"><testsuite name="pytest" errors="0" failures="0" skipped="0" tests="13" time="2.587" timestamp="2026-03-09T15:43:08.008328+00:00" hostname="agent-env-fa510c5c-4716-446f-a984-a78d3082a2ee"><testcase classname="tests.test_coach_memory_api.TestCoachMemoryAPI" name="test_coach_memory_endpoint_returns_200" time="0.286" /><testcase classname="tests.test_coach_memory_api.TestCoachMemoryAPI" name="test_coach_memory_returns_greeting" time="0.190" /><testcase classname="tests.test_coach_memory_api.TestCoachMemoryAPI" name="test_coach_memory_returns_context" time="0.192" /><testcase classname="tests.test_coach_memory_api.TestCoachMemoryAPI" name="test_coach_memory_context_has_games_played" time="0.219" /><testcase classname="tests.test_coach_memory_api.TestCoachMemoryAPI" name="test_coach_memory_context_has_avg_accuracy" time="0.190" /><testcase classname="tests.test_coach_memory_api.TestCoachMemoryAPI" name="test_coach_memory_context_has_watch_for" time="0.154" /><testcase classname="tests.test_coach_memory_api.TestCoachMemoryAPI" name="test_coach_memory_watch_for_pattern_structure" time="0.198" /><testcase classname="tests.test_coach_memory_api.TestCoachMemoryAPI" name="test_coach_memory_context_has_focus_suggestion" time="0.272" /><testcase classname="tests.test_coach_memory_api.TestCoachMemoryAPI" name="test_coach_memory_context_has_last_game_insights" time="0.177" /><testcase classname="tests.test_coach_memory_api.TestCoachMemoryAPI" name="test_coach_memory_context_has_openings_known" time="0.182" /><testcase classname="tests.test_coach_memory_api.TestCoachMemoryAPI" name="test_coach_memory_context_has_improving_flag" time="0.166" /><testcase classname="tests.test_coach_memory_api.TestCoachMemoryAPI" name="test_coach_memory_returns_valid_response_unauthenticated" time="0.140" /><testcase classname="tests.test_coach_memory_api.TestCoachMemoryUpdateAPI" name="test_memory_update_returns_success" time="0.175" /></testsuite></testsuites>