<?xml version="1.0" encoding="utf-8"?><testsuites name="pytest tests"><testsuite name="pytest" errors="0" failures="0" skipped="3" tests="39" time="4.247" timestamp="2026-02-25T09:20:17.704234+00:00" hostname="agent-env-2c07ea15-aa3d-4275-b93c-b4f641534743"><testcase classname="backend.tests.test_cognitive_gap_intelligence.TestCognitiveGapSummary" name="test_get_summary_returns_valid_response" time="0.216" /><testcase classname="backend.tests.test_cognitive_gap_intelligence.TestCognitiveGapProgress" name="test_get_progress_default_weeks" time="0.105" /><testcase classname="backend.tests.test_cognitive_gap_intelligence.TestCognitiveGapProgress" name="test_get_progress_custom_weeks" time="0.099" /><testcase classname="backend.tests.test_cognitive_gap_intelligence.TestCognitiveGapProgress" name="test_progress_gap_structure" time="0.109" /><testcase classname="backend.tests.test_cognitive_gap_intelligence.TestRecurringPatterns" name="test_get_recurring_patterns" time="0.109" /><testcase classname="backend.tests.test_cognitive_gap_intelligence.TestRecurringPatterns" name="test_recurring_patterns_with_min_occurrences" time="0.102" /><testcase classname="backend.tests.test_cognitive_gap_intelligence.TestPlanQuality" name="test_get_plan_quality_analysis" time="0.098" /><testcase classname="backend.tests.test_cognitive_gap_intelligence.TestDrillsRecommended" name="test_get_recommended_drills" time="0.094" /><testcase classname="backend.tests.test_cognitive_gap_intelligence.TestDrillsFromGap" name="test_get_drills_for_calculation_depth" time="0.108" /><testcase classname="backend.tests.test_cognitive_gap_intelligence.TestDrillsFromGap" name="test_get_drills_for_threat_blindness" time="0.110" /><testcase classname="backend.tests.test_cognitive_gap_intelligence.TestDrillsFromGap" name="test_get_drills_for_positional_misread" time="0.102" /><testcase classname="backend.tests.test_cognitive_gap_intelligence.TestDrillsFromGap" name="test_get_drills_invalid_gap_type" time="0.099" /><testcase classname="backend.tests.test_cognitive_gap_intelligence.TestDrillsFromGap" name="test_get_drills_with_count_param" time="0.102" /><testcase classname="backend.tests.test_cognitive_gap_intelligence.TestSyncTraining" name="test_sync_training" time="0.107" /><testcase classname="backend.tests.test_cognitive_gap_intelligence.TestAllKnownGapTypes" name="test_valid_gap_types_return_200[calculation_depth]" time="0.116" /><testcase classname="backend.tests.test_cognitive_gap_intelligence.TestAllKnownGapTypes" name="test_valid_gap_types_return_200[calculation_error]" time="0.102" /><testcase classname="backend.tests.test_cognitive_gap_intelligence.TestAllKnownGapTypes" name="test_valid_gap_types_return_200[threat_blindness]" time="0.100" /><testcase classname="backend.tests.test_cognitive_gap_intelligence.TestAllKnownGapTypes" name="test_valid_gap_types_return_200[hanging_piece_blindness]" time="0.106" /><testcase classname="backend.tests.test_cognitive_gap_intelligence.TestAllKnownGapTypes" name="test_valid_gap_types_return_200[check_blindness]" time="0.119" /><testcase classname="backend.tests.test_cognitive_gap_intelligence.TestAllKnownGapTypes" name="test_valid_gap_types_return_200[tactical_oversight]" time="0.096" /><testcase classname="backend.tests.test_cognitive_gap_intelligence.TestAllKnownGapTypes" name="test_valid_gap_types_return_200[missed_fork]" time="0.110" /><testcase classname="backend.tests.test_cognitive_gap_intelligence.TestAllKnownGapTypes" name="test_valid_gap_types_return_200[missed_pin]" time="0.121" /><testcase classname="backend.tests.test_cognitive_gap_intelligence.TestAllKnownGapTypes" name="test_valid_gap_types_return_200[missed_skewer]" time="0.097" /><testcase classname="backend.tests.test_cognitive_gap_intelligence.TestAllKnownGapTypes" name="test_valid_gap_types_return_200[missed_discovered]" time="0.114" /><testcase classname="backend.tests.test_cognitive_gap_intelligence.TestAllKnownGapTypes" name="test_valid_gap_types_return_200[back_rank_blindness]" time="0.102" /><testcase classname="backend.tests.test_cognitive_gap_intelligence.TestAllKnownGapTypes" name="test_valid_gap_types_return_200[positional_misread]" time="0.105" /><testcase classname="backend.tests.test_cognitive_gap_intelligence.TestAllKnownGapTypes" name="test_valid_gap_types_return_200[wrong_plan]" time="0.105" /><testcase classname="backend.tests.test_cognitive_gap_intelligence.TestAllKnownGapTypes" name="test_valid_gap_types_return_200[premature_action]" time="0.111" /><testcase classname="backend.tests.test_cognitive_gap_intelligence.TestAllKnownGapTypes" name="test_valid_gap_types_return_200[defensive_lapse]" time="0.097" /><testcase classname="backend.tests.test_cognitive_gap_intelligence.TestAllKnownGapTypes" name="test_valid_gap_types_return_200[king_safety_neglect]" time="0.103" /><testcase classname="backend.tests.test_cognitive_gap_intelligence.TestAllKnownGapTypes" name="test_valid_gap_types_return_200[overconfidence]" time="0.104" /><testcase classname="backend.tests.test_cognitive_gap_intelligence.TestAllKnownGapTypes" name="test_valid_gap_types_return_200[desperation]" time="0.101" /><testcase classname="backend.tests.test_cognitive_gap_intelligence.TestAllKnownGapTypes" name="test_valid_gap_types_return_200[time_pressure]" time="0.098" /><testcase classname="backend.tests.test_cognitive_gap_intelligence.TestAllKnownGapTypes" name="test_valid_gap_types_return_200[rushed_move]" time="0.099" /><testcase classname="backend.tests.test_cognitive_gap_intelligence.TestAllKnownGapTypes" name="test_valid_gap_types_return_200[pattern_unfamiliarity]" time="0.098" /><testcase classname="backend.tests.test_cognitive_gap_intelligence.TestAllKnownGapTypes" name="test_valid_gap_types_return_200[unclear]" time="0.112" /><testcase classname="backend.tests.test_cognitive_gap_intelligence.TestUnauthorizedAccess" name="test_summary_requires_auth" time="0.097"><skipped type="pytest.skip" message="Dev mode enabled - auth not enforced">/app/backend/tests/test_cognitive_gap_intelligence.py:327: Dev mode enabled - auth not enforced</skipped></testcase><testcase classname="backend.tests.test_cognitive_gap_intelligence.TestUnauthorizedAccess" name="test_progress_requires_auth" time="0.106"><skipped type="pytest.skip" message="Dev mode enabled - auth not enforced">/app/backend/tests/test_cognitive_gap_intelligence.py:333: Dev mode enabled - auth not enforced</skipped></testcase><testcase classname="backend.tests.test_cognitive_gap_intelligence.TestUnauthorizedAccess" name="test_drills_requires_auth" time="0.092"><skipped type="pytest.skip" message="Dev mode enabled - auth not enforced">/app/backend/tests/test_cognitive_gap_intelligence.py:338: Dev mode enabled - auth not enforced</skipped></testcase></testsuite></testsuites>