<?xml version="1.0" encoding="utf-8"?><testsuites name="pytest tests"><testsuite name="pytest" errors="0" failures="0" skipped="0" tests="16" time="4.543" timestamp="2026-02-25T09:00:04.109758+00:00" hostname="agent-env-2c07ea15-aa3d-4275-b93c-b4f641534743"><testcase classname="test_cognitive_gap_api.TestCognitiveGapAnalysisEndpoint" name="test_endpoint_returns_200_with_valid_input" time="0.468" /><testcase classname="test_cognitive_gap_api.TestCognitiveGapAnalysisEndpoint" name="test_response_contains_required_fields" time="0.302" /><testcase classname="test_cognitive_gap_api.TestCognitiveGapAnalysisEndpoint" name="test_gap_analysis_structure" time="0.283" /><testcase classname="test_cognitive_gap_api.TestCognitiveGapAnalysisEndpoint" name="test_valid_gap_types_returned" time="0.288" /><testcase classname="test_cognitive_gap_api.TestCognitiveGapAnalysisEndpoint" name="test_different_user_inputs_affect_analysis" time="0.338" /><testcase classname="test_cognitive_gap_api.TestCognitiveGapAnalysisEndpoint" name="test_endpoint_without_optional_params" time="0.275" /><testcase classname="test_cognitive_gap_api.TestCognitiveGapAnalysisEndpoint" name="test_endpoint_with_null_params" time="0.291" /><testcase classname="test_cognitive_gap_api.TestCognitiveGapAnalysisEndpoint" name="test_invalid_game_id_returns_404" time="0.143" /><testcase classname="test_cognitive_gap_api.TestCognitiveGapAnalysisEndpoint" name="test_invalid_move_number_returns_404" time="0.282" /><testcase classname="test_cognitive_gap_api.TestCognitiveGapAnalysisEndpoint" name="test_unauthenticated_request_handled" time="0.096" /><testcase classname="test_cognitive_gap_api.TestCognitiveGapAnalysisEndpoint" name="test_coaching_message_is_concise" time="0.282" /><testcase classname="test_cognitive_gap_api.TestCognitiveGapAnalysisEndpoint" name="test_explanation_is_human_readable" time="0.288" /><testcase classname="test_cognitive_gap_api.TestCognitiveGapAnalysisEndpoint" name="test_evidence_references_position" time="0.285" /><testcase classname="test_cognitive_gap_api.TestCognitiveGapWithDifferentMoves" name="test_analyze_blunder_move" time="0.296" /><testcase classname="test_cognitive_gap_api.TestCognitiveGapWithDifferentMoves" name="test_analyze_mistake_move" time="0.299" /><testcase classname="test_cognitive_gap_api.TestCognitiveGapIntegration" name="test_gap_analysis_integrates_with_reflection_submit" time="0.289" /></testsuite></testsuites>