<?xml version="1.0" encoding="utf-8"?><testsuites name="pytest tests"><testsuite name="pytest" errors="0" failures="0" skipped="0" tests="17" time="2.326" timestamp="2026-03-11T17:27:35.751124+00:00" hostname="agent-env-05314df6-6015-422f-b3ab-17729f4c40f6"><testcase classname="backend.tests.test_critical_moments_api.TestDeepStrategyEndpoint" name="test_deep_strategy_returns_200" time="0.166" /><testcase classname="backend.tests.test_critical_moments_api.TestDeepStrategyEndpoint" name="test_deep_strategy_returns_critical_moments" time="0.131" /><testcase classname="backend.tests.test_critical_moments_api.TestDeepStrategyEndpoint" name="test_critical_moment_has_required_fields" time="0.130" /><testcase classname="backend.tests.test_critical_moments_api.TestDeepStrategyEndpoint" name="test_critical_moment_has_position_analysis" time="0.132" /><testcase classname="backend.tests.test_critical_moments_api.TestDeepStrategyEndpoint" name="test_critical_moment_has_insight" time="0.115" /><testcase classname="backend.tests.test_critical_moments_api.TestDeepStrategyEndpoint" name="test_critical_moment_has_pv_after_best" time="0.125" /><testcase classname="backend.tests.test_critical_moments_api.TestDeepStrategyEndpoint" name="test_critical_moments_sorted_by_severity" time="0.132" /><testcase classname="backend.tests.test_critical_moments_api.TestDeepStrategyEndpoint" name="test_deep_strategy_limited_to_5_moments" time="0.115" /><testcase classname="backend.tests.test_critical_moments_api.TestDeepStrategyEndpoint" name="test_deep_strategy_has_total_mistakes_count" time="0.116" /><testcase classname="backend.tests.test_critical_moments_api.TestMomentFields" name="test_first_moment_move_34_best_is_qf4" time="0.122" /><testcase classname="backend.tests.test_critical_moments_api.TestMomentFields" name="test_moment_fen_is_valid" time="0.122" /><testcase classname="backend.tests.test_critical_moments_api.TestMomentFields" name="test_cp_loss_is_negative_or_positive_int" time="0.151" /><testcase classname="backend.tests.test_critical_moments_api.TestLabEndpoint" name="test_lab_endpoint_returns_200" time="0.176" /><testcase classname="backend.tests.test_critical_moments_api.TestLabEndpoint" name="test_lab_endpoint_has_core_lesson" time="0.160" /><testcase classname="backend.tests.test_critical_moments_api.TestLabEndpoint" name="test_lab_endpoint_has_pattern_context" time="0.169" /><testcase classname="backend.tests.test_critical_moments_api.TestErrorHandling" name="test_invalid_game_id_returns_404" time="0.111" /><testcase classname="backend.tests.test_critical_moments_api.TestErrorHandling" name="test_lab_invalid_game_id_returns_404" time="0.109" /></testsuite></testsuites>