<?xml version="1.0" encoding="utf-8"?><testsuites name="pytest tests"><testsuite name="pytest" errors="0" failures="0" skipped="0" tests="15" time="3.847" timestamp="2026-03-03T10:37:39.316812+00:00" hostname="agent-env-ad6690a5-44d8-436d-8137-4e096e1cafda"><testcase classname="backend.tests.test_focus_lock_api.TestFocusLockGetState" name="test_get_focus_lock_inactive" time="0.278" /><testcase classname="backend.tests.test_focus_lock_api.TestFocusLockGetState" name="test_get_focus_lock_active" time="0.256" /><testcase classname="backend.tests.test_focus_lock_api.TestFocusLockActivate" name="test_activate_forcing_blind" time="0.206" /><testcase classname="backend.tests.test_focus_lock_api.TestFocusLockActivate" name="test_activate_stopped_calculation_early" time="0.250" /><testcase classname="backend.tests.test_focus_lock_api.TestFocusLockActivate" name="test_activate_threat_verification" time="0.221" /><testcase classname="backend.tests.test_focus_lock_api.TestFocusLockActivate" name="test_activate_invalid_lesson_key" time="0.226" /><testcase classname="backend.tests.test_focus_lock_api.TestFocusLockActivate" name="test_activate_duplicate_rejected" time="0.259" /><testcase classname="backend.tests.test_focus_lock_api.TestFocusLockActivate" name="test_activate_default_games" time="0.216" /><testcase classname="backend.tests.test_focus_lock_api.TestFocusLockDeactivate" name="test_deactivate_active_lock" time="0.326" /><testcase classname="backend.tests.test_focus_lock_api.TestFocusLockDeactivate" name="test_deactivate_no_lock" time="0.240" /><testcase classname="backend.tests.test_focus_lock_api.TestBreakthroughSignalEndpoint" name="test_breakthrough_signal_returns_data" time="0.106" /><testcase classname="backend.tests.test_focus_lock_api.TestFocusLockStateTransitions" name="test_initial_state_is_active" time="0.266" /><testcase classname="backend.tests.test_focus_lock_api.TestFocusLockStateTransitions" name="test_compliance_color_fields" time="0.257" /><testcase classname="backend.tests.test_focus_lock_api.TestFocusLockStateTransitions" name="test_should_trigger_deep_session_field" time="0.257" /><testcase classname="backend.tests.test_focus_lock_api.TestFocusLockFullCycle" name="test_activate_verify_deactivate_cycle" time="0.443" /></testsuite></testsuites>