<?xml version="1.0" encoding="utf-8"?><testsuites name="pytest tests"><testsuite name="pytest" errors="0" failures="0" skipped="0" tests="34" time="14.413" timestamp="2026-03-02T01:16:26.232874+00:00" hostname="agent-env-880cd4c8-1e1f-4fbf-8706-4668a862e3d8"><testcase classname="tests.test_guardian_bugfixes.TestInCheckNoWarnings" name="test_in_check_no_intervention" time="0.001" /><testcase classname="tests.test_guardian_bugfixes.TestInCheckNoWarnings" name="test_in_check_from_knight" time="0.000" /><testcase classname="tests.test_guardian_bugfixes.TestInCheckNoWarnings" name="test_in_check_blocking_with_queen" time="0.000" /><testcase classname="tests.test_guardian_bugfixes.TestGoodCapturesNoWarning" name="test_bishop_takes_rook_no_warning" time="0.000" /><testcase classname="tests.test_guardian_bugfixes.TestGoodCapturesNoWarning" name="test_knight_takes_rook_no_warning" time="0.000" /><testcase classname="tests.test_guardian_bugfixes.TestGoodCapturesNoWarning" name="test_queen_takes_queen_no_warning" time="0.000" /><testcase classname="tests.test_guardian_bugfixes.TestGoodCapturesNoWarning" name="test_rook_takes_rook_no_warning" time="0.000" /><testcase classname="tests.test_guardian_bugfixes.TestBadTradesStillWarn" name="test_knight_takes_pawn_losing_knight" time="0.000" /><testcase classname="tests.test_guardian_bugfixes.TestBadTradesStillWarn" name="test_queen_takes_pawn_losing_queen" time="0.000" /><testcase classname="tests.test_guardian_bugfixes.TestDefendingThreatNoWarning" name="test_defending_attacked_piece" time="0.000" /><testcase classname="tests.test_guardian_bugfixes.TestDefendingThreatNoWarning" name="test_capturing_attacker" time="0.000" /><testcase classname="tests.test_guardian_bugfixes.TestGivingCheckNoWarning" name="test_check_move_no_hanging_warning" time="0.000" /><testcase classname="tests.test_guardian_bugfixes.TestConvenienceFunction" name="test_convenience_function_returns_dict" time="0.000" /><testcase classname="tests.test_guardian_bugfixes.TestConvenienceFunction" name="test_convenience_function_respects_interventions" time="0.000" /><testcase classname="tests.test_guardian_bugfixes.TestEdgeCases" name="test_invalid_move" time="0.000" /><testcase classname="tests.test_guardian_bugfixes.TestEdgeCases" name="test_invalid_fen" time="0.000" /><testcase classname="tests.test_guardian_bugfixes.TestEdgeCases" name="test_processing_time_tracked" time="0.000" /><testcase classname="tests.test_guardian_api.TestGuardianEvaluate" name="test_evaluate_safe_move" time="0.646" /><testcase classname="tests.test_guardian_api.TestGuardianEvaluate" name="test_evaluate_response_time_under_100ms" time="0.585" /><testcase classname="tests.test_guardian_api.TestGuardianEvaluate" name="test_evaluate_missing_session_id" time="0.189" /><testcase classname="tests.test_guardian_api.TestGuardianEvaluate" name="test_evaluate_missing_move" time="0.576" /><testcase classname="tests.test_guardian_api.TestGuardianEvaluate" name="test_evaluate_invalid_session" time="0.174" /><testcase classname="tests.test_guardian_api.TestGuardianEvaluate" name="test_evaluate_returns_intervention_fields" time="0.542" /><testcase classname="tests.test_guardian_api.TestGuardianDetection" name="test_detect_hanging_piece_queen" time="1.802" /><testcase classname="tests.test_guardian_api.TestGuardianDetection" name="test_detect_bad_material_trade" time="1.280" /><testcase classname="tests.test_guardian_api.TestGuardianConfirm" name="test_confirm_move_without_risk" time="1.963" /><testcase classname="tests.test_guardian_api.TestGuardianConfirm" name="test_confirm_move_with_risk_acknowledged" time="1.164" /><testcase classname="tests.test_guardian_api.TestGuardianConfirm" name="test_confirm_missing_session_id" time="0.196" /><testcase classname="tests.test_guardian_api.TestGuardianConfirm" name="test_confirm_missing_move" time="1.168" /><testcase classname="tests.test_guardian_api.TestGuardianConfirm" name="test_confirm_invalid_session" time="0.183" /><testcase classname="tests.test_guardian_api.TestGuardianInterventionLimit" name="test_session_starts_with_3_interventions" time="0.516" /><testcase classname="tests.test_guardian_api.TestGuardianInterventionLimit" name="test_interventions_decrement_on_override" time="2.194" /><testcase classname="tests.test_guardian_api.TestGuardianRiskTypes" name="test_risk_types_exist_in_enum" time="0.508" /><testcase classname="tests.test_guardian_api.TestGuardianRiskTypes" name="test_intervention_types_valid" time="0.540" /></testsuite></testsuites>