<?xml version="1.0" encoding="utf-8"?><testsuites name="pytest tests"><testsuite name="pytest" errors="0" failures="0" skipped="0" tests="11" time="1.859" timestamp="2026-03-05T15:34:16.539462+00:00" hostname="agent-env-55e33aa9-8fe9-416f-ae03-570b6e24aef3"><testcase classname="backend.tests.test_lab_coaching_api.TestLabAPIStructure" name="test_lab_api_returns_valid_response" time="0.373" /><testcase classname="backend.tests.test_lab_coaching_api.TestLabAPIStructure" name="test_lab_api_includes_wisdom_lessons" time="0.153" /><testcase classname="backend.tests.test_lab_coaching_api.TestLabAPIStructure" name="test_lab_api_includes_pattern_context" time="0.154" /><testcase classname="backend.tests.test_lab_coaching_api.TestLabAPIStructure" name="test_lab_api_includes_core_lesson" time="0.180" /><testcase classname="backend.tests.test_lab_coaching_api.TestHomeIntelligenceForLabIntegration" name="test_home_intelligence_returns_specific_patterns" time="0.177" /><testcase classname="backend.tests.test_lab_coaching_api.TestHomeIntelligenceForLabIntegration" name="test_home_intelligence_returns_progress_trend" time="0.159" /><testcase classname="backend.tests.test_lab_coaching_api.TestGameDataForLabFeatures" name="test_game_api_returns_result_for_loss_detection" time="0.112" /><testcase classname="backend.tests.test_lab_coaching_api.TestGameDataForLabFeatures" name="test_game_api_returns_user_color" time="0.123" /><testcase classname="backend.tests.test_lab_coaching_api.TestGameDataForLabFeatures" name="test_game_is_correctly_identified_as_loss" time="0.125" /><testcase classname="backend.tests.test_lab_coaching_api.TestAnalysisDataForMilestones" name="test_analysis_includes_move_evaluations" time="0.123" /><testcase classname="backend.tests.test_lab_coaching_api.TestAnalysisDataForMilestones" name="test_analysis_includes_blunders_and_mistakes" time="0.137" /></testsuite></testsuites>