<?xml version="1.0" encoding="utf-8"?><testsuites name="pytest tests"><testsuite name="pytest" errors="0" failures="0" skipped="0" tests="20" time="15.170" timestamp="2026-03-10T09:13:49.796143+00:00" hostname="agent-env-d26c6b0e-0c8e-42aa-96df-39b67e26fbeb"><testcase classname="tests.test_opening_progress_api.TestOpeningProgressAPI" name="test_opening_progress_returns_combined_data" time="0.234" /><testcase classname="tests.test_opening_progress_api.TestOpeningProgressAPI" name="test_opening_progress_item_structure" time="0.178" /><testcase classname="tests.test_opening_progress_api.TestOpeningProgressAPI" name="test_opening_progress_includes_loss_phase_data" time="0.174" /><testcase classname="tests.test_opening_progress_api.TestOpeningProgressAPI" name="test_needs_work_flag_logic" time="0.182" /><testcase classname="tests.test_opening_progress_api.TestOpeningProgressAPI" name="test_sorting_logic" time="0.178" /><testcase classname="tests.test_opening_progress_api.TestOpeningProgressAPI" name="test_total_counts_accurate" time="0.174" /><testcase classname="tests.test_opening_progress_api.TestLossPhaseTracking" name="test_coach_play_end_game_with_loss_phase" time="0.426" /><testcase classname="tests.test_opening_progress_api.TestLossPhaseTracking" name="test_opening_progress_dominant_loss_phase_calculation" time="0.192" /><testcase classname="tests.test_opening_progress_api.TestOpeningProgressIntegration" name="test_opening_progress_available_for_habits_tab" time="0.158" /><testcase classname="tests.test_opening_progress_api.TestOpeningProgressIntegration" name="test_mastery_level_values_are_valid" time="0.183" /><testcase classname="tests.test_opening_progress_api.TestOpeningProgressIntegration" name="test_no_duplicate_openings" time="0.175" /><testcase classname="tests.test_intelligent_opening_suggestion.TestOpeningColorMatching" name="test_white_player_gets_white_opening" time="1.055" /><testcase classname="tests.test_intelligent_opening_suggestion.TestOpeningColorMatching" name="test_black_player_gets_black_opening" time="3.356" /><testcase classname="tests.test_intelligent_opening_suggestion.TestOpeningRepetitionAvoidance" name="test_second_game_suggests_different_opening" time="1.728" /><testcase classname="tests.test_intelligent_opening_suggestion.TestOpeningPriorityScoring" name="test_session_includes_priority_based_selection" time="1.032" /><testcase classname="tests.test_intelligent_opening_suggestion.TestOpeningPriorityScoring" name="test_unknown_openings_get_higher_priority" time="1.056" /><testcase classname="tests.test_intelligent_opening_suggestion.TestOpeningGuidanceRegressions" name="test_learn_trap_button_still_works" time="0.788" /><testcase classname="tests.test_intelligent_opening_suggestion.TestOpeningGuidanceRegressions" name="test_skip_button_still_works" time="1.493" /><testcase classname="tests.test_intelligent_opening_suggestion.TestOpeningGuidanceRegressions" name="test_opening_guidance_persists_across_state_calls" time="1.359" /><testcase classname="tests.test_intelligent_opening_suggestion.TestOpeningTeachingMessage" name="test_session_has_teaching_message_in_welcome" time="0.998" /></testsuite></testsuites>