<?xml version="1.0" encoding="utf-8"?><testsuites name="pytest tests"><testsuite name="pytest" errors="0" failures="0" skipped="0" tests="21" time="6.142" timestamp="2026-03-09T14:42:12.708644+00:00" hostname="agent-env-fa510c5c-4716-446f-a984-a78d3082a2ee"><testcase classname="tests.test_postgame_memory_integration.TestPostGameAnalysisMemory" name="test_analysis_endpoint_returns_memory_section" time="0.682" /><testcase classname="tests.test_postgame_memory_integration.TestPostGameAnalysisMemory" name="test_analysis_returns_coach_summary_and_encouragement" time="0.601" /><testcase classname="tests.test_postgame_memory_integration.TestPostGameAnalysisMemory" name="test_analysis_returns_performance_rating" time="0.620" /><testcase classname="tests.test_postgame_memory_integration.TestPostGameAnalysisMemory" name="test_analysis_returns_mistakes_breakdown" time="0.597" /><testcase classname="tests.test_postgame_memory_integration.TestPostGameAnalysisMemory" name="test_analysis_returns_habits_section" time="0.646" /><testcase classname="tests.test_postgame_memory_integration.TestPostGameAnalysisMemory" name="test_analysis_returns_recommendations" time="0.610" /><testcase classname="tests.test_postgame_memory_integration.TestAnalysisWithoutSession" name="test_analysis_requires_session_id" time="0.223" /><testcase classname="tests.test_postgame_memory_integration.TestAnalysisWithoutSession" name="test_analysis_invalid_session_returns_404" time="0.185" /><testcase classname="tests.test_postgame_memory_integration.TestMemoryInsightsRecurringPatterns" name="test_memory_insight_types_are_valid" time="0.627" /><testcase classname="tests.test_postgame_memory_integration.TestCoachMemoryGamesCounter" name="test_games_together_increments_after_multiple_games" time="1.277" /><testcase classname="tests.test_memory_insights_logic.TestMemoryInsightsRecurringPatterns" name="test_recurring_pattern_shows_when_weakness_count_3" time="0.000" /><testcase classname="tests.test_memory_insights_logic.TestMemoryInsightsRecurringPatterns" name="test_recurring_pattern_shown_for_count_2_with_awareness_message" time="0.000" /><testcase classname="tests.test_memory_insights_logic.TestMemoryInsightsRecurringPatterns" name="test_recurring_pattern_with_high_count_shows_severity" time="0.000" /><testcase classname="tests.test_memory_insights_logic.TestMemoryInsightsImprovement" name="test_improvement_insight_when_known_weakness_avoided" time="0.000" /><testcase classname="tests.test_memory_insights_logic.TestMemoryInsightsImprovement" name="test_no_improvement_insight_when_not_known_weakness" time="0.000" /><testcase classname="tests.test_memory_insights_logic.TestMemoryInsightsPerformanceComparison" name="test_performance_comparison_requires_3_games" time="0.000" /><testcase classname="tests.test_memory_insights_logic.TestMemoryInsightsPerformanceComparison" name="test_performance_comparison_shows_above_level" time="0.000" /><testcase classname="tests.test_memory_insights_logic.TestMemoryInsightsFirstTime" name="test_first_time_pattern_for_new_habit_violation" time="0.000" /><testcase classname="tests.test_memory_insights_logic.TestMemoryInsightsMilestone" name="test_milestone_at_game_5" time="0.000" /><testcase classname="tests.test_memory_insights_logic.TestMemoryInsightsMilestone" name="test_no_milestone_at_arbitrary_count" time="0.000" /><testcase classname="tests.test_memory_insights_logic.TestMemoryInsightsLimits" name="test_max_5_insights_returned" time="0.000" /></testsuite></testsuites>