<?xml version="1.0" encoding="utf-8"?><testsuites name="pytest tests"><testsuite name="pytest" errors="0" failures="0" skipped="0" tests="11" time="1.701" timestamp="2026-02-13T16:29:32.417036+00:00" hostname="agent-env-7334dc1c-55f8-448a-9980-89af530d6f8c"><testcase classname="backend.tests.test_focus_items.TestFocusItemsBackend" name="test_round_preparation_returns_focus_items" time="0.149" /><testcase classname="backend.tests.test_focus_items.TestFocusItemsBackend" name="test_focus_items_have_required_fields" time="0.132" /><testcase classname="backend.tests.test_focus_items.TestFocusItemsBackend" name="test_focus_item_pattern_types" time="0.159" /><testcase classname="backend.tests.test_focus_items.TestFocusItemsBackend" name="test_focus_item_cp_loss_values" time="0.140" /><testcase classname="backend.tests.test_focus_items.TestFocusItemsBackend" name="test_focus_item_actionable_goal" time="0.140" /><testcase classname="backend.tests.test_focus_items.TestRegeneratePlanWithFocusItems" name="test_regenerate_plan_endpoint_exists" time="0.152" /><testcase classname="backend.tests.test_focus_items.TestRegeneratePlanWithFocusItems" name="test_regenerate_plan_returns_focus_items" time="0.154" /><testcase classname="backend.tests.test_focus_items.TestCoachingLoopProfile" name="test_coaching_loop_profile_exists" time="0.149" /><testcase classname="backend.tests.test_focus_items.TestFocusItemsIntegration" name="test_focus_items_from_last_game_flag" time="0.208" /><testcase classname="backend.tests.test_focus_items.TestFocusItemsIntegration" name="test_training_block_info_present" time="0.121" /><testcase classname="backend.tests.test_focus_items.TestFocusItemsIntegration" name="test_domain_cards_present" time="0.138" /></testsuite></testsuites>