<?xml version="1.0" encoding="utf-8"?><testsuites name="pytest tests"><testsuite name="pytest" errors="0" failures="0" skipped="0" tests="21" time="4.469" timestamp="2026-02-23T14:21:14.725695+00:00" hostname="agent-env-541c8ac8-4fff-4161-828a-0426dad7f832"><testcase classname="backend.tests.test_journey_3tabs.TestJourneyCognitiveAPI" name="test_journey_endpoint_returns_200" time="0.270" /><testcase classname="backend.tests.test_journey_3tabs.TestJourneyCognitiveAPI" name="test_journey_returns_activated_true" time="0.181" /><testcase classname="backend.tests.test_journey_3tabs.TestJourneyCognitiveAPI" name="test_journey_structure_has_3_tabs_and_stats" time="0.182" /><testcase classname="backend.tests.test_journey_3tabs.TestJourneyCognitiveAPI" name="test_tab_a_snapshot_has_5_items" time="0.278" /><testcase classname="backend.tests.test_journey_3tabs.TestJourneyCognitiveAPI" name="test_tab_a_decision_stability_has_band_and_meaning" time="0.199" /><testcase classname="backend.tests.test_journey_3tabs.TestJourneyCognitiveAPI" name="test_tab_a_primary_driver_has_name_key_impact" time="0.211" /><testcase classname="backend.tests.test_journey_3tabs.TestJourneyCognitiveAPI" name="test_tab_a_advantage_discipline_has_band_and_meaning" time="0.243" /><testcase classname="backend.tests.test_journey_3tabs.TestJourneyCognitiveAPI" name="test_tab_a_directive_is_plain_indian_english" time="0.198" /><testcase classname="backend.tests.test_journey_3tabs.TestJourneyCognitiveAPI" name="test_tab_b_journey_has_4_rows" time="0.182" /><testcase classname="backend.tests.test_journey_3tabs.TestJourneyCognitiveAPI" name="test_tab_b_rows_have_then_now_structure" time="0.179" /><testcase classname="backend.tests.test_journey_3tabs.TestJourneyCognitiveAPI" name="test_tab_b_has_trend_indicator" time="0.232" /><testcase classname="backend.tests.test_journey_3tabs.TestJourneyCognitiveAPI" name="test_tab_b_journey_directive" time="0.212" /><testcase classname="backend.tests.test_journey_3tabs.TestJourneyCognitiveAPI" name="test_tab_c_momentum_has_headline" time="0.172" /><testcase classname="backend.tests.test_journey_3tabs.TestJourneyCognitiveAPI" name="test_tab_c_momentum_has_shifts_structure" time="0.211" /><testcase classname="backend.tests.test_journey_3tabs.TestJourneyCognitiveAPI" name="test_tab_c_evidence_structure" time="0.161" /><testcase classname="backend.tests.test_journey_3tabs.TestJourneyCognitiveAPI" name="test_tab_c_momentum_directive" time="0.178" /><testcase classname="backend.tests.test_journey_3tabs.TestJourneyCognitiveAPI" name="test_stats_drawer_has_4_metrics" time="0.187" /><testcase classname="backend.tests.test_journey_3tabs.TestJourneyCognitiveAPI" name="test_stats_drawer_has_record" time="0.213" /><testcase classname="backend.tests.test_journey_3tabs.TestJourneyCognitiveAPI" name="test_stats_drawer_games_count" time="0.270" /><testcase classname="backend.tests.test_journey_3tabs.TestJourneyCognitiveAPI" name="test_impact_bands_not_raw_numbers" time="0.236" /><testcase classname="backend.tests.test_journey_3tabs.TestJourneyCognitiveAPI" name="test_directives_plain_indian_english" time="0.210" /></testsuite></testsuites>