<?xml version="1.0" encoding="utf-8"?><testsuites name="pytest tests"><testsuite name="pytest" errors="0" failures="0" skipped="0" tests="6" time="19.160" timestamp="2026-02-19T14:15:00.921036+00:00" hostname="agent-env-99d91318-5b5f-454b-92c0-2d41788ba2cc"><testcase classname="backend.tests.test_training_milestone_explain.TestTrainingMilestoneExplain" name="test_positional_drift_c4_vs_nfd4" time="6.254" /><testcase classname="backend.tests.test_training_milestone_explain.TestTrainingMilestoneExplain" name="test_mate_in_1_qf3_allows_qxh2_mate" time="1.817" /><testcase classname="backend.tests.test_training_milestone_explain.TestTrainingMilestoneExplain" name="test_eval_after_calculation_when_not_provided" time="5.031" /><testcase classname="backend.tests.test_training_milestone_explain.TestExplainMistakeMateDetection" name="test_explain_mistake_mate_in_1" time="1.515" /><testcase classname="backend.tests.test_training_milestone_explain.TestExplainMistakeMateDetection" name="test_explain_mistake_normal_position" time="1.333" /><testcase classname="backend.tests.test_training_milestone_explain.TestChessVerificationLayerIntegration" name="test_verification_layer_mate_detection_via_endpoint" time="3.092" /></testsuite></testsuites>