<?xml version="1.0" encoding="utf-8"?><testsuites name="pytest tests"><testsuite name="pytest" errors="0" failures="1" skipped="0" tests="10" time="1.220" timestamp="2026-02-19T10:36:45.814454+00:00" hostname="agent-env-99d91318-5b5f-454b-92c0-2d41788ba2cc"><testcase classname="backend.tests.test_reflect_and_lab.TestAuthentication" name="test_dev_login" time="0.176"><failure message="AssertionError: Unexpected status: 405&#10;assert 405 in [200, 403]&#10; +  where 405 = &lt;Response [405]&gt;.status_code">backend/tests/test_reflect_and_lab.py:25: in test_dev_login
    assert response.status_code in [200, 403], f"Unexpected status: {response.status_code}"
E   AssertionError: Unexpected status: 405
E   assert 405 in [200, 403]
E    +  where 405 = &lt;Response [405]&gt;.status_code</failure></testcase><testcase classname="backend.tests.test_reflect_and_lab.TestReflectEndpoints" name="test_get_pending_reflections" time="0.093" /><testcase classname="backend.tests.test_reflect_and_lab.TestReflectEndpoints" name="test_get_pending_count" time="0.060" /><testcase classname="backend.tests.test_reflect_and_lab.TestReflectEndpoints" name="test_game_moments_endpoint" time="0.138" /><testcase classname="backend.tests.test_reflect_and_lab.TestReflectEndpoints" name="test_contextual_tags_endpoint" time="0.051" /><testcase classname="backend.tests.test_reflect_and_lab.TestReflectEndpoints" name="test_explain_moment_endpoint" time="0.048" /><testcase classname="backend.tests.test_reflect_and_lab.TestLabEndpoints" name="test_lab_endpoint" time="0.177" /><testcase classname="backend.tests.test_reflect_and_lab.TestLabEndpoints" name="test_analysis_endpoint" time="0.115" /><testcase classname="backend.tests.test_reflect_and_lab.TestReflectionSubmission" name="test_reflection_filters_by_move_number" time="0.104" /><testcase classname="backend.tests.test_reflect_and_lab.TestLabMilestoneOrdering" name="test_analysis_move_evaluations_have_move_number" time="0.133" /></testsuite></testsuites>