<?xml version="1.0" encoding="utf-8"?><testsuites name="pytest tests"><testsuite name="pytest" errors="0" failures="0" skipped="0" tests="40" time="7.693" timestamp="2026-02-23T16:35:33.281343+00:00" hostname="agent-env-541c8ac8-4fff-4161-828a-0426dad7f832"><testcase classname="tests.test_journey_masterspec_v4.TestJourneyMasterSpecV4" name="test_journey_endpoint_returns_200" time="0.553" /><testcase classname="tests.test_journey_masterspec_v4.TestJourneyMasterSpecV4" name="test_journey_returns_activated_true" time="0.241" /><testcase classname="tests.test_journey_masterspec_v4.TestJourneyMasterSpecV4" name="test_journey_structure_has_3_tabs_and_stats" time="0.224" /><testcase classname="tests.test_journey_masterspec_v4.TestJourneyMasterSpecV4" name="test_tab_a_snapshot_has_5_items" time="0.205" /><testcase classname="tests.test_journey_masterspec_v4.TestJourneyMasterSpecV4" name="test_tab_a_decision_stability_has_band_and_meaning" time="0.201" /><testcase classname="tests.test_journey_masterspec_v4.TestJourneyMasterSpecV4" name="test_tab_a_top_issue_has_name_and_id" time="0.192" /><testcase classname="tests.test_journey_masterspec_v4.TestJourneyMasterSpecV4" name="test_tab_a_advantage_discipline_has_band_and_meaning" time="0.222" /><testcase classname="tests.test_journey_masterspec_v4.TestJourneyMasterSpecV4" name="test_tab_a_unstable_phase_is_valid" time="0.196" /><testcase classname="tests.test_journey_masterspec_v4.TestJourneyMasterSpecV4" name="test_tab_a_directive_is_action_oriented" time="0.200" /><testcase classname="tests.test_journey_masterspec_v4.TestJourneyMasterSpecV4" name="test_tab_b_journey_has_voice_object" time="0.228" /><testcase classname="tests.test_journey_masterspec_v4.TestJourneyMasterSpecV4" name="test_tab_b_journey_has_4_stat_rows" time="0.426" /><testcase classname="tests.test_journey_masterspec_v4.TestJourneyMasterSpecV4" name="test_tab_b_stat_rows_have_then_now_delta" time="0.227" /><testcase classname="tests.test_journey_masterspec_v4.TestJourneyMasterSpecV4" name="test_tab_b_journey_has_4_cognitive_rows" time="0.211" /><testcase classname="tests.test_journey_masterspec_v4.TestJourneyMasterSpecV4" name="test_tab_b_cognitive_rows_have_then_now_changed" time="0.234" /><testcase classname="tests.test_journey_masterspec_v4.TestJourneyMasterSpecV4" name="test_tab_b_overall_change_visible_or_stable_hidden" time="0.273" /><testcase classname="tests.test_journey_masterspec_v4.TestJourneyMasterSpecV4" name="test_tab_b_deltas_shown_when_visible" time="0.293" /><testcase classname="tests.test_journey_masterspec_v4.TestJourneyMasterSpecV4" name="test_tab_b_badge_shown_on_major_improvement" time="0.247" /><testcase classname="tests.test_journey_masterspec_v4.TestJourneyMasterSpecV4" name="test_tab_b_journey_has_directive" time="0.188" /><testcase classname="tests.test_journey_masterspec_v4.TestJourneyMasterSpecV4" name="test_tab_c_momentum_has_headline" time="0.203" /><testcase classname="tests.test_journey_masterspec_v4.TestJourneyMasterSpecV4" name="test_tab_c_momentum_has_meaningful_shifts" time="0.305" /><testcase classname="tests.test_journey_masterspec_v4.TestJourneyMasterSpecV4" name="test_tab_c_momentum_top_issues_max_3" time="0.215" /><testcase classname="tests.test_journey_masterspec_v4.TestJourneyMasterSpecV4" name="test_tab_c_evidence_structure" time="0.236" /><testcase classname="tests.test_journey_masterspec_v4.TestJourneyMasterSpecV4" name="test_tab_c_evidence_links_format" time="0.183" /><testcase classname="tests.test_journey_masterspec_v4.TestJourneyMasterSpecV4" name="test_tab_c_momentum_has_directive" time="0.231" /><testcase classname="tests.test_journey_masterspec_v4.TestJourneyMasterSpecV4" name="test_stats_drawer_has_4_metrics" time="0.227" /><testcase classname="tests.test_journey_masterspec_v4.TestJourneyMasterSpecV4" name="test_stats_drawer_has_games_count" time="0.260" /><testcase classname="tests.test_journey_masterspec_v4.TestJourneyMasterSpecV4" name="test_stat_interpretation_signals" time="0.188" /><testcase classname="tests.test_journey_masterspec_v4.TestJourneyMasterSpecV4" name="test_coach_voice_headline_not_empty" time="0.309" /><testcase classname="tests.test_journey_masterspec_v4.TestJourneyMasterSpecV4" name="test_coach_voice_explanation_not_empty" time="0.166" /><testcase classname="tests.test_journey_masterspec_v4.TestJourneyMasterSpecV4" name="test_coach_voice_focus_instruction" time="0.235" /><testcase classname="tests.test_journey_masterspec_v4.TestJourneyMasterSpecV4" name="test_language_plain_indian_english" time="0.198" /><testcase classname="tests.test_journey_masterspec_v4.TestStatInterpretationEngine" name="test_import_stat_interpretation_engine" time="0.001" /><testcase classname="tests.test_journey_masterspec_v4.TestStatInterpretationEngine" name="test_interpret_stats_returns_valid_structure" time="0.000" /><testcase classname="tests.test_journey_masterspec_v4.TestStatInterpretationEngine" name="test_calculate_blunder_signal_major_improvement" time="0.000" /><testcase classname="tests.test_journey_masterspec_v4.TestStatInterpretationEngine" name="test_is_noise_function" time="0.000" /><testcase classname="tests.test_journey_masterspec_v4.TestCoachVoiceGenerator" name="test_import_coach_voice_generator" time="0.000" /><testcase classname="tests.test_journey_masterspec_v4.TestCoachVoiceGenerator" name="test_generate_coach_voice_structure" time="0.000" /><testcase classname="tests.test_journey_masterspec_v4.TestCoachVoiceGenerator" name="test_headline_map_coverage" time="0.000" /><testcase classname="tests.test_journey_masterspec_v4.TestCoachVoiceGenerator" name="test_badge_on_major_improvement" time="0.000" /><testcase classname="tests.test_journey_masterspec_v4.TestCoachVoiceGenerator" name="test_get_tone_level" time="0.000" /></testsuite></testsuites>