<?xml version="1.0" encoding="utf-8"?><testsuites name="pytest tests"><testsuite name="pytest" errors="0" failures="0" skipped="0" tests="7" time="5.888" timestamp="2026-02-12T19:04:52.057418+00:00" hostname="agent-env-732ca252-9642-4a1f-86bb-0dd01e1edb2b"><testcase classname="backend.tests.test_milestones_polling.TestDashboardStats" name="test_dashboard_stats_returns_queued_games" time="0.135" /><testcase classname="backend.tests.test_milestones_polling.TestDashboardStats" name="test_dashboard_stats_includes_game_lists" time="0.079" /><testcase classname="backend.tests.test_milestones_polling.TestLabEndpoints" name="test_lab_endpoint_returns_data" time="0.087" /><testcase classname="backend.tests.test_milestones_polling.TestLabEndpoints" name="test_analysis_endpoint_returns_move_evaluations" time="0.059" /><testcase classname="backend.tests.test_milestones_polling.TestExplainMistake" name="test_explain_mistake_returns_coach_feedback" time="3.771" /><testcase classname="backend.tests.test_milestones_polling.TestExplainMistake" name="test_explain_mistake_handles_blunder" time="1.485" /><testcase classname="backend.tests.test_milestones_polling.TestGameReanalyze" name="test_reanalyze_queues_game" time="0.162" /></testsuite></testsuites>