<?xml version="1.0" encoding="utf-8"?><testsuites name="pytest tests"><testsuite name="pytest" errors="0" failures="0" skipped="1" tests="14" time="36.186" timestamp="2026-02-06T12:24:12.743610+00:00" hostname="agent-env-75ebf2eb-7979-4774-9feb-216b7792ea70"><testcase classname="backend.tests.test_pdr_coach.TestCoachTodayEndpoint" name="test_coach_today_returns_200" time="4.277" /><testcase classname="backend.tests.test_pdr_coach.TestCoachTodayEndpoint" name="test_coach_today_has_data_flag" time="2.949" /><testcase classname="backend.tests.test_pdr_coach.TestCoachTodayEndpoint" name="test_pdr_structure_when_has_data" time="2.859" /><testcase classname="backend.tests.test_pdr_coach.TestCoachTodayEndpoint" name="test_pdr_candidates_structure" time="3.130" /><testcase classname="backend.tests.test_pdr_coach.TestCoachTodayEndpoint" name="test_pdr_idea_chain_structure" time="1.188"><skipped type="pytest.skip" message="No idea_chain in PDR (may not have refutation)">/app/backend/tests/test_pdr_coach.py:104: No idea_chain in PDR (may not have refutation)</skipped></testcase><testcase classname="backend.tests.test_pdr_coach.TestCoachTodayEndpoint" name="test_pdr_why_options_structure" time="8.041" /><testcase classname="backend.tests.test_pdr_coach.TestCoachTodayEndpoint" name="test_coach_note_structure" time="3.506" /><testcase classname="backend.tests.test_pdr_coach.TestCoachTodayEndpoint" name="test_light_stats_structure" time="3.258" /><testcase classname="backend.tests.test_pdr_coach.TestCoachTodayEndpoint" name="test_next_game_plan_present" time="3.083" /><testcase classname="backend.tests.test_pdr_coach.TestCoachTodayEndpoint" name="test_game_context_in_pdr" time="3.525" /><testcase classname="backend.tests.test_pdr_coach.TestCoachSessionEndpoints" name="test_session_status_endpoint" time="0.071" /><testcase classname="backend.tests.test_pdr_coach.TestLinkedAccounts" name="test_linked_accounts_endpoint" time="0.042" /><testcase classname="backend.tests.test_pdr_coach.TestUnauthorizedAccess" name="test_coach_today_without_auth" time="0.037" /><testcase classname="backend.tests.test_pdr_coach.TestUnauthorizedAccess" name="test_coach_today_with_invalid_token" time="0.038" /></testsuite></testsuites>