<?xml version="1.0" encoding="utf-8"?><testsuites name="pytest tests"><testsuite name="pytest" errors="0" failures="0" skipped="0" tests="18" time="1.063" timestamp="2026-02-11T13:59:17.657895+00:00" hostname="agent-env-244e5f94-b822-44fd-9efb-048ca923f928"><testcase classname="backend.tests.test_badge_details_interactive.TestBadgeDetailsEndpoint" name="test_badges_endpoint_returns_200" time="0.071" /><testcase classname="backend.tests.test_badge_details_interactive.TestBadgeDetailsEndpoint" name="test_badge_details_tactical_returns_structure" time="0.113" /><testcase classname="backend.tests.test_badge_details_interactive.TestBadgeDetailsEndpoint" name="test_badge_details_opening_returns_structure" time="0.075" /><testcase classname="backend.tests.test_badge_details_interactive.TestBadgeDetailsEndpoint" name="test_badge_details_positional_returns_structure" time="0.097" /><testcase classname="backend.tests.test_badge_details_interactive.TestBadgeDetailsEndpoint" name="test_badge_details_endgame_returns_structure" time="0.091" /><testcase classname="backend.tests.test_badge_details_interactive.TestBadgeDetailsEndpoint" name="test_badge_details_defense_returns_structure" time="0.057" /><testcase classname="backend.tests.test_badge_details_interactive.TestBadgeDetailsEndpoint" name="test_badge_details_converting_returns_structure" time="0.077" /><testcase classname="backend.tests.test_badge_details_interactive.TestBadgeDetailsEndpoint" name="test_badge_details_focus_returns_structure" time="0.051" /><testcase classname="backend.tests.test_badge_details_interactive.TestBadgeDetailsEndpoint" name="test_badge_details_time_returns_structure" time="0.056" /><testcase classname="backend.tests.test_badge_details_interactive.TestBadgeDetailsEndpoint" name="test_badge_details_invalid_badge_returns_400" time="0.060" /><testcase classname="backend.tests.test_badge_details_interactive.TestBadgeDetailsEndpoint" name="test_badge_details_games_have_required_fields" time="0.124" /><testcase classname="backend.tests.test_badge_details_interactive.TestMistakeClassifier" name="test_classify_mistake_function_exists" time="0.027" /><testcase classname="backend.tests.test_badge_details_interactive.TestMistakeClassifier" name="test_find_forks_function" time="0.001" /><testcase classname="backend.tests.test_badge_details_interactive.TestMistakeClassifier" name="test_find_pins_function" time="0.000" /><testcase classname="backend.tests.test_badge_details_interactive.TestMistakeClassifier" name="test_classify_mistake_returns_correct_structure" time="0.002" /><testcase classname="backend.tests.test_badge_details_interactive.TestMistakeClassifier" name="test_classify_mistake_detects_blunder" time="0.001" /><testcase classname="backend.tests.test_badge_details_interactive.TestDevMode" name="test_auth_status_returns_dev_mode" time="0.041" /><testcase classname="backend.tests.test_badge_details_interactive.TestDevMode" name="test_dev_login_works" time="0.040" /></testsuite></testsuites>