<?xml version="1.0" encoding="utf-8"?><testsuites name="pytest tests"><testsuite name="pytest" errors="0" failures="0" skipped="0" tests="15" time="2.923" timestamp="2026-03-19T14:08:02.289959+00:00" hostname="agent-env-3ed29cd0-f78a-422d-8282-4fe94f5c7745"><testcase classname="test_thinking_coach_api.TestThinkingCoachWalkthrough" name="test_walkthrough_returns_valid_structure" time="0.211" /><testcase classname="test_thinking_coach_api.TestThinkingCoachWalkthrough" name="test_walkthrough_with_played_move" time="0.128" /><testcase classname="test_thinking_coach_api.TestThinkingCoachWalkthrough" name="test_walkthrough_opening_phase" time="0.108" /><testcase classname="test_thinking_coach_api.TestThinkingCoachPrincipleFeedback" name="test_principle_feedback_returns_valid_structure" time="0.116" /><testcase classname="test_thinking_coach_api.TestThinkingCoachPrincipleFeedback" name="test_principle_feedback_different_mistakes" time="0.399" /><testcase classname="test_thinking_coach_api.TestThinkingCoachBehavioralIntervention" name="test_intervention_returns_valid_structure" time="0.107" /><testcase classname="test_thinking_coach_api.TestThinkingCoachBehavioralIntervention" name="test_intervention_different_patterns" time="0.341" /><testcase classname="test_thinking_coach_api.TestThinkingCoachMindsetPrompt" name="test_mindset_prompt_returns_valid_structure" time="0.111" /><testcase classname="test_thinking_coach_api.TestThinkingCoachMindsetPrompt" name="test_mindset_prompt_with_characteristics" time="0.134" /><testcase classname="test_thinking_coach_api.TestThinkingCoachPreMoveChecklist" name="test_checklist_returns_valid_structure" time="0.183" /><testcase classname="test_thinking_coach_api.TestThinkingCoachPreMoveChecklist" name="test_checklist_opening_phase" time="0.306" /><testcase classname="test_thinking_coach_api.TestThinkingCoachPreMoveChecklist" name="test_checklist_castling_reminder" time="0.179" /><testcase classname="test_thinking_coach_api.TestThinkingCoachPreMoveChecklist" name="test_checklist_after_castling" time="0.199" /><testcase classname="test_thinking_coach_api.TestThinkingCoachPreMoveChecklist" name="test_checklist_threat_check_in_middlegame" time="0.190" /><testcase classname="test_thinking_coach_api.TestThinkingCoachPreMoveChecklist" name="test_checklist_limited_to_three_items" time="0.169" /></testsuite></testsuites>