<?xml version="1.0" encoding="utf-8"?><testsuites name="pytest tests"><testsuite name="pytest" errors="0" failures="0" skipped="0" tests="12" time="2.427" timestamp="2026-02-19T05:40:34.857229+00:00" hostname="agent-env-eeb5d448-0ec7-48f6-8ec4-16f22df5b12e"><testcase classname="backend.tests.test_contextual_tags.TestContextualTags" name="test_contextual_tags_endpoint_exists" time="0.365" /><testcase classname="backend.tests.test_contextual_tags.TestContextualTags" name="test_bb5_attacking_knight" time="0.195" /><testcase classname="backend.tests.test_contextual_tags.TestContextualTags" name="test_qh5_attacking_f7" time="0.180" /><testcase classname="backend.tests.test_contextual_tags.TestContextualTags" name="test_capture_move" time="0.172" /><testcase classname="backend.tests.test_contextual_tags.TestContextualTags" name="test_invalid_fen_handling" time="0.147" /><testcase classname="backend.tests.test_contextual_tags.TestContextualTags" name="test_invalid_move_handling" time="0.157" /><testcase classname="backend.tests.test_contextual_tags.TestContextualTags" name="test_development_move" time="0.205" /><testcase classname="backend.tests.test_contextual_tags.TestContextualTags" name="test_response_structure" time="0.161" /><testcase classname="backend.tests.test_contextual_tags.TestContextualTags" name="test_tags_limit" time="0.154" /><testcase classname="backend.tests.test_contextual_tags.TestContextualTagsEdgeCases" name="test_missing_required_fields" time="0.149" /><testcase classname="backend.tests.test_contextual_tags.TestContextualTagsEdgeCases" name="test_empty_user_move" time="0.152" /><testcase classname="backend.tests.test_contextual_tags.TestContextualTagsEdgeCases" name="test_authentication_required" time="0.270" /></testsuite></testsuites>