<?xml version="1.0" encoding="utf-8"?><testsuites name="pytest tests"><testsuite name="pytest" errors="0" failures="0" skipped="0" tests="8" time="2.837" timestamp="2026-02-24T14:49:25.852327+00:00" hostname="agent-env-c5159c19-abf3-45de-ae11-8646081c1d44"><testcase classname="backend.tests.test_missions_rewards.TestMissionsEndpoints" name="test_get_today_mission" time="0.581" /><testcase classname="backend.tests.test_missions_rewards.TestMissionsEndpoints" name="test_mission_start" time="0.316" /><testcase classname="backend.tests.test_missions_rewards.TestMissionsEndpoints" name="test_mission_step_recording" time="0.392" /><testcase classname="backend.tests.test_missions_rewards.TestMissionsEndpoints" name="test_mission_history" time="0.276" /><testcase classname="backend.tests.test_missions_rewards.TestRewardsEndpoints" name="test_post_loss_message" time="0.410" /><testcase classname="backend.tests.test_missions_rewards.TestRewardsEndpoints" name="test_rewards_feed" time="0.260" /><testcase classname="backend.tests.test_missions_rewards.TestDashboardIntegration" name="test_dashboard_stats_contains_games" time="0.343" /><testcase classname="backend.tests.test_missions_rewards.TestDashboardIntegration" name="test_auth_me_returns_user" time="0.216" /></testsuite></testsuites>