<?xml version="1.0" encoding="utf-8"?><testsuites name="pytest tests"><testsuite name="pytest" errors="0" failures="0" skipped="0" tests="11" time="0.943" timestamp="2026-02-12T08:48:13.441946+00:00" hostname="agent-env-14c0a50a-0bbe-4de8-b10d-2d6a14544cf0"><testcase classname="tests.test_auto_coach.TestSubscriptionEndpoint" name="test_subscription_returns_plan_info" time="0.093" /><testcase classname="tests.test_auto_coach.TestSubscriptionEndpoint" name="test_subscription_can_analyze" time="0.057" /><testcase classname="tests.test_auto_coach.TestCoachCommentaryEndpoint" name="test_coach_commentary_returns_data" time="0.059" /><testcase classname="tests.test_auto_coach.TestCoachCommentaryEndpoint" name="test_coach_commentary_nonexistent_game" time="0.097" /><testcase classname="tests.test_auto_coach.TestTriggerAnalysisEndpoint" name="test_trigger_analysis_returns_data" time="0.069" /><testcase classname="tests.test_auto_coach.TestTriggerAnalysisEndpoint" name="test_trigger_analysis_nonexistent_game" time="0.061" /><testcase classname="tests.test_auto_coach.TestNotificationsEndpoint" name="test_notifications_returns_list" time="0.059" /><testcase classname="tests.test_auto_coach.TestNotificationsEndpoint" name="test_notifications_with_limit" time="0.065" /><testcase classname="tests.test_auto_coach.TestNotificationsEndpoint" name="test_notifications_unread_only" time="0.055" /><testcase classname="tests.test_auto_coach.TestMarkNotificationsRead" name="test_mark_all_read" time="0.115" /><testcase classname="tests.test_auto_coach.TestFullAutoCoachWorkflow" name="test_full_workflow" time="0.156" /></testsuite></testsuites>