<?xml version="1.0" encoding="utf-8"?><testsuites name="pytest tests"><testsuite name="pytest" errors="0" failures="0" skipped="0" tests="8" time="2.447" timestamp="2026-02-16T07:04:04.268262+00:00" hostname="agent-env-ec601732-6550-4c4a-9662-0311aae7fbbf"><testcase classname="backend.tests.test_enhanced_reflection.TestEnhancedReflection" name="test_last_game_for_reflection" time="0.390" /><testcase classname="backend.tests.test_enhanced_reflection.TestEnhancedReflection" name="test_get_game_milestones" time="0.051" /><testcase classname="backend.tests.test_enhanced_reflection.TestEnhancedReflection" name="test_milestone_explain" time="1.213" /><testcase classname="backend.tests.test_enhanced_reflection.TestEnhancedReflection" name="test_save_milestone_reflection" time="0.052" /><testcase classname="backend.tests.test_enhanced_reflection.TestEnhancedReflection" name="test_contextual_options_generation" time="0.054" /><testcase classname="backend.tests.test_enhanced_reflection.TestEnhancedReflection" name="test_pv_lines_present" time="0.063" /><testcase classname="backend.tests.test_enhanced_reflection.TestEnhancedReflection" name="test_training_profile_exists" time="0.054" /><testcase classname="backend.tests.test_enhanced_reflection.TestRatingBasedFiltering" name="test_milestones_have_min_threshold" time="0.463" /></testsuite></testsuites>