<?xml version="1.0" encoding="utf-8"?><testsuites name="pytest tests"><testsuite name="pytest" errors="0" failures="0" skipped="0" tests="16" time="44.951" timestamp="2026-02-06T12:43:11.314292+00:00" hostname="agent-env-75ebf2eb-7979-4774-9feb-216b7792ea70"><testcase classname="backend.tests.test_coach_features.TestTrackReflection" name="test_track_reflection_correct_move" time="0.084" /><testcase classname="backend.tests.test_coach_features.TestTrackReflection" name="test_track_reflection_wrong_move" time="0.058" /><testcase classname="backend.tests.test_coach_features.TestTrackReflection" name="test_track_reflection_requires_auth" time="0.042" /><testcase classname="backend.tests.test_coach_features.TestTrackReflection" name="test_track_reflection_increments_counters" time="0.128" /><testcase classname="backend.tests.test_coach_features.TestCoachToday" name="test_coach_today_returns_200" time="8.470" /><testcase classname="backend.tests.test_coach_features.TestCoachToday" name="test_coach_today_has_data_flag" time="3.093" /><testcase classname="backend.tests.test_coach_features.TestCoachToday" name="test_coach_today_has_light_stats" time="3.007" /><testcase classname="backend.tests.test_coach_features.TestCoachToday" name="test_coach_today_has_blunders_per_game" time="3.392" /><testcase classname="backend.tests.test_coach_features.TestCoachToday" name="test_coach_today_has_coach_note" time="2.971" /><testcase classname="backend.tests.test_coach_features.TestCoachToday" name="test_coach_today_has_next_game_plan" time="3.302" /><testcase classname="backend.tests.test_coach_features.TestCoachToday" name="test_coach_today_has_rule" time="4.320" /><testcase classname="backend.tests.test_coach_features.TestPDRHabitAlignment" name="test_pdr_structure" time="2.973" /><testcase classname="backend.tests.test_coach_features.TestPDRHabitAlignment" name="test_pdr_has_game_context" time="3.824" /><testcase classname="backend.tests.test_coach_features.TestPDRHabitAlignment" name="test_pdr_has_why_options" time="3.646" /><testcase classname="backend.tests.test_coach_features.TestSessionFlow" name="test_session_status" time="5.314" /><testcase classname="backend.tests.test_coach_features.TestSessionFlow" name="test_start_session" time="0.143" /></testsuite></testsuites>