<?xml version="1.0" encoding="utf-8"?><testsuites name="pytest tests"><testsuite name="pytest" errors="0" failures="0" skipped="0" tests="21" time="0.886" timestamp="2026-02-03T15:37:34.027327+00:00" hostname="agent-env-ed9ec818-b47b-4819-85cc-b85fff94dbcb"><testcase classname="backend.tests.test_mobile_auth.TestMobileGoogleAuth" name="test_mobile_auth_invalid_token_returns_401" time="0.105" /><testcase classname="backend.tests.test_mobile_auth.TestMobileGoogleAuth" name="test_mobile_auth_empty_token_returns_error" time="0.067" /><testcase classname="backend.tests.test_mobile_auth.TestMobileGoogleAuth" name="test_mobile_auth_missing_token_returns_422" time="0.039" /><testcase classname="backend.tests.test_mobile_auth.TestMobileGoogleAuth" name="test_mobile_auth_malformed_json_returns_422" time="0.033" /><testcase classname="backend.tests.test_mobile_auth.TestPushNotificationEndpoints" name="test_register_device_requires_auth" time="0.035" /><testcase classname="backend.tests.test_mobile_auth.TestPushNotificationEndpoints" name="test_register_device_with_invalid_token_returns_401" time="0.039" /><testcase classname="backend.tests.test_mobile_auth.TestPushNotificationEndpoints" name="test_unregister_device_requires_auth" time="0.033" /><testcase classname="backend.tests.test_mobile_auth.TestProtectedEndpoints" name="test_dashboard_stats_requires_auth" time="0.032" /><testcase classname="backend.tests.test_mobile_auth.TestProtectedEndpoints" name="test_dashboard_stats_with_invalid_token_returns_401" time="0.032" /><testcase classname="backend.tests.test_mobile_auth.TestProtectedEndpoints" name="test_games_endpoint_requires_auth" time="0.032" /><testcase classname="backend.tests.test_mobile_auth.TestProtectedEndpoints" name="test_games_endpoint_with_invalid_token_returns_401" time="0.032" /><testcase classname="backend.tests.test_mobile_auth.TestProtectedEndpoints" name="test_journey_endpoint_requires_auth" time="0.033" /><testcase classname="backend.tests.test_mobile_auth.TestProtectedEndpoints" name="test_journey_endpoint_with_invalid_token_returns_401" time="0.035" /><testcase classname="backend.tests.test_mobile_auth.TestProtectedEndpoints" name="test_auth_me_requires_auth" time="0.034" /><testcase classname="backend.tests.test_mobile_auth.TestProtectedEndpoints" name="test_profile_endpoint_requires_auth" time="0.035" /><testcase classname="backend.tests.test_mobile_auth.TestProtectedEndpoints" name="test_patterns_endpoint_requires_auth" time="0.032" /><testcase classname="backend.tests.test_mobile_auth.TestPublicEndpoints" name="test_health_endpoint_is_public" time="0.034" /><testcase classname="backend.tests.test_mobile_auth.TestPublicEndpoints" name="test_root_endpoint_is_public" time="0.032" /><testcase classname="backend.tests.test_mobile_auth.TestPublicEndpoints" name="test_weakness_categories_is_public" time="0.035" /><testcase classname="backend.tests.test_mobile_auth.TestBearerTokenAuth" name="test_bearer_token_format_accepted" time="0.035" /><testcase classname="backend.tests.test_mobile_auth.TestBearerTokenAuth" name="test_expired_session_returns_401" time="0.033" /></testsuite></testsuites>