<?xml version="1.0" encoding="utf-8"?><testsuites name="pytest tests"><testsuite name="pytest" errors="0" failures="0" skipped="0" tests="11" time="2.601" timestamp="2026-02-15T14:58:35.576921+00:00" hostname="agent-env-06fcf5a5-9768-46a7-979d-88ec9a9b4f97"><testcase classname="backend.tests.test_focus_plan_v2.TestFocusPlanExamplePositions" name="test_focus_plan_has_example_positions_array" time="0.194" /><testcase classname="backend.tests.test_focus_plan_v2.TestFocusPlanExamplePositions" name="test_focus_plan_has_backwards_compatible_example_position" time="0.190" /><testcase classname="backend.tests.test_focus_plan_v2.TestLastGameAudit" name="test_last_game_audit_endpoint_exists" time="0.171" /><testcase classname="backend.tests.test_focus_plan_v2.TestLastGameAudit" name="test_last_game_audit_rules_structure" time="0.175" /><testcase classname="backend.tests.test_focus_plan_v2.TestLastGameAudit" name="test_last_game_audit_violations_structure" time="0.197" /><testcase classname="backend.tests.test_focus_plan_v2.TestUserThoughtsAPI" name="test_save_user_thought_endpoint_exists" time="0.295" /><testcase classname="backend.tests.test_focus_plan_v2.TestUserThoughtsAPI" name="test_get_game_thoughts_endpoint_exists" time="0.261" /><testcase classname="backend.tests.test_focus_plan_v2.TestUserThoughtsAPI" name="test_save_and_retrieve_thought_roundtrip" time="0.308" /><testcase classname="backend.tests.test_focus_plan_v2.TestUserThoughtsAPI" name="test_update_existing_thought" time="0.402" /><testcase classname="backend.tests.test_focus_plan_v2.TestUserThoughtsAPI" name="test_invalid_game_id_returns_404" time="0.151" /><testcase classname="backend.tests.test_focus_plan_v2.TestFocusPlanIntegration" name="test_focus_plan_contains_all_required_fields" time="0.179" /></testsuite></testsuites>