<?xml version="1.0" encoding="utf-8"?><testsuites name="pytest tests"><testsuite name="pytest" errors="0" failures="0" skipped="1" tests="18" time="1.177" timestamp="2026-02-08T04:34:33.414272+00:00" hostname="agent-env-4b7e69fe-c9c4-4342-beec-27cb65009ed6"><testcase classname="backend.tests.test_mistake_mastery.TestMistakeMasterySystem" name="test_training_session_endpoint_returns_valid_mode" time="0.128" /><testcase classname="backend.tests.test_mistake_mastery.TestMistakeMasterySystem" name="test_training_session_has_message" time="0.043" /><testcase classname="backend.tests.test_mistake_mastery.TestMistakeMasterySystem" name="test_training_session_post_game_debrief_structure" time="0.039" /><testcase classname="backend.tests.test_mistake_mastery.TestMistakeMasterySystem" name="test_training_session_daily_training_structure" time="0.037"><skipped type="pytest.skip" message="Mode is post_game_debrief, not daily_training">/app/backend/tests/test_mistake_mastery.py:113: Mode is post_game_debrief, not daily_training</skipped></testcase><testcase classname="backend.tests.test_mistake_mastery.TestMistakeMasterySystem" name="test_due_cards_endpoint" time="0.040" /><testcase classname="backend.tests.test_mistake_mastery.TestMistakeMasterySystem" name="test_due_cards_have_required_fields" time="0.041" /><testcase classname="backend.tests.test_mistake_mastery.TestMistakeMasterySystem" name="test_attempt_correct_increases_interval" time="0.068" /><testcase classname="backend.tests.test_mistake_mastery.TestMistakeMasterySystem" name="test_attempt_wrong_resets_to_1_day" time="0.076" /><testcase classname="backend.tests.test_mistake_mastery.TestMistakeMasterySystem" name="test_attempt_nonexistent_card_returns_404" time="0.040" /><testcase classname="backend.tests.test_mistake_mastery.TestMistakeMasterySystem" name="test_training_progress_endpoint" time="0.037" /><testcase classname="backend.tests.test_mistake_mastery.TestMistakeMasterySystem" name="test_progress_habits_structure" time="0.041" /><testcase classname="backend.tests.test_mistake_mastery.TestMistakeMasterySystem" name="test_progress_stats_structure" time="0.037" /><testcase classname="backend.tests.test_mistake_mastery.TestMistakeMasterySystem" name="test_habits_endpoint_returns_all_definitions" time="0.037" /><testcase classname="backend.tests.test_mistake_mastery.TestMistakeMasterySystem" name="test_card_has_chess_position_data" time="0.033" /><testcase classname="backend.tests.test_mistake_mastery.TestMistakeMasterySystem" name="test_card_has_habit_classification" time="0.034" /><testcase classname="backend.tests.test_mistake_mastery.TestMistakeMasterySystem" name="test_spaced_repetition_intervals" time="0.077" /><testcase classname="backend.tests.test_mistake_mastery.TestMistakeMasterySystem" name="test_training_endpoints_require_auth" time="0.163" /><testcase classname="backend.tests.test_mistake_mastery.TestMasteryProgression" name="test_mastery_requires_3_consecutive_correct" time="0.070" /></testsuite></testsuites>