<?xml version="1.0" encoding="utf-8"?><testsuites name="pytest tests"><testsuite name="pytest" errors="0" failures="2" skipped="0" tests="9" time="17.898" timestamp="2026-02-12T13:55:10.550030+00:00" hostname="agent-env-ec0361d0-80ba-40f2-9ada-3d6eeeaa4592"><testcase classname="tests.test_explain_mistake.TestExplainMistakeEndpoint" name="test_explain_mistake_basic_request" time="4.864" /><testcase classname="tests.test_explain_mistake.TestExplainMistakeEndpoint" name="test_explain_mistake_returns_all_fields" time="2.895" /><testcase classname="tests.test_explain_mistake.TestExplainMistakeEndpoint" name="test_explain_mistake_detects_tactical_patterns" time="2.037" /><testcase classname="tests.test_explain_mistake.TestExplainMistakeEndpoint" name="test_explain_mistake_with_opening_position" time="1.418" /><testcase classname="tests.test_explain_mistake.TestExplainMistakeEndpoint" name="test_explain_mistake_thinking_habit_present" time="1.494" /><testcase classname="tests.test_explain_mistake.TestExplainMistakeEndpoint" name="test_explain_mistake_unauthorized_without_login" time="1.799"><failure message="AssertionError: Expected 401, got 200&#10;assert 200 == 401&#10; +  where 200 = &lt;Response [200]&gt;.status_code">tests/test_explain_mistake.py:168: in test_explain_mistake_unauthorized_without_login
    assert resp.status_code == 401, f"Expected 401, got {resp.status_code}"
E   AssertionError: Expected 401, got 200
E   assert 200 == 401
E    +  where 200 = &lt;Response [200]&gt;.status_code</failure></testcase><testcase classname="tests.test_explain_mistake.TestExplainMistakeEndpoint" name="test_explain_mistake_invalid_fen" time="0.077"><failure message="AssertionError: Expected 200 with fallback, got 520&#10;assert 520 == 200&#10; +  where 520 = &lt;Response [520]&gt;.status_code">tests/test_explain_mistake.py:186: in test_explain_mistake_invalid_fen
    assert resp.status_code == 200, f"Expected 200 with fallback, got {resp.status_code}"
E   AssertionError: Expected 200 with fallback, got 520
E   assert 520 == 200
E    +  where 520 = &lt;Response [520]&gt;.status_code</failure></testcase><testcase classname="tests.test_explain_mistake.TestExplainMistakeEndpoint" name="test_explain_mistake_black_pieces" time="1.706" /><testcase classname="tests.test_explain_mistake.TestExplainMistakeTemplates" name="test_short_label_matches_template" time="1.490" /></testsuite></testsuites>