<?xml version="1.0" encoding="utf-8"?><testsuites name="pytest tests"><testsuite name="pytest" errors="0" failures="0" skipped="0" tests="11" time="0.693" timestamp="2026-02-08T10:31:30.506698+00:00" hostname="agent-env-168f903c-7526-4396-8ac1-6059295053ed"><testcase classname="backend.tests.test_mistake_mastery_ux.TestMistakeMasteryUXUpdates" name="test_valid_session_token" time="0.074" /><testcase classname="backend.tests.test_mistake_mastery_ux.TestMistakeMasteryUXUpdates" name="test_training_session_endpoint_accessible" time="0.041" /><testcase classname="backend.tests.test_mistake_mastery_ux.TestMistakeMasteryUXUpdates" name="test_training_session_cards_have_opponent_and_user_color" time="0.044" /><testcase classname="backend.tests.test_mistake_mastery_ux.TestMistakeMasteryUXUpdates" name="test_due_cards_have_opponent_field" time="0.040" /><testcase classname="backend.tests.test_mistake_mastery_ux.TestMistakeMasteryUXUpdates" name="test_due_cards_have_user_color_field" time="0.042" /><testcase classname="backend.tests.test_mistake_mastery_ux.TestMistakeMasteryUXUpdates" name="test_get_specific_card_has_personalized_fields" time="0.083" /><testcase classname="backend.tests.test_mistake_mastery_ux.TestMistakeMasteryUXUpdates" name="test_card_has_all_required_fields_for_ui" time="0.043" /><testcase classname="backend.tests.test_mistake_mastery_ux.TestMistakeMasteryUXUpdates" name="test_why_question_endpoint" time="0.077" /><testcase classname="backend.tests.test_mistake_mastery_ux.TestMistakeMasteryUXUpdates" name="test_training_progress_endpoint" time="0.040" /><testcase classname="backend.tests.test_mistake_mastery_ux.TestMistakeMasteryDataIntegrity" name="test_cards_have_valid_fen_positions" time="0.043" /><testcase classname="backend.tests.test_mistake_mastery_ux.TestMistakeMasteryDataIntegrity" name="test_cards_have_valid_evaluation_types" time="0.040" /></testsuite></testsuites>