<?xml version="1.0" encoding="utf-8"?><testsuites name="pytest tests"><testsuite name="pytest" errors="0" failures="0" skipped="0" tests="12" time="2.653" timestamp="2026-02-13T12:59:26.362662+00:00" hostname="agent-env-fc6a3907-49b1-492e-9592-8f4a8ed56299"><testcase classname="backend.tests.test_plan_audit.TestPlanAuditEndpoint" name="test_plan_audit_returns_200" time="0.304" /><testcase classname="backend.tests.test_plan_audit.TestPlanAuditEndpoint" name="test_plan_audit_has_required_fields" time="0.205" /><testcase classname="backend.tests.test_plan_audit.TestPlanAuditEndpoint" name="test_plan_audit_audits_array_structure" time="0.175" /><testcase classname="backend.tests.test_plan_audit.TestPlanAuditEndpoint" name="test_plan_audit_summary_structure" time="0.213" /><testcase classname="backend.tests.test_plan_audit.TestPlanAuditEndpoint" name="test_plan_audit_verdict_types" time="0.185" /><testcase classname="backend.tests.test_plan_audit.TestPlanAuditEndpoint" name="test_plan_audit_valid_domains" time="0.162" /><testcase classname="backend.tests.test_plan_audit.TestPlanAuditEndpoint" name="test_plan_audit_opening_domain_data" time="0.171" /><testcase classname="backend.tests.test_plan_audit.TestPlanAuditEndpoint" name="test_plan_audit_tactics_domain_data" time="0.206" /><testcase classname="backend.tests.test_plan_audit.TestPlanAuditEndpoint" name="test_plan_audit_middlegame_domain_data" time="0.171" /><testcase classname="backend.tests.test_plan_audit.TestPlanAuditAuthentication" name="test_plan_audit_requires_auth" time="0.128" /><testcase classname="backend.tests.test_plan_audit.TestPlanAuditIntegration" name="test_plan_audit_game_id_matches_game" time="0.282" /><testcase classname="backend.tests.test_plan_audit.TestPlanAuditIntegration" name="test_plan_audit_consistency_with_focus" time="0.313" /></testsuite></testsuites>