<?xml version="1.0" encoding="utf-8"?><testsuites name="pytest tests"><testsuite name="pytest" errors="0" failures="0" skipped="0" tests="13" time="0.394" timestamp="2026-02-03T09:22:38.061273+00:00" hostname="agent-env-b6f13c78-e338-448d-9bab-1d357e97536c"><testcase classname="tests.test_email_notifications.TestEmailNotificationEndpointsUnauthenticated" name="test_get_email_settings_requires_auth" time="0.122" /><testcase classname="tests.test_email_notifications.TestEmailNotificationEndpointsUnauthenticated" name="test_put_email_settings_requires_auth" time="0.052" /><testcase classname="tests.test_email_notifications.TestEmailNotificationEndpointsUnauthenticated" name="test_post_test_email_requires_auth" time="0.050" /><testcase classname="tests.test_email_notifications.TestEmailServiceConfiguration" name="test_email_service_is_not_configured" time="0.002" /><testcase classname="tests.test_email_notifications.TestEmailServiceConfiguration" name="test_send_email_gracefully_fails_without_config" time="0.001" /><testcase classname="tests.test_email_notifications.TestEmailServiceConfiguration" name="test_game_analyzed_notification_gracefully_fails" time="0.001" /><testcase classname="tests.test_email_notifications.TestEmailServiceConfiguration" name="test_weekly_summary_notification_gracefully_fails" time="0.000" /><testcase classname="tests.test_email_notifications.TestEmailServiceConfiguration" name="test_weakness_alert_notification_gracefully_fails" time="0.000" /><testcase classname="tests.test_email_notifications.TestEmailTemplateGeneration" name="test_generate_game_analyzed_email" time="0.000" /><testcase classname="tests.test_email_notifications.TestEmailTemplateGeneration" name="test_generate_weekly_summary_email" time="0.000" /><testcase classname="tests.test_email_notifications.TestEmailTemplateGeneration" name="test_generate_weakness_alert_email" time="0.000" /><testcase classname="tests.test_email_notifications.TestHealthAndBasicEndpoints" name="test_health_endpoint" time="0.046" /><testcase classname="tests.test_email_notifications.TestHealthAndBasicEndpoints" name="test_root_endpoint" time="0.053" /></testsuite></testsuites>