<?xml version="1.0" encoding="utf-8"?><testsuites name="pytest tests"><testsuite name="pytest" errors="0" failures="0" skipped="0" tests="20" time="4.329" timestamp="2026-02-23T14:48:53.977675+00:00" hostname="agent-env-541c8ac8-4fff-4161-828a-0426dad7f832"><testcase classname="backend.tests.test_journey_patch.TestJourneyPatchFeatures" name="test_tab_a_snapshot_has_top_issue_field" time="0.297" /><testcase classname="backend.tests.test_journey_patch.TestJourneyPatchFeatures" name="test_tab_a_top_issue_has_name_id_impact" time="0.247" /><testcase classname="backend.tests.test_journey_patch.TestJourneyPatchFeatures" name="test_tab_a_top_issue_id_matches_weakness_pattern" time="0.248" /><testcase classname="backend.tests.test_journey_patch.TestJourneyPatchFeatures" name="test_tab_a_top_issue_impact_uses_bands" time="0.193" /><testcase classname="backend.tests.test_journey_patch.TestJourneyPatchFeatures" name="test_tab_a_top_issue_has_occurrence_pct" time="0.185" /><testcase classname="backend.tests.test_journey_patch.TestJourneyPatchFeatures" name="test_tab_b_journey_primary_driver_row_structure" time="0.184" /><testcase classname="backend.tests.test_journey_patch.TestJourneyPatchFeatures" name="test_tab_b_primary_driver_evolution_uses_bands" time="0.211" /><testcase classname="backend.tests.test_journey_patch.TestJourneyPatchFeatures" name="test_tab_c_momentum_has_top_issues_array" time="0.174" /><testcase classname="backend.tests.test_journey_patch.TestJourneyPatchFeatures" name="test_tab_c_top_issues_max_3_items" time="0.281" /><testcase classname="backend.tests.test_journey_patch.TestJourneyPatchFeatures" name="test_tab_c_top_issues_only_if_occurrence_pct_25_plus" time="0.186" /><testcase classname="backend.tests.test_journey_patch.TestJourneyPatchFeatures" name="test_tab_c_top_issues_item_structure" time="0.236" /><testcase classname="backend.tests.test_journey_patch.TestJourneyPatchFeatures" name="test_tab_c_momentum_has_advantage_shift" time="0.185" /><testcase classname="backend.tests.test_journey_patch.TestJourneyPatchFeatures" name="test_tab_c_advantage_shift_structure" time="0.171" /><testcase classname="backend.tests.test_journey_patch.TestJourneyPatchFeatures" name="test_tab_c_advantage_shift_direction_values" time="0.206" /><testcase classname="backend.tests.test_journey_patch.TestJourneyPatchFeatures" name="test_tab_c_advantage_shift_previous_recent_bands" time="0.209" /><testcase classname="backend.tests.test_journey_patch.TestJourneyPatchFeatures" name="test_tab_c_evidence_has_game_id_and_move_number" time="0.165" /><testcase classname="backend.tests.test_journey_patch.TestJourneyPatchFeatures" name="test_tab_c_top_issues_examples_have_game_id_move_number" time="0.195" /><testcase classname="backend.tests.test_journey_patch.TestJourneyPatchFeatures" name="test_backend_uses_detect_weakness_patterns" time="0.193" /><testcase classname="backend.tests.test_journey_patch.TestJourneyPatchFeatures" name="test_backend_uses_calculate_blunder_context_stats" time="0.199" /><testcase classname="backend.tests.test_journey_patch.TestJourneyPatchFeatures" name="test_no_new_aggregation_logic_top_issues_from_existing" time="0.281" /></testsuite></testsuites>