<?xml version="1.0" encoding="utf-8"?><testsuites name="pytest tests"><testsuite name="pytest" errors="0" failures="0" skipped="0" tests="19" time="2.759" timestamp="2026-02-21T11:15:12.724044+00:00" hostname="agent-env-b4658f5d-bb57-437a-a9c5-ec4b92ac8858"><testcase classname="backend.tests.test_trap_stats_community.TestTrapStatisticsAPI" name="test_record_trap_attempt_success" time="0.280" /><testcase classname="backend.tests.test_trap_stats_community.TestTrapStatisticsAPI" name="test_record_trap_attempt_failure" time="0.111" /><testcase classname="backend.tests.test_trap_stats_community.TestTrapStatisticsAPI" name="test_record_trap_attempt_recognition_mode" time="0.099" /><testcase classname="backend.tests.test_trap_stats_community.TestTrapStatisticsAPI" name="test_record_attempt_invalid_mode" time="0.117" /><testcase classname="backend.tests.test_trap_stats_community.TestTrapStatisticsAPI" name="test_record_attempt_missing_fields" time="0.105" /><testcase classname="backend.tests.test_trap_stats_community.TestTrapStatisticsAPI" name="test_get_user_trap_stats" time="0.146" /><testcase classname="backend.tests.test_trap_stats_community.TestTrapStatisticsAPI" name="test_get_trap_recommendations" time="0.116" /><testcase classname="backend.tests.test_trap_stats_community.TestCommunityLearningAPI" name="test_get_community_puzzles" time="0.102" /><testcase classname="backend.tests.test_trap_stats_community.TestCommunityLearningAPI" name="test_get_community_puzzles_with_filters" time="0.098" /><testcase classname="backend.tests.test_trap_stats_community.TestCommunityLearningAPI" name="test_get_community_stats" time="0.101" /><testcase classname="backend.tests.test_trap_stats_community.TestCommunityLearningAPI" name="test_share_puzzle" time="0.098" /><testcase classname="backend.tests.test_trap_stats_community.TestCommunityLearningAPI" name="test_share_puzzle_missing_fields" time="0.106" /><testcase classname="backend.tests.test_trap_stats_community.TestCommunityLearningAPI" name="test_attempt_community_puzzle" time="0.208" /><testcase classname="backend.tests.test_trap_stats_community.TestCommunityLearningAPI" name="test_attempt_puzzle_wrong_answer" time="0.205" /><testcase classname="backend.tests.test_trap_stats_community.TestCommunityLearningAPI" name="test_attempt_invalid_puzzle_id" time="0.102" /><testcase classname="backend.tests.test_trap_stats_community.TestCommunityLearningAPI" name="test_rate_puzzle_valid_rating" time="0.243" /><testcase classname="backend.tests.test_trap_stats_community.TestCommunityLearningAPI" name="test_rate_puzzle_invalid_rating" time="0.206" /><testcase classname="backend.tests.test_trap_stats_community.TestTrapStatsUIData" name="test_stats_has_weakest_and_strongest" time="0.116" /><testcase classname="backend.tests.test_trap_stats_community.TestTrapStatsUIData" name="test_recommendations_have_priority" time="0.100" /></testsuite></testsuites>