<?xml version="1.0" encoding="utf-8"?><testsuites name="pytest tests"><testsuite name="pytest" errors="0" failures="1" skipped="0" tests="13" time="17.141" timestamp="2026-02-21T15:44:35.365931+00:00" hostname="agent-env-0f80f7ca-099f-443c-9135-b95f3e14504e"><testcase classname="tests.test_puzzle_progression.TestPuzzleProgressionAPI" name="test_get_puzzle_progress_endpoint_exists" time="0.290" /><testcase classname="tests.test_puzzle_progression.TestPuzzleProgressionAPI" name="test_new_user_starts_at_1200_rating" time="0.190" /><testcase classname="tests.test_puzzle_progression.TestPuzzleProgressionAPI" name="test_progress_has_level_info" time="0.175" /><testcase classname="tests.test_puzzle_progression.TestPuzzleProgressionAPI" name="test_progress_has_stats" time="0.166" /><testcase classname="tests.test_puzzle_progression.TestPuzzleValidationWithProgression" name="test_validate_puzzle_endpoint_exists" time="2.715" /><testcase classname="tests.test_puzzle_progression.TestPuzzleValidationWithProgression" name="test_correct_answer_increases_rating" time="0.218" /><testcase classname="tests.test_puzzle_progression.TestPuzzleValidationWithProgression" name="test_incorrect_answer_decreases_rating" time="0.240" /><testcase classname="tests.test_puzzle_progression.TestPuzzleValidationWithProgression" name="test_correct_answer_increments_streak" time="2.198" /><testcase classname="tests.test_puzzle_progression.TestPuzzleValidationWithProgression" name="test_incorrect_answer_resets_streak" time="5.361"><failure message="AssertionError: Streak should reset to 0 on incorrect answer, got: 3&#10;assert 3 == 0">tests/test_puzzle_progression.py:208: in test_incorrect_answer_resets_streak
    assert streak == 0, f"Streak should reset to 0 on incorrect answer, got: {streak}"
E   AssertionError: Streak should reset to 0 on incorrect answer, got: 3
E   assert 3 == 0</failure></testcase><testcase classname="tests.test_puzzle_progression.TestPuzzleValidationWithProgression" name="test_progression_contains_rating_change" time="2.450" /><testcase classname="tests.test_puzzle_progression.TestPuzzleValidationWithProgression" name="test_progression_contains_level_up_info" time="2.537" /><testcase classname="tests.test_puzzle_progression.TestPuzzleDifficultyRecommendation" name="test_recommendation_endpoint_exists" time="0.183" /><testcase classname="tests.test_puzzle_progression.TestPuzzleLeaderboard" name="test_leaderboard_endpoint_exists" time="0.192" /></testsuite></testsuites>