<?xml version="1.0" encoding="utf-8"?><testsuites name="pytest tests"><testsuite name="pytest" errors="0" failures="0" skipped="0" tests="15" time="0.672" timestamp="2026-02-03T08:35:04.857877+00:00" hostname="agent-env-b6f13c78-e338-448d-9bab-1d357e97536c"><testcase classname="tests.test_journey_dashboard.TestHealthAndBasic" name="test_health_endpoint" time="0.082" /><testcase classname="tests.test_journey_dashboard.TestHealthAndBasic" name="test_root_endpoint" time="0.039" /><testcase classname="tests.test_journey_dashboard.TestJourneyEndpointsAuth" name="test_journey_requires_auth" time="0.042" /><testcase classname="tests.test_journey_dashboard.TestJourneyEndpointsAuth" name="test_linked_accounts_requires_auth" time="0.040" /><testcase classname="tests.test_journey_dashboard.TestJourneyEndpointsAuth" name="test_link_account_requires_auth" time="0.040" /><testcase classname="tests.test_journey_dashboard.TestJourneyEndpointsAuth" name="test_sync_now_requires_auth" time="0.037" /><testcase classname="tests.test_journey_dashboard.TestOtherProtectedEndpoints" name="test_games_requires_auth" time="0.039" /><testcase classname="tests.test_journey_dashboard.TestOtherProtectedEndpoints" name="test_patterns_requires_auth" time="0.037" /><testcase classname="tests.test_journey_dashboard.TestOtherProtectedEndpoints" name="test_profile_requires_auth" time="0.034" /><testcase classname="tests.test_journey_dashboard.TestOtherProtectedEndpoints" name="test_dashboard_stats_requires_auth" time="0.038" /><testcase classname="tests.test_journey_dashboard.TestPublicEndpoints" name="test_weakness_categories_public" time="0.036" /><testcase classname="tests.test_journey_dashboard.TestAuthEndpoints" name="test_auth_me_requires_session" time="0.039" /><testcase classname="tests.test_journey_dashboard.TestAuthEndpoints" name="test_auth_session_requires_session_id" time="0.040" /><testcase classname="tests.test_journey_dashboard.TestAuthEndpoints" name="test_auth_logout_works" time="0.036" /><testcase classname="tests.test_journey_dashboard.TestLinkAccountValidation" name="test_link_account_invalid_platform_format" time="0.040" /></testsuite></testsuites>