<?xml version="1.0" encoding="utf-8"?><testsuites name="pytest tests"><testsuite name="pytest" errors="0" failures="0" skipped="0" tests="11" time="0.537" timestamp="2026-02-11T17:30:23.532797+00:00" hostname="agent-env-e63c37ce-d639-4895-8460-67fab0796085"><testcase classname="backend.tests.test_evidence_drill_features.TestFocusEvidenceFeature" name="test_focus_returns_evidence_array" time="0.064" /><testcase classname="backend.tests.test_evidence_drill_features.TestFocusEvidenceFeature" name="test_focus_occurrences_count" time="0.043" /><testcase classname="backend.tests.test_evidence_drill_features.TestJourneyV2EvidenceFeatures" name="test_weakness_ranking_has_evidence" time="0.048" /><testcase classname="backend.tests.test_evidence_drill_features.TestJourneyV2EvidenceFeatures" name="test_win_state_has_evidence" time="0.045" /><testcase classname="backend.tests.test_evidence_drill_features.TestDrillPositionsEndpoint" name="test_drill_positions_returns_200" time="0.040" /><testcase classname="backend.tests.test_evidence_drill_features.TestDrillPositionsEndpoint" name="test_drill_positions_with_pattern_filter" time="0.044" /><testcase classname="backend.tests.test_evidence_drill_features.TestDrillPositionsEndpoint" name="test_drill_positions_with_state_filter" time="0.044" /><testcase classname="backend.tests.test_evidence_drill_features.TestDrillPositionsEndpoint" name="test_drill_positions_structure" time="0.039" /><testcase classname="backend.tests.test_evidence_drill_features.TestDrillPositionsEndpoint" name="test_drill_positions_with_both_filters" time="0.037" /><testcase classname="backend.tests.test_evidence_drill_features.TestWeaknessRankingWithEvidence" name="test_weakness_ranking_contains_evidence_per_pattern" time="0.039" /><testcase classname="backend.tests.test_evidence_drill_features.TestWinStateWithEvidence" name="test_win_state_contains_evidence_per_state" time="0.038" /></testsuite></testsuites>