<?xml version="1.0" encoding="utf-8"?><testsuites name="pytest tests"><testsuite name="pytest" errors="0" failures="0" skipped="0" tests="20" time="0.853" timestamp="2026-02-08T03:56:14.046832+00:00" hostname="agent-env-4b7e69fe-c9c4-4342-beec-27cb65009ed6"><testcase classname="tests.test_phase_aware_coaching.TestPhaseAwareCoachingBackend" name="test_analysis_endpoint_returns_phase_analysis" time="0.169" /><testcase classname="tests.test_phase_aware_coaching.TestPhaseAwareCoachingBackend" name="test_analysis_endpoint_returns_strategic_lesson" time="0.087" /><testcase classname="tests.test_phase_aware_coaching.TestPhaseAwareCoachingBackend" name="test_analysis_endpoint_returns_phase_theory" time="0.088" /><testcase classname="tests.test_phase_aware_coaching.TestPhaseAwareCoachingBackend" name="test_phase_transitions_detected" time="0.082" /><testcase classname="tests.test_phase_aware_coaching.TestPhaseAwareCoachingBackend" name="test_strategic_lesson_required_fields" time="0.080" /><testcase classname="tests.test_phase_aware_coaching.TestPhaseAwareCoachingBackend" name="test_phase_theory_required_fields" time="0.081" /><testcase classname="tests.test_phase_aware_coaching.TestPhaseAwareCoachingBackend" name="test_rating_bracket_present" time="0.097" /><testcase classname="tests.test_phase_aware_coaching.TestRatingAdaptiveContent" name="test_rating_bracket_beginner" time="0.033" /><testcase classname="tests.test_phase_aware_coaching.TestRatingAdaptiveContent" name="test_rating_bracket_intermediate" time="0.000" /><testcase classname="tests.test_phase_aware_coaching.TestRatingAdaptiveContent" name="test_rating_bracket_advanced" time="0.000" /><testcase classname="tests.test_phase_aware_coaching.TestRatingAdaptiveContent" name="test_rating_bracket_expert" time="0.000" /><testcase classname="tests.test_phase_aware_coaching.TestRatingAdaptiveContent" name="test_different_ratings_produce_different_content" time="0.000" /><testcase classname="tests.test_phase_aware_coaching.TestRatingAdaptiveContent" name="test_strategic_lesson_rating_adaptive" time="0.000" /><testcase classname="tests.test_phase_aware_coaching.TestPhaseDetection" name="test_detect_opening_phase" time="0.000" /><testcase classname="tests.test_phase_aware_coaching.TestPhaseDetection" name="test_detect_middlegame_phase" time="0.000" /><testcase classname="tests.test_phase_aware_coaching.TestPhaseDetection" name="test_detect_endgame_phase" time="0.000" /><testcase classname="tests.test_phase_aware_coaching.TestPhaseDetection" name="test_detect_pawn_ending" time="0.000" /><testcase classname="tests.test_phase_aware_coaching.TestEndgameTypeDetection" name="test_rook_ending_detection" time="0.000" /><testcase classname="tests.test_phase_aware_coaching.TestEndgameTypeDetection" name="test_minor_piece_ending_detection" time="0.000" /><testcase classname="tests.test_phase_aware_coaching.TestEndgameTypeDetection" name="test_material_balance_detection" time="0.000" /></testsuite></testsuites>