<?xml version="1.0" encoding="utf-8"?><testsuites name="pytest tests"><testsuite name="pytest" errors="0" failures="0" skipped="0" tests="9" time="0.726" timestamp="2026-02-12T07:58:12.751613+00:00" hostname="agent-env-14c0a50a-0bbe-4de8-b10d-2d6a14544cf0"><testcase classname="backend.tests.test_p0_features.TestDashboardFeatures" name="test_dashboard_stats_endpoint" time="0.096" /><testcase classname="backend.tests.test_p0_features.TestDashboardFeatures" name="test_dashboard_stats_rating_impact" time="0.078" /><testcase classname="backend.tests.test_p0_features.TestDashboardFeatures" name="test_dashboard_stats_top_weaknesses" time="0.069" /><testcase classname="backend.tests.test_p0_features.TestDashboardFeatures" name="test_milestones_endpoint" time="0.060" /><testcase classname="backend.tests.test_p0_features.TestDashboardFeatures" name="test_rating_impact_endpoint" time="0.092" /><testcase classname="backend.tests.test_p0_features.TestLabPageFeatures" name="test_lab_endpoint_exists" time="0.076" /><testcase classname="backend.tests.test_p0_features.TestLabPageFeatures" name="test_lab_similar_games" time="0.062" /><testcase classname="backend.tests.test_p0_features.TestLabPageFeatures" name="test_lab_core_lesson_structure" time="0.072" /><testcase classname="backend.tests.test_p0_features.TestLabPageFeatures" name="test_analysis_endpoint" time="0.062" /></testsuite></testsuites>