<?xml version="1.0" encoding="utf-8"?><testsuites name="pytest tests"><testsuite name="pytest" errors="0" failures="1" skipped="0" tests="18" time="1.002" timestamp="2026-02-11T13:59:01.861120+00:00" hostname="agent-env-244e5f94-b822-44fd-9efb-048ca923f928"><testcase classname="backend.tests.test_badge_details_interactive.TestBadgeDetailsEndpoint" name="test_badges_endpoint_returns_200" time="0.131" /><testcase classname="backend.tests.test_badge_details_interactive.TestBadgeDetailsEndpoint" name="test_badge_details_tactical_returns_structure" time="0.115" /><testcase classname="backend.tests.test_badge_details_interactive.TestBadgeDetailsEndpoint" name="test_badge_details_opening_returns_structure" time="0.082" /><testcase classname="backend.tests.test_badge_details_interactive.TestBadgeDetailsEndpoint" name="test_badge_details_positional_returns_structure" time="0.057" /><testcase classname="backend.tests.test_badge_details_interactive.TestBadgeDetailsEndpoint" name="test_badge_details_endgame_returns_structure" time="0.052" /><testcase classname="backend.tests.test_badge_details_interactive.TestBadgeDetailsEndpoint" name="test_badge_details_defense_returns_structure" time="0.052" /><testcase classname="backend.tests.test_badge_details_interactive.TestBadgeDetailsEndpoint" name="test_badge_details_converting_returns_structure" time="0.051" /><testcase classname="backend.tests.test_badge_details_interactive.TestBadgeDetailsEndpoint" name="test_badge_details_focus_returns_structure" time="0.060" /><testcase classname="backend.tests.test_badge_details_interactive.TestBadgeDetailsEndpoint" name="test_badge_details_time_returns_structure" time="0.055" /><testcase classname="backend.tests.test_badge_details_interactive.TestBadgeDetailsEndpoint" name="test_badge_details_invalid_badge_returns_400" time="0.053" /><testcase classname="backend.tests.test_badge_details_interactive.TestBadgeDetailsEndpoint" name="test_badge_details_games_have_required_fields" time="0.113" /><testcase classname="backend.tests.test_badge_details_interactive.TestMistakeClassifier" name="test_classify_mistake_function_exists" time="0.027" /><testcase classname="backend.tests.test_badge_details_interactive.TestMistakeClassifier" name="test_find_forks_function" time="0.001" /><testcase classname="backend.tests.test_badge_details_interactive.TestMistakeClassifier" name="test_find_pins_function" time="0.000" /><testcase classname="backend.tests.test_badge_details_interactive.TestMistakeClassifier" name="test_classify_mistake_returns_correct_structure" time="0.002" /><testcase classname="backend.tests.test_badge_details_interactive.TestMistakeClassifier" name="test_classify_mistake_detects_blunder" time="0.001" /><testcase classname="backend.tests.test_badge_details_interactive.TestDevMode" name="test_auth_status_returns_dev_mode" time="0.039" /><testcase classname="backend.tests.test_badge_details_interactive.TestDevMode" name="test_dev_login_works" time="0.035"><failure message="AssertionError: assert 'user_bdd07038f9c0' == 'local_tester'&#10;  &#10;  - local_tester&#10;  + user_bdd07038f9c0">backend/tests/test_badge_details_interactive.py:262: in test_dev_login_works
    assert data["user"]["user_id"] == "local_tester"
E   AssertionError: assert 'user_bdd07038f9c0' == 'local_tester'
E     
E     - local_tester
E     + user_bdd07038f9c0</failure></testcase></testsuite></testsuites>