<?xml version="1.0" encoding="utf-8"?><testsuites name="pytest tests"><testsuite name="pytest" errors="0" failures="0" skipped="0" tests="19" time="3.493" timestamp="2026-02-25T07:23:08.904110+00:00" hostname="agent-env-c034be73-eb48-4d8c-aadc-959de444caf6"><testcase classname="test_focus_mastery_api.TestFocusMasteryAPI" name="test_focus_mastery_endpoint_returns_200" time="0.240" /><testcase classname="test_focus_mastery_api.TestFocusMasteryAPI" name="test_focus_mastery_returns_focus_mastery_field" time="0.230" /><testcase classname="test_focus_mastery_api.TestFocusMasteryAPI" name="test_focus_mastery_returns_masteries_legacy_field" time="0.177" /><testcase classname="test_focus_mastery_api.TestFocusMasteryAPI" name="test_focus_mastery_contains_user_id" time="0.180" /><testcase classname="test_focus_mastery_api.TestFocusMasteryAPI" name="test_focus_mastery_contains_patterns" time="0.190" /><testcase classname="test_focus_mastery_api.TestFocusMasteryAPI" name="test_focus_mastery_contains_overall_mastery" time="0.155" /><testcase classname="test_focus_mastery_api.TestFocusMasteryAPI" name="test_focus_mastery_contains_overall_level" time="0.177" /><testcase classname="test_focus_mastery_api.TestFocusMasteryAPI" name="test_focus_mastery_contains_top_strength" time="0.161" /><testcase classname="test_focus_mastery_api.TestFocusMasteryAPI" name="test_focus_mastery_contains_biggest_gap" time="0.170" /><testcase classname="test_focus_mastery_api.TestFocusMasteryAPI" name="test_focus_mastery_contains_recommended_focus" time="0.175" /><testcase classname="test_focus_mastery_api.TestFocusMasteryAPI" name="test_focus_mastery_patterns_have_required_fields" time="0.192" /><testcase classname="test_focus_mastery_api.TestFocusMasteryAPI" name="test_focus_mastery_patterns_have_valid_mastery_level" time="0.187" /><testcase classname="test_focus_mastery_api.TestFocusMasteryAPI" name="test_focus_mastery_patterns_have_valid_trend" time="0.178" /><testcase classname="test_focus_mastery_api.TestFocusMasteryAPI" name="test_focus_mastery_contains_total_patterns_tracked" time="0.174" /><testcase classname="test_focus_mastery_api.TestFocusMasteryAPI" name="test_focus_mastery_contains_active_patterns" time="0.170" /><testcase classname="test_focus_mastery_api.TestFocusMasteryPatternDetails" name="test_pattern_mastery_score_is_valid_range" time="0.176" /><testcase classname="test_focus_mastery_api.TestFocusMasteryPatternDetails" name="test_pattern_protocol_is_list" time="0.168" /><testcase classname="test_focus_mastery_api.TestFocusMasteryPatternDetails" name="test_pattern_category_is_valid" time="0.168" /><testcase classname="test_focus_mastery_api.TestFocusMasteryPatternDetails" name="test_known_patterns_are_present" time="0.187" /></testsuite></testsuites>