<?xml version="1.0" encoding="utf-8"?><testsuites name="pytest tests"><testsuite name="pytest" errors="0" failures="0" skipped="0" tests="12" time="2.267" timestamp="2026-02-25T03:45:18.821498+00:00" hostname="agent-env-c5159c19-abf3-45de-ae11-8646081c1d44"><testcase classname="backend.tests.test_coach_pulse_reflect_api.TestCoachPulseAPI" name="test_reflect_pending_count_returns_200" time="0.204" /><testcase classname="backend.tests.test_coach_pulse_reflect_api.TestCoachPulseAPI" name="test_coach_fresh_loss_returns_200" time="0.123" /><testcase classname="backend.tests.test_coach_pulse_reflect_api.TestCoachPulseAPI" name="test_coach_weekly_proof_returns_200" time="0.116" /><testcase classname="backend.tests.test_coach_pulse_reflect_api.TestReflectAPI" name="test_reflect_pending_returns_games" time="0.235" /><testcase classname="backend.tests.test_coach_pulse_reflect_api.TestReflectAPI" name="test_reflect_profile_returns_200" time="0.118" /><testcase classname="backend.tests.test_coach_pulse_reflect_api.TestReflectAPI" name="test_reflect_quick_tags_with_valid_position" time="0.107" /><testcase classname="backend.tests.test_coach_pulse_reflect_api.TestReflectAPI" name="test_reflect_game_moments_returns_moments" time="0.272" /><testcase classname="backend.tests.test_coach_pulse_reflect_api.TestMissionPositionsAPI" name="test_missions_today_returns_200" time="0.141" /><testcase classname="backend.tests.test_coach_pulse_reflect_api.TestMissionPositionsAPI" name="test_mission_positions_returns_real_positions" time="0.257" /><testcase classname="backend.tests.test_coach_pulse_reflect_api.TestMissionPositionsAPI" name="test_mission_positions_returns_valid_fen" time="0.282" /><testcase classname="backend.tests.test_coach_pulse_reflect_api.TestCoachHomeAPI" name="test_games_list_returns_200" time="0.161" /><testcase classname="backend.tests.test_coach_pulse_reflect_api.TestCoachHomeAPI" name="test_missions_start_requires_mission_id" time="0.223" /></testsuite></testsuites>