<?xml version="1.0" encoding="utf-8"?><testsuites name="pytest tests"><testsuite name="pytest" errors="0" failures="0" skipped="2" tests="14" time="1.862" timestamp="2026-02-14T10:12:04.462421+00:00" hostname="agent-env-20390960-2d8f-4758-9fb9-5ba6c3a27aaa"><testcase classname="backend.tests.test_board_first_coach.TestPlanAuditAPI" name="test_plan_audit_returns_200" time="0.163" /><testcase classname="backend.tests.test_board_first_coach.TestPlanAuditAPI" name="test_plan_audit_has_key_moments_when_data_available" time="0.117" /><testcase classname="backend.tests.test_board_first_coach.TestPlanAuditAPI" name="test_key_moment_structure" time="0.101"><skipped type="pytest.skip" message="No key moments available to test structure">/app/backend/tests/test_board_first_coach.py:71: No key moments available to test structure</skipped></testcase><testcase classname="backend.tests.test_board_first_coach.TestPlanAuditAPI" name="test_key_moment_has_correct_moves" time="0.109"><skipped type="pytest.skip" message="No key moments available">/app/backend/tests/test_board_first_coach.py:94: No key moments available</skipped></testcase><testcase classname="backend.tests.test_board_first_coach.TestPlanAuditAPI" name="test_plan_audit_has_drills_when_data_available" time="0.117" /><testcase classname="backend.tests.test_board_first_coach.TestRoundPreparationAPI" name="test_round_preparation_returns_200" time="0.169" /><testcase classname="backend.tests.test_board_first_coach.TestRoundPreparationAPI" name="test_has_opening_recommendation" time="0.114" /><testcase classname="backend.tests.test_board_first_coach.TestRoundPreparationAPI" name="test_has_cards_for_plan_tab" time="0.118" /><testcase classname="backend.tests.test_board_first_coach.TestRoundPreparationAPI" name="test_has_drills_for_practice" time="0.122" /><testcase classname="backend.tests.test_board_first_coach.TestRoundPreparationAPI" name="test_has_training_block" time="0.120" /><testcase classname="backend.tests.test_board_first_coach.TestDrillStructure" name="test_drill_has_correct_moves" time="0.128" /><testcase classname="backend.tests.test_board_first_coach.TestDrillStructure" name="test_drill_has_fen_position" time="0.126" /><testcase classname="backend.tests.test_board_first_coach.TestAuditSummary" name="test_has_audit_summary" time="0.173" /><testcase classname="backend.tests.test_board_first_coach.TestAuditSummary" name="test_audit_summary_has_opponent_when_available" time="0.111" /></testsuite></testsuites>