<?xml version="1.0" encoding="utf-8"?><testsuites name="pytest tests"><testsuite name="pytest" errors="0" failures="0" skipped="0" tests="15" time="8.403" timestamp="2026-02-15T08:57:10.500884+00:00" hostname="agent-env-da199f1a-820d-4125-8600-365735afa0fe"><testcase classname="tests.test_focus_plan.TestFocusPlanAPI" name="test_get_focus_plan_returns_complete_data" time="0.243" /><testcase classname="tests.test_focus_plan.TestFocusPlanAPI" name="test_focus_plan_has_coach_note" time="0.146" /><testcase classname="tests.test_focus_plan.TestFocusPlanAPI" name="test_focus_plan_has_streak_info" time="0.112" /><testcase classname="tests.test_focus_plan.TestFocusPlanAPI" name="test_primary_focus_bucket_codes" time="0.114" /><testcase classname="tests.test_focus_plan.TestFocusPlanAPI" name="test_opening_recommendations_have_stats" time="0.111" /><testcase classname="tests.test_focus_plan.TestFocusPlanAPI" name="test_regenerate_focus_plan" time="0.121" /><testcase classname="tests.test_focus_plan.TestFocusPlanAPI" name="test_mission_start_creates_session" time="0.108" /><testcase classname="tests.test_focus_plan.TestFocusPlanAPI" name="test_mission_interaction_heartbeat" time="0.179" /><testcase classname="tests.test_focus_plan.TestFocusPlanAPI" name="test_mission_interaction_position_attempt" time="0.228" /><testcase classname="tests.test_focus_plan.TestFocusPlanAPI" name="test_mission_active_time_tracking" time="6.250" /><testcase classname="tests.test_focus_plan.TestFocusPlanAPI" name="test_bucket_breakdown_returns_all_buckets" time="0.131" /><testcase classname="tests.test_focus_plan.TestFocusPlanAPI" name="test_mission_complete" time="0.151" /><testcase classname="tests.test_focus_plan.TestFocusPlanAPI" name="test_determinism_same_inputs_same_plan" time="0.174" /><testcase classname="tests.test_focus_plan.TestFocusPlanEdgeCases" name="test_invalid_session_interaction_returns_error" time="0.104" /><testcase classname="tests.test_focus_plan.TestFocusPlanEdgeCases" name="test_mission_complete_invalid_session" time="0.113" /></testsuite></testsuites>