<?xml version="1.0" encoding="utf-8"?><testsuites name="pytest tests"><testsuite name="pytest" errors="0" failures="0" skipped="0" tests="9" time="14.315" timestamp="2026-02-21T05:16:21.017694+00:00" hostname="agent-env-b4658f5d-bb57-437a-a9c5-ec4b92ac8858"><testcase classname="tests.test_puzzle_validation.TestPuzzleValidationAPI" name="test_correct_move_accepted" time="2.725" /><testcase classname="tests.test_puzzle_validation.TestPuzzleValidationAPI" name="test_wrong_move_rejected" time="0.845" /><testcase classname="tests.test_puzzle_validation.TestPuzzleValidationAPI" name="test_good_move_accepted" time="2.101" /><testcase classname="tests.test_puzzle_validation.TestPuzzleValidationAPI" name="test_smart_feedback_includes_eval_diff" time="3.177" /><testcase classname="tests.test_puzzle_validation.TestPuzzleValidationAPI" name="test_move_quality_classification" time="2.702" /><testcase classname="tests.test_puzzle_validation.TestPuzzleValidationAPI" name="test_explanation_provided" time="1.362" /><testcase classname="tests.test_puzzle_validation.TestPuzzleValidationAPI" name="test_invalid_move_returns_error" time="0.128" /><testcase classname="tests.test_puzzle_validation.TestStockfishEngineIntegration" name="test_stockfish_evaluates_mate_in_one" time="0.326" /><testcase classname="tests.test_puzzle_validation.TestStockfishEngineIntegration" name="test_stockfish_detects_blunder" time="0.837" /></testsuite></testsuites>