<?xml version="1.0" encoding="utf-8"?><testsuites name="pytest tests"><testsuite name="pytest" errors="0" failures="3" skipped="2" tests="14" time="2.652" timestamp="2026-02-14T10:11:30.743490+00:00" hostname="agent-env-20390960-2d8f-4758-9fb9-5ba6c3a27aaa"><testcase classname="backend.tests.test_board_first_coach.TestPlanAuditAPI" name="test_plan_audit_returns_200" time="0.170" /><testcase classname="backend.tests.test_board_first_coach.TestPlanAuditAPI" name="test_plan_audit_has_key_moments" time="0.111"><failure message="AssertionError: key_moments field missing&#10;assert 'key_moments' in {'has_data': False, 'message': 'No active plan to audit against'}">backend/tests/test_board_first_coach.py:36: in test_plan_audit_has_key_moments
    assert "key_moments" in data, "key_moments field missing"
E   AssertionError: key_moments field missing
E   assert 'key_moments' in {'has_data': False, 'message': 'No active plan to audit against'}</failure></testcase><testcase classname="backend.tests.test_board_first_coach.TestPlanAuditAPI" name="test_key_moment_structure" time="0.110"><skipped type="pytest.skip" message="No key moments available to test structure">/app/backend/tests/test_board_first_coach.py:65: No key moments available to test structure</skipped></testcase><testcase classname="backend.tests.test_board_first_coach.TestPlanAuditAPI" name="test_key_moment_has_correct_moves" time="0.112"><skipped type="pytest.skip" message="No key moments available">/app/backend/tests/test_board_first_coach.py:88: No key moments available</skipped></testcase><testcase classname="backend.tests.test_board_first_coach.TestPlanAuditAPI" name="test_plan_audit_has_drills" time="0.129"><failure message="AssertionError: drills field missing&#10;assert 'drills' in {'has_data': False, 'message': 'No active plan to audit against'}">backend/tests/test_board_first_coach.py:99: in test_plan_audit_has_drills
    assert "drills" in data, "drills field missing"
E   AssertionError: drills field missing
E   assert 'drills' in {'has_data': False, 'message': 'No active plan to audit against'}</failure></testcase><testcase classname="backend.tests.test_board_first_coach.TestRoundPreparationAPI" name="test_round_preparation_returns_200" time="0.225" /><testcase classname="backend.tests.test_board_first_coach.TestRoundPreparationAPI" name="test_has_opening_recommendation" time="0.129" /><testcase classname="backend.tests.test_board_first_coach.TestRoundPreparationAPI" name="test_has_cards_for_plan_tab" time="0.144" /><testcase classname="backend.tests.test_board_first_coach.TestRoundPreparationAPI" name="test_has_drills_for_practice" time="0.138" /><testcase classname="backend.tests.test_board_first_coach.TestRoundPreparationAPI" name="test_has_training_block" time="0.134" /><testcase classname="backend.tests.test_board_first_coach.TestDrillStructure" name="test_drill_has_correct_moves" time="0.231" /><testcase classname="backend.tests.test_board_first_coach.TestDrillStructure" name="test_drill_has_fen_position" time="0.117" /><testcase classname="backend.tests.test_board_first_coach.TestAuditSummary" name="test_has_audit_summary" time="0.104" /><testcase classname="backend.tests.test_board_first_coach.TestAuditSummary" name="test_audit_summary_has_opponent" time="0.577"><failure message="AssertionError: Missing opponent_name in audit_summary&#10;assert 'opponent_name' in {}">backend/tests/test_board_first_coach.py:267: in test_audit_summary_has_opponent
    assert "opponent_name" in summary, "Missing opponent_name in audit_summary"
E   AssertionError: Missing opponent_name in audit_summary
E   assert 'opponent_name' in {}</failure></testcase></testsuite></testsuites>