<?xml version="1.0" encoding="utf-8"?><testsuites name="pytest tests"><testsuite name="pytest" errors="0" failures="0" skipped="0" tests="9" time="13.644" timestamp="2026-02-12T13:55:53.169947+00:00" hostname="agent-env-ec0361d0-80ba-40f2-9ada-3d6eeeaa4592"><testcase classname="tests.test_explain_mistake.TestExplainMistakeEndpoint" name="test_explain_mistake_basic_request" time="2.783" /><testcase classname="tests.test_explain_mistake.TestExplainMistakeEndpoint" name="test_explain_mistake_returns_all_fields" time="1.441" /><testcase classname="tests.test_explain_mistake.TestExplainMistakeEndpoint" name="test_explain_mistake_detects_tactical_patterns" time="1.633" /><testcase classname="tests.test_explain_mistake.TestExplainMistakeEndpoint" name="test_explain_mistake_with_opening_position" time="1.604" /><testcase classname="tests.test_explain_mistake.TestExplainMistakeEndpoint" name="test_explain_mistake_thinking_habit_present" time="1.734" /><testcase classname="tests.test_explain_mistake.TestExplainMistakeEndpoint" name="test_explain_mistake_unauthorized_without_login" time="1.529" /><testcase classname="tests.test_explain_mistake.TestExplainMistakeEndpoint" name="test_explain_mistake_invalid_fen" time="0.047" /><testcase classname="tests.test_explain_mistake.TestExplainMistakeEndpoint" name="test_explain_mistake_black_pieces" time="1.403" /><testcase classname="tests.test_explain_mistake.TestExplainMistakeTemplates" name="test_short_label_matches_template" time="1.411" /></testsuite></testsuites>