<?xml version="1.0" encoding="utf-8"?><testsuites name="pytest tests"><testsuite name="pytest" errors="0" failures="0" skipped="0" tests="25" time="3.499" timestamp="2026-02-14T08:10:53.577291+00:00" hostname="agent-env-e3675201-5eeb-44df-92fc-69639b0222f3"><testcase classname="tests.test_deterministic_coach.TestRoundPreparationEndpoint" name="test_round_preparation_returns_200" time="0.288" /><testcase classname="tests.test_deterministic_coach.TestRoundPreparationEndpoint" name="test_round_preparation_has_cards" time="0.158" /><testcase classname="tests.test_deterministic_coach.TestRoundPreparationEndpoint" name="test_round_preparation_has_rating_band" time="0.127" /><testcase classname="tests.test_deterministic_coach.TestRoundPreparationEndpoint" name="test_round_preparation_training_block" time="0.120" /><testcase classname="tests.test_deterministic_coach.TestRoundPreparationEndpoint" name="test_domain_card_structure" time="0.113" /><testcase classname="tests.test_deterministic_coach.TestRoundPreparationEndpoint" name="test_domain_card_goals_non_empty" time="0.134" /><testcase classname="tests.test_deterministic_coach.TestRoundPreparationEndpoint" name="test_focus_items_structure" time="0.113" /><testcase classname="tests.test_deterministic_coach.TestPlanAuditEndpoint" name="test_plan_audit_returns_200" time="0.114" /><testcase classname="tests.test_deterministic_coach.TestPlanAuditEndpoint" name="test_plan_audit_structure" time="0.108" /><testcase classname="tests.test_deterministic_coach.TestPlanAuditEndpoint" name="test_plan_audit_summary_structure" time="0.115" /><testcase classname="tests.test_deterministic_coach.TestPlanAuditEndpoint" name="test_audit_card_status_values" time="0.124" /><testcase classname="tests.test_deterministic_coach.TestPlanAuditEndpoint" name="test_audit_evidence_links" time="0.124" /><testcase classname="tests.test_deterministic_coach.TestPlanAuditEndpoint" name="test_audit_coach_notes" time="0.114" /><testcase classname="tests.test_deterministic_coach.TestCoachingProfileEndpoint" name="test_coaching_profile_returns_200" time="0.115" /><testcase classname="tests.test_deterministic_coach.TestCoachingProfileEndpoint" name="test_coaching_profile_fundamentals" time="0.138" /><testcase classname="tests.test_deterministic_coach.TestCoachingProfileEndpoint" name="test_coaching_profile_weakness_patterns" time="0.117" /><testcase classname="tests.test_deterministic_coach.TestCoachingProfileEndpoint" name="test_coaching_profile_domain_history" time="0.123" /><testcase classname="tests.test_deterministic_coach.TestCoachingProfileEndpoint" name="test_coaching_profile_rating_band" time="0.117" /><testcase classname="tests.test_deterministic_coach.TestRegeneratePlanEndpoint" name="test_regenerate_plan_returns_200" time="0.111" /><testcase classname="tests.test_deterministic_coach.TestRegeneratePlanEndpoint" name="test_regenerate_plan_returns_new_plan" time="0.114" /><testcase classname="tests.test_deterministic_coach.TestRegeneratePlanEndpoint" name="test_regenerate_plan_is_active" time="0.124" /><testcase classname="tests.test_deterministic_coach.TestIntensityLevels" name="test_intensity_l1_light" time="0.112" /><testcase classname="tests.test_deterministic_coach.TestIntensityLevels" name="test_intensity_names_match_levels" time="0.123" /><testcase classname="tests.test_deterministic_coach.TestIntensityLevels" name="test_escalated_domains_higher_intensity" time="0.198" /><testcase classname="tests.test_deterministic_coach.TestEscalationWarnings" name="test_escalation_flag_on_consecutive_misses" time="0.123" /></testsuite></testsuites>