<?xml version="1.0" encoding="utf-8"?><testsuites name="pytest tests"><testsuite name="pytest" errors="0" failures="0" skipped="0" tests="13" time="0.740" timestamp="2026-02-08T07:55:37.800012+00:00" hostname="agent-env-168f903c-7526-4396-8ac1-6059295053ed"><testcase classname="backend.tests.test_pdr_removal.TestPDRRemoval" name="test_coach_today_does_not_contain_pdr_key" time="0.063" /><testcase classname="backend.tests.test_pdr_removal.TestPDRRemoval" name="test_coach_today_has_expected_structure" time="0.041" /><testcase classname="backend.tests.test_pdr_removal.TestPDRRemoval" name="test_coach_note_structure" time="0.038" /><testcase classname="backend.tests.test_pdr_removal.TestPDRRemoval" name="test_light_stats_structure" time="0.039" /><testcase classname="backend.tests.test_pdr_removal.TestWhyQuestionEndpoint" name="test_why_endpoint_returns_question" time="0.069" /><testcase classname="backend.tests.test_pdr_removal.TestWhyQuestionEndpoint" name="test_why_endpoint_returns_options" time="0.070" /><testcase classname="backend.tests.test_pdr_removal.TestWhyQuestionEndpoint" name="test_why_endpoint_returns_explanation" time="0.069" /><testcase classname="backend.tests.test_pdr_removal.TestWhyQuestionEndpoint" name="test_why_endpoint_invalid_card" time="0.035" /><testcase classname="backend.tests.test_pdr_removal.TestWhyQuestionEndpoint" name="test_why_endpoint_optional_fields" time="0.068" /><testcase classname="backend.tests.test_pdr_removal.TestTrainingSession" name="test_training_session_endpoint_works" time="0.036" /><testcase classname="backend.tests.test_pdr_removal.TestTrainingSession" name="test_training_session_has_correct_structure" time="0.035" /><testcase classname="backend.tests.test_pdr_removal.TestCardStructure" name="test_card_has_required_fields" time="0.036" /><testcase classname="backend.tests.test_pdr_removal.TestCardStructure" name="test_card_fen_is_valid" time="0.032" /></testsuite></testsuites>