<?xml version="1.0" encoding="utf-8"?><testsuites name="pytest tests"><testsuite name="pytest" errors="0" failures="0" skipped="0" tests="12" time="0.678" timestamp="2026-02-08T12:08:45.417324+00:00" hostname="agent-env-168f903c-7526-4396-8ac1-6059295053ed"><testcase classname="tests.test_opening_discipline.TestOpeningDisciplineAPI" name="test_coach_today_returns_opening_discipline" time="0.081" /><testcase classname="tests.test_opening_discipline.TestOpeningDisciplineAPI" name="test_opening_discipline_has_data_flag" time="0.046" /><testcase classname="tests.test_opening_discipline.TestOpeningDisciplineAPI" name="test_play_this_today_structure" time="0.042" /><testcase classname="tests.test_opening_discipline.TestOpeningDisciplineAPI" name="test_play_this_today_black_opening_values" time="0.044" /><testcase classname="tests.test_opening_discipline.TestOpeningDisciplineAPI" name="test_rating_leaks_structure" time="0.046" /><testcase classname="tests.test_opening_discipline.TestOpeningDisciplineAPI" name="test_rating_leaks_french_defense" time="0.041" /><testcase classname="tests.test_opening_discipline.TestOpeningDisciplineAPI" name="test_wisdom_structure" time="0.045" /><testcase classname="tests.test_opening_discipline.TestOpeningDisciplineAPI" name="test_wisdom_scandinavian_tip" time="0.043" /><testcase classname="tests.test_opening_discipline.TestOpeningDisciplineAPI" name="test_opening_discipline_leak_message" time="0.039" /><testcase classname="tests.test_opening_discipline.TestOpeningDisciplineAPI" name="test_total_openings_analyzed" time="0.046" /><testcase classname="tests.test_opening_discipline.TestOpeningDisciplineEdgeCases" name="test_unauthenticated_request" time="0.039" /><testcase classname="tests.test_opening_discipline.TestOpeningDisciplineEdgeCases" name="test_invalid_token" time="0.042" /></testsuite></testsuites>