<?xml version="1.0" encoding="utf-8"?><testsuites name="pytest tests"><testsuite name="pytest" errors="0" failures="0" skipped="0" tests="52" time="0.329" timestamp="2026-02-08T05:18:55.711551+00:00" hostname="agent-env-4b7e69fe-c9c4-4342-beec-27cb65009ed6"><testcase classname="backend.tests.test_chess_journey.TestJourneyEndpointAvailability" name="test_journey_comprehensive_endpoint_exists" time="0.102" /><testcase classname="backend.tests.test_chess_journey.TestJourneyEndpointAvailability" name="test_journey_endpoint_requires_auth" time="0.037" /><testcase classname="backend.tests.test_chess_journey.TestJourneyEndpointAvailability" name="test_journey_returns_json" time="0.015" /><testcase classname="backend.tests.test_chess_journey.TestJourneyStructure" name="test_has_member_since" time="0.012" /><testcase classname="backend.tests.test_chess_journey.TestJourneyStructure" name="test_has_total_games_analyzed" time="0.000" /><testcase classname="backend.tests.test_chess_journey.TestJourneyStructure" name="test_has_rating_progression" time="0.000" /><testcase classname="backend.tests.test_chess_journey.TestJourneyStructure" name="test_has_phase_mastery" time="0.000" /><testcase classname="backend.tests.test_chess_journey.TestJourneyStructure" name="test_has_improvement_metrics" time="0.000" /><testcase classname="backend.tests.test_chess_journey.TestJourneyStructure" name="test_has_habit_journey" time="0.000" /><testcase classname="backend.tests.test_chess_journey.TestJourneyStructure" name="test_has_opening_repertoire" time="0.000" /><testcase classname="backend.tests.test_chess_journey.TestRatingProgression" name="test_rating_has_started_at" time="0.000" /><testcase classname="backend.tests.test_chess_journey.TestRatingProgression" name="test_rating_has_current" time="0.000" /><testcase classname="backend.tests.test_chess_journey.TestRatingProgression" name="test_rating_has_change" time="0.000" /><testcase classname="backend.tests.test_chess_journey.TestRatingProgression" name="test_rating_has_peak" time="0.000" /><testcase classname="backend.tests.test_chess_journey.TestRatingProgression" name="test_rating_has_trend" time="0.000" /><testcase classname="backend.tests.test_chess_journey.TestRatingProgression" name="test_rating_has_history" time="0.000" /><testcase classname="backend.tests.test_chess_journey.TestRatingProgression" name="test_rating_values_are_consistent" time="0.000" /><testcase classname="backend.tests.test_chess_journey.TestPhaseMastery" name="test_phase_mastery_has_opening" time="0.000" /><testcase classname="backend.tests.test_chess_journey.TestPhaseMastery" name="test_phase_mastery_has_middlegame" time="0.000" /><testcase classname="backend.tests.test_chess_journey.TestPhaseMastery" name="test_phase_mastery_has_endgame" time="0.000" /><testcase classname="backend.tests.test_chess_journey.TestPhaseMastery" name="test_opening_has_mastery_pct" time="0.000" /><testcase classname="backend.tests.test_chess_journey.TestPhaseMastery" name="test_opening_has_trend" time="0.000" /><testcase classname="backend.tests.test_chess_journey.TestPhaseMastery" name="test_middlegame_has_mastery_pct" time="0.000" /><testcase classname="backend.tests.test_chess_journey.TestPhaseMastery" name="test_endgame_has_mastery_pct" time="0.000" /><testcase classname="backend.tests.test_chess_journey.TestPhaseMastery" name="test_phase_mastery_pct_in_valid_range" time="0.000" /><testcase classname="backend.tests.test_chess_journey.TestImprovementMetrics" name="test_has_data_indicator" time="0.000" /><testcase classname="backend.tests.test_chess_journey.TestImprovementMetrics" name="test_has_accuracy_comparison" time="0.000" /><testcase classname="backend.tests.test_chess_journey.TestImprovementMetrics" name="test_has_blunders_comparison" time="0.000" /><testcase classname="backend.tests.test_chess_journey.TestImprovementMetrics" name="test_has_mistakes_comparison" time="0.000" /><testcase classname="backend.tests.test_chess_journey.TestImprovementMetrics" name="test_has_best_moves_comparison" time="0.000" /><testcase classname="backend.tests.test_chess_journey.TestImprovementMetrics" name="test_metrics_have_improved_indicator" time="0.000" /><testcase classname="backend.tests.test_chess_journey.TestHabitJourney" name="test_has_conquered_list" time="0.000" /><testcase classname="backend.tests.test_chess_journey.TestHabitJourney" name="test_has_in_progress_list" time="0.000" /><testcase classname="backend.tests.test_chess_journey.TestHabitJourney" name="test_has_needs_attention_list" time="0.000" /><testcase classname="backend.tests.test_chess_journey.TestHabitJourney" name="test_has_total_cards" time="0.000" /><testcase classname="backend.tests.test_chess_journey.TestHabitJourney" name="test_has_total_mastered" time="0.000" /><testcase classname="backend.tests.test_chess_journey.TestHabitJourney" name="test_habit_item_structure" time="0.000" /><testcase classname="backend.tests.test_chess_journey.TestOpeningRepertoire" name="test_has_as_white" time="0.000" /><testcase classname="backend.tests.test_chess_journey.TestOpeningRepertoire" name="test_has_as_black" time="0.000" /><testcase classname="backend.tests.test_chess_journey.TestOpeningRepertoire" name="test_as_white_has_total_games" time="0.000" /><testcase classname="backend.tests.test_chess_journey.TestOpeningRepertoire" name="test_as_white_has_openings_list" time="0.000" /><testcase classname="backend.tests.test_chess_journey.TestOpeningRepertoire" name="test_as_black_has_total_games" time="0.000" /><testcase classname="backend.tests.test_chess_journey.TestOpeningRepertoire" name="test_as_black_has_openings_list" time="0.000" /><testcase classname="backend.tests.test_chess_journey.TestOpeningRepertoire" name="test_opening_has_win_rate" time="0.000" /><testcase classname="backend.tests.test_chess_journey.TestOpeningRepertoire" name="test_opening_win_rate_valid_range" time="0.000" /><testcase classname="backend.tests.test_chess_journey.TestWeeklySummary" name="test_has_weekly_summary" time="0.000" /><testcase classname="backend.tests.test_chess_journey.TestWeeklySummary" name="test_weekly_summary_has_games_this_week" time="0.000" /><testcase classname="backend.tests.test_chess_journey.TestInsights" name="test_has_insights" time="0.000" /><testcase classname="backend.tests.test_chess_journey.TestInsights" name="test_insight_structure" time="0.000" /><testcase classname="backend.tests.test_chess_journey.TestDataIntegrity" name="test_mastered_not_exceeds_total" time="0.000" /><testcase classname="backend.tests.test_chess_journey.TestDataIntegrity" name="test_games_count_reasonable" time="0.000" /><testcase classname="backend.tests.test_chess_journey.TestDataIntegrity" name="test_no_mongodb_id_leak" time="0.000" /></testsuite></testsuites>