<?xml version="1.0" encoding="utf-8"?><testsuites name="pytest tests"><testsuite name="pytest" errors="0" failures="0" skipped="0" tests="19" time="3.335" timestamp="2026-02-21T10:35:32.439556+00:00" hostname="agent-env-b4658f5d-bb57-437a-a9c5-ec4b92ac8858"><testcase classname="backend.tests.test_avoidance_recognition.TestTrickLibrary" name="test_get_all_tricks" time="0.142" /><testcase classname="backend.tests.test_avoidance_recognition.TestTrickLibrary" name="test_get_practice_mode_execution" time="0.099" /><testcase classname="backend.tests.test_avoidance_recognition.TestTrickLibrary" name="test_get_practice_mode_avoidance" time="0.117" /><testcase classname="backend.tests.test_avoidance_recognition.TestTrickLibrary" name="test_get_practice_mode_recognition" time="0.101" /><testcase classname="backend.tests.test_avoidance_recognition.TestAvoidanceMode" name="test_avoidance_api_exists" time="0.448" /><testcase classname="backend.tests.test_avoidance_recognition.TestAvoidanceMode" name="test_avoidance_safe_move_qe7" time="0.434" /><testcase classname="backend.tests.test_avoidance_recognition.TestAvoidanceMode" name="test_avoidance_unsafe_move_ke7" time="0.387" /><testcase classname="backend.tests.test_avoidance_recognition.TestAvoidanceMode" name="test_avoidance_invalid_move" time="0.097" /><testcase classname="backend.tests.test_avoidance_recognition.TestAvoidanceMode" name="test_avoidance_g6_blocks_threat" time="0.406" /><testcase classname="backend.tests.test_avoidance_recognition.TestRecognitionMode" name="test_recognition_api_exists" time="0.115" /><testcase classname="backend.tests.test_avoidance_recognition.TestRecognitionMode" name="test_recognition_perfect_answer" time="0.105" /><testcase classname="backend.tests.test_avoidance_recognition.TestRecognitionMode" name="test_recognition_good_answer" time="0.097" /><testcase classname="backend.tests.test_avoidance_recognition.TestRecognitionMode" name="test_recognition_partial_answer" time="0.102" /><testcase classname="backend.tests.test_avoidance_recognition.TestRecognitionMode" name="test_recognition_missed_answer" time="0.098" /><testcase classname="backend.tests.test_avoidance_recognition.TestRecognitionMode" name="test_recognition_invalid_trap_key" time="0.099" /><testcase classname="backend.tests.test_avoidance_recognition.TestRecognitionMode" name="test_recognition_with_check_notation" time="0.101" /><testcase classname="backend.tests.test_avoidance_recognition.TestEdgeCases" name="test_avoidance_missing_fen" time="0.098" /><testcase classname="backend.tests.test_avoidance_recognition.TestEdgeCases" name="test_avoidance_missing_user_move" time="0.094" /><testcase classname="backend.tests.test_avoidance_recognition.TestEdgeCases" name="test_avoidance_invalid_fen" time="0.097" /></testsuite></testsuites>