<?xml version="1.0" encoding="utf-8"?><testsuites name="pytest tests"><testsuite name="pytest" errors="0" failures="0" skipped="0" tests="24" time="7.151" timestamp="2026-02-24T15:31:26.202490+00:00" hostname="agent-env-c5159c19-abf3-45de-ae11-8646081c1d44"><testcase classname="backend.tests.test_post_loss_recovery_api.TestPostLossRecoveryAPI" name="test_post_loss_endpoint_returns_200" time="0.264" /><testcase classname="backend.tests.test_post_loss_recovery_api.TestPostLossRecoveryAPI" name="test_post_loss_returns_required_fields" time="0.425" /><testcase classname="backend.tests.test_post_loss_recovery_api.TestPostLossRecoveryAPI" name="test_post_loss_headline_is_non_empty" time="0.175" /><testcase classname="backend.tests.test_post_loss_recovery_api.TestPostLossRecoveryAPI" name="test_post_loss_main_issue_is_descriptive" time="0.237" /><testcase classname="backend.tests.test_post_loss_recovery_api.TestPostLossRecoveryAPI" name="test_post_loss_estimated_minutes_is_reasonable" time="0.252" /><testcase classname="backend.tests.test_post_loss_recovery_api.TestPostLossRecoveryAPI" name="test_post_loss_critical_moment_structure" time="0.307" /><testcase classname="backend.tests.test_post_loss_recovery_api.TestPostLossRecoveryAPI" name="test_post_loss_returns_404_for_invalid_game" time="0.391" /><testcase classname="backend.tests.test_post_loss_recovery_api.TestMissionGenerateFixAPI" name="test_generate_fix_returns_200" time="0.346" /><testcase classname="backend.tests.test_post_loss_recovery_api.TestMissionGenerateFixAPI" name="test_generate_fix_returns_mission_structure" time="0.200" /><testcase classname="backend.tests.test_post_loss_recovery_api.TestMissionGenerateFixAPI" name="test_generate_fix_trigger_type_is_post_loss" time="0.195" /><testcase classname="backend.tests.test_post_loss_recovery_api.TestMissionGenerateFixAPI" name="test_generate_fix_source_game_id_matches" time="0.222" /><testcase classname="backend.tests.test_post_loss_recovery_api.TestMissionGenerateFixAPI" name="test_generate_fix_micro_protocol_is_list" time="0.373" /><testcase classname="backend.tests.test_post_loss_recovery_api.TestMissionGenerateFixAPI" name="test_generate_fix_goal_has_type_and_target" time="0.495" /><testcase classname="backend.tests.test_post_loss_recovery_api.TestMissionGenerateFixAPI" name="test_generate_fix_requires_game_id" time="0.247" /><testcase classname="backend.tests.test_post_loss_recovery_api.TestMissionGenerateFixAPI" name="test_generate_fix_returns_404_for_invalid_game" time="0.205" /><testcase classname="backend.tests.test_post_loss_recovery_api.TestCoachFreshLossAPI" name="test_fresh_loss_returns_200" time="0.281" /><testcase classname="backend.tests.test_post_loss_recovery_api.TestCoachFreshLossAPI" name="test_fresh_loss_returns_has_fresh_loss_flag" time="0.209" /><testcase classname="backend.tests.test_post_loss_recovery_api.TestCoachFreshLossAPI" name="test_fresh_loss_returns_game_details_when_present" time="0.530" /><testcase classname="backend.tests.test_post_loss_recovery_api.TestCoachWeeklyProofAPI" name="test_weekly_proof_returns_200" time="0.282" /><testcase classname="backend.tests.test_post_loss_recovery_api.TestCoachWeeklyProofAPI" name="test_weekly_proof_returns_required_fields" time="0.188" /><testcase classname="backend.tests.test_post_loss_recovery_api.TestCoachWeeklyProofAPI" name="test_weekly_proof_wins_is_non_negative" time="0.328" /><testcase classname="backend.tests.test_post_loss_recovery_api.TestCoachWeeklyProofAPI" name="test_weekly_proof_missions_completed_is_non_negative" time="0.296" /><testcase classname="backend.tests.test_post_loss_recovery_api.TestMissionsTodayAPI" name="test_missions_today_returns_200" time="0.402" /><testcase classname="backend.tests.test_post_loss_recovery_api.TestMissionsTodayAPI" name="test_missions_today_returns_mission_data" time="0.250" /></testsuite></testsuites>