<?xml version="1.0" encoding="utf-8"?><testsuites name="pytest tests"><testsuite name="pytest" errors="0" failures="0" skipped="0" tests="20" time="4.411" timestamp="2026-02-24T15:18:04.676043+00:00" hostname="agent-env-c5159c19-abf3-45de-ae11-8646081c1d44"><testcase classname="backend.tests.test_coach_home_api.TestCoachFreshLossAPI" name="test_fresh_loss_endpoint_returns_valid_response" time="0.238" /><testcase classname="backend.tests.test_coach_home_api.TestCoachFreshLossAPI" name="test_fresh_loss_when_no_loss_returns_minimal_response" time="0.140" /><testcase classname="backend.tests.test_coach_home_api.TestCoachFreshLossAPI" name="test_fresh_loss_includes_expected_fields_when_present" time="0.162" /><testcase classname="backend.tests.test_coach_home_api.TestCoachWeeklyProofAPI" name="test_weekly_proof_endpoint_returns_valid_response" time="0.222" /><testcase classname="backend.tests.test_coach_home_api.TestCoachWeeklyProofAPI" name="test_weekly_proof_wins_is_non_negative_integer" time="0.137" /><testcase classname="backend.tests.test_coach_home_api.TestCoachWeeklyProofAPI" name="test_weekly_proof_missions_completed_is_non_negative_integer" time="0.196" /><testcase classname="backend.tests.test_coach_home_api.TestCoachWeeklyProofAPI" name="test_weekly_proof_streak_days_is_non_negative_integer" time="0.154" /><testcase classname="backend.tests.test_coach_home_api.TestCoachWeeklyProofAPI" name="test_weekly_proof_leak_reduced_is_string_or_null" time="0.136" /><testcase classname="backend.tests.test_coach_home_api.TestMissionsTodayAPI" name="test_missions_today_endpoint_returns_valid_response" time="0.121" /><testcase classname="backend.tests.test_coach_home_api.TestMissionsTodayAPI" name="test_missions_today_includes_expected_fields" time="0.119" /><testcase classname="backend.tests.test_coach_home_api.TestMissionsTodayAPI" name="test_missions_today_micro_protocol_is_list" time="0.139" /><testcase classname="backend.tests.test_coach_home_api.TestMissionsTodayAPI" name="test_missions_today_goal_has_target" time="0.125" /><testcase classname="backend.tests.test_missions_rewards.TestMissionsEndpoints" name="test_get_today_mission" time="0.230" /><testcase classname="backend.tests.test_missions_rewards.TestMissionsEndpoints" name="test_mission_start" time="0.335" /><testcase classname="backend.tests.test_missions_rewards.TestMissionsEndpoints" name="test_mission_step_recording" time="0.624" /><testcase classname="backend.tests.test_missions_rewards.TestMissionsEndpoints" name="test_mission_history" time="0.189" /><testcase classname="backend.tests.test_missions_rewards.TestRewardsEndpoints" name="test_post_loss_message" time="0.448" /><testcase classname="backend.tests.test_missions_rewards.TestRewardsEndpoints" name="test_rewards_feed" time="0.173" /><testcase classname="backend.tests.test_missions_rewards.TestDashboardIntegration" name="test_dashboard_stats_contains_games" time="0.251" /><testcase classname="backend.tests.test_missions_rewards.TestDashboardIntegration" name="test_auth_me_returns_user" time="0.232" /></testsuite></testsuites>