<?xml version="1.0" encoding="utf-8"?><testsuites name="pytest tests"><testsuite name="pytest" errors="0" failures="0" skipped="0" tests="7" time="0.561" timestamp="2026-02-12T03:11:26.048720+00:00" hostname="agent-env-cb6fff55-e462-4e71-8ad4-6a3b7b34a626"><testcase classname="tests.test_lab_dashboard_features.TestDashboardFeatures" name="test_dashboard_stats_returns_opponent_data" time="0.139" /><testcase classname="tests.test_lab_dashboard_features.TestDashboardFeatures" name="test_dashboard_stats_profile_has_elo" time="0.051" /><testcase classname="tests.test_lab_dashboard_features.TestDashboardFeatures" name="test_dashboard_opponent_display_format" time="0.049" /><testcase classname="tests.test_lab_dashboard_features.TestLabPageAPI" name="test_game_endpoint_returns_player_names" time="0.061" /><testcase classname="tests.test_lab_dashboard_features.TestLabPageAPI" name="test_lab_specific_game_f17df20c" time="0.044" /><testcase classname="tests.test_lab_dashboard_features.TestLabPageAPI" name="test_analysis_endpoint_exists" time="0.058" /><testcase classname="tests.test_lab_dashboard_features.TestFilterFunctionality" name="test_games_have_ratings_for_filtering" time="0.068" /></testsuite></testsuites>