<?xml version="1.0" encoding="utf-8"?><testsuites name="pytest tests"><testsuite name="pytest" errors="0" failures="1" skipped="0" tests="11" time="0.929" timestamp="2026-02-12T08:47:25.803812+00:00" hostname="agent-env-14c0a50a-0bbe-4de8-b10d-2d6a14544cf0"><testcase classname="tests.test_auto_coach.TestSubscriptionEndpoint" name="test_subscription_returns_plan_info" time="0.133" /><testcase classname="tests.test_auto_coach.TestSubscriptionEndpoint" name="test_subscription_can_analyze" time="0.060" /><testcase classname="tests.test_auto_coach.TestCoachCommentaryEndpoint" name="test_coach_commentary_returns_data" time="0.058" /><testcase classname="tests.test_auto_coach.TestCoachCommentaryEndpoint" name="test_coach_commentary_nonexistent_game" time="0.053" /><testcase classname="tests.test_auto_coach.TestTriggerAnalysisEndpoint" name="test_trigger_analysis_returns_data" time="0.061" /><testcase classname="tests.test_auto_coach.TestTriggerAnalysisEndpoint" name="test_trigger_analysis_nonexistent_game" time="0.091" /><testcase classname="tests.test_auto_coach.TestNotificationsEndpoint" name="test_notifications_returns_list" time="0.044" /><testcase classname="tests.test_auto_coach.TestNotificationsEndpoint" name="test_notifications_with_limit" time="0.056" /><testcase classname="tests.test_auto_coach.TestNotificationsEndpoint" name="test_notifications_unread_only" time="0.050" /><testcase classname="tests.test_auto_coach.TestMarkNotificationsRead" name="test_mark_all_read" time="0.074"><failure message="AssertionError: Mark all read failed: Internal Server Error&#10;assert 520 == 200&#10; +  where 520 = &lt;Response [520]&gt;.status_code">tests/test_auto_coach.py:248: in test_mark_all_read
    assert response.status_code == 200, f"Mark all read failed: {response.text}"
E   AssertionError: Mark all read failed: Internal Server Error
E   assert 520 == 200
E    +  where 520 = &lt;Response [520]&gt;.status_code</failure></testcase><testcase classname="tests.test_auto_coach.TestFullAutoCoachWorkflow" name="test_full_workflow" time="0.141" /></testsuite></testsuites>