<?xml version="1.0" encoding="utf-8"?><testsuites name="pytest tests"><testsuite name="pytest" errors="0" failures="0" skipped="0" tests="5" time="0.547" timestamp="2026-02-09T05:10:21.756314+00:00" hostname="agent-env-64cefac6-630a-4fc2-8cc9-105939a782a1"><testcase classname="tests.test_data_consistency.TestDataConsistencyRegression" name="test_coach_today_uses_stockfish_source" time="0.012" /><testcase classname="tests.test_data_consistency.TestDataConsistencyRegression" name="test_progress_endpoint_uses_stockfish_source" time="0.009" /><testcase classname="tests.test_data_consistency.TestDataConsistencyRegression" name="test_no_stale_top_level_reads_in_light_stats" time="0.007" /><testcase classname="tests.test_data_consistency.TestAskAboutMoveEndpoint" name="test_ask_endpoint_exists" time="0.192" /><testcase classname="tests.test_data_consistency.TestAskAboutMoveEndpoint" name="test_ask_with_alternative_move" time="0.063" /></testsuite></testsuites>