<?xml version="1.0" encoding="utf-8"?><testsuites name="pytest tests"><testsuite name="pytest" errors="0" failures="0" skipped="0" tests="11" time="8.340" timestamp="2026-02-19T13:17:07.165694+00:00" hostname="agent-env-99d91318-5b5f-454b-92c0-2d41788ba2cc"><testcase classname="tests.test_chess_verification_layer.TestVerificationLayerDirect" name="test_verify_position_valid_fen" time="0.028" /><testcase classname="tests.test_chess_verification_layer.TestVerificationLayerDirect" name="test_verify_position_invalid_fen" time="0.001" /><testcase classname="tests.test_chess_verification_layer.TestVerificationLayerDirect" name="test_check_mate_in_1_function" time="0.001" /><testcase classname="tests.test_chess_verification_layer.TestVerificationLayerDirect" name="test_verify_move_detects_allows_mate_in_1" time="0.002" /><testcase classname="tests.test_chess_verification_layer.TestVerificationLayerDirect" name="test_get_critical_facts_returns_mate_info" time="0.002" /><testcase classname="tests.test_chess_verification_layer.TestVerificationLayerIntegration" name="test_explain_mistake_detects_mate_in_1" time="2.084" /><testcase classname="tests.test_chess_verification_layer.TestVerificationLayerIntegration" name="test_explain_mistake_short_label_for_mate" time="1.820" /><testcase classname="tests.test_chess_verification_layer.TestVerificationLayerIntegration" name="test_explain_mistake_thinking_habit_for_mate" time="1.634" /><testcase classname="tests.test_chess_verification_layer.TestPositionAnalysisServiceIntegration" name="test_generate_verified_insight_uses_verification_layer" time="0.007" /><testcase classname="tests.test_chess_verification_layer.TestMistakeExplanationServiceIntegration" name="test_analyze_mistake_position_detects_mate" time="0.002" /><testcase classname="tests.test_chess_verification_layer.TestAdditionalMateScenarios" name="test_actual_game_move_21_qf3" time="2.707" /></testsuite></testsuites>