<?xml version="1.0" encoding="utf-8"?><testsuites name="pytest tests"><testsuite name="pytest" errors="0" failures="1" skipped="0" tests="16" time="4.146" timestamp="2026-02-13T14:04:32.490212+00:00" hostname="agent-env-fc6a3907-49b1-492e-9592-8f4a8ed56299"><testcase classname="tests.test_coaching_loop.TestRoundPreparationEndpoint" name="test_round_preparation_returns_200" time="0.348" /><testcase classname="tests.test_coaching_loop.TestRoundPreparationEndpoint" name="test_round_preparation_has_plan_id" time="0.414" /><testcase classname="tests.test_coaching_loop.TestRoundPreparationEndpoint" name="test_round_preparation_has_training_block" time="0.257" /><testcase classname="tests.test_coaching_loop.TestRoundPreparationEndpoint" name="test_round_preparation_has_5_domain_cards" time="0.170" /><testcase classname="tests.test_coaching_loop.TestRoundPreparationEndpoint" name="test_round_preparation_card_structure" time="0.187" /><testcase classname="tests.test_coaching_loop.TestRoundPreparationEndpoint" name="test_round_preparation_primary_domain_has_more_rules" time="0.216" /><testcase classname="tests.test_coaching_loop.TestPlanAuditNewSchema" name="test_plan_audit_returns_200" time="0.193" /><testcase classname="tests.test_coaching_loop.TestPlanAuditNewSchema" name="test_plan_audit_has_audit_summary" time="0.166" /><testcase classname="tests.test_coaching_loop.TestPlanAuditNewSchema" name="test_plan_audit_card_audit_status" time="0.211" /><testcase classname="tests.test_coaching_loop.TestPlanAuditNewSchema" name="test_plan_audit_card_audit_fields" time="0.185" /><testcase classname="tests.test_coaching_loop.TestPlanAuditNewSchema" name="test_plan_audit_evidence_structure" time="0.207" /><testcase classname="tests.test_coaching_loop.TestCoachingLoopAuditGame" name="test_audit_game_endpoint_exists" time="0.321" /><testcase classname="tests.test_coaching_loop.TestCoachingLoopRegeneratePlan" name="test_regenerate_plan_returns_new_plan" time="0.391"><failure message="AssertionError: Expected 200, got 520&#10;assert 520 == 200&#10; +  where 520 = &lt;Response [520]&gt;.status_code">tests/test_coaching_loop.py:296: in test_regenerate_plan_returns_new_plan
    assert response.status_code == 200, f"Expected 200, got {response.status_code}"
E   AssertionError: Expected 200, got 520
E   assert 520 == 200
E    +  where 520 = &lt;Response [520]&gt;.status_code</failure></testcase><testcase classname="tests.test_coaching_loop.TestCoachingLoopProfile" name="test_coaching_profile_endpoint" time="0.214" /><testcase classname="tests.test_coaching_loop.TestCoachingLoopConsistency" name="test_same_schema_between_prep_and_audit" time="0.298" /><testcase classname="tests.test_coaching_loop.TestPlanCardSchema" name="test_plancard_required_fields" time="0.284" /></testsuite></testsuites>