<?xml version="1.0" encoding="utf-8"?><testsuites name="pytest tests"><testsuite name="pytest" errors="0" failures="0" skipped="0" tests="16" time="0.852" timestamp="2026-02-03T08:27:06.290391+00:00" hostname="agent-env-b6f13c78-e338-448d-9bab-1d357e97536c"><testcase classname="backend.tests.test_journey_api.TestHealthAndBasicEndpoints" name="test_api_health" time="0.092" /><testcase classname="backend.tests.test_journey_api.TestHealthAndBasicEndpoints" name="test_api_root" time="0.038" /><testcase classname="backend.tests.test_journey_api.TestAuthEndpoints" name="test_auth_me_requires_authentication" time="0.040" /><testcase classname="backend.tests.test_journey_api.TestAuthEndpoints" name="test_auth_session_requires_session_id" time="0.038" /><testcase classname="backend.tests.test_journey_api.TestAuthEndpoints" name="test_auth_logout_works_without_session" time="0.040" /><testcase classname="backend.tests.test_journey_api.TestJourneyEndpoints" name="test_journey_requires_authentication" time="0.039" /><testcase classname="backend.tests.test_journey_api.TestJourneyEndpoints" name="test_journey_linked_accounts_requires_authentication" time="0.041" /><testcase classname="backend.tests.test_journey_api.TestJourneyEndpoints" name="test_journey_link_account_requires_authentication" time="0.038" /><testcase classname="backend.tests.test_journey_api.TestJourneyEndpoints" name="test_journey_sync_now_requires_authentication" time="0.037" /><testcase classname="backend.tests.test_journey_api.TestProtectedEndpoints" name="test_games_requires_authentication" time="0.039" /><testcase classname="backend.tests.test_journey_api.TestProtectedEndpoints" name="test_patterns_requires_authentication" time="0.042" /><testcase classname="backend.tests.test_journey_api.TestProtectedEndpoints" name="test_profile_requires_authentication" time="0.034" /><testcase classname="backend.tests.test_journey_api.TestProtectedEndpoints" name="test_dashboard_stats_requires_authentication" time="0.037" /><testcase classname="backend.tests.test_journey_api.TestProtectedEndpoints" name="test_import_games_requires_authentication" time="0.040" /><testcase classname="backend.tests.test_journey_api.TestProtectedEndpoints" name="test_connect_platform_requires_authentication" time="0.037" /><testcase classname="backend.tests.test_journey_api.TestWeaknessCategoriesEndpoint" name="test_weakness_categories_is_public" time="0.037" /></testsuite></testsuites>