<?xml version="1.0" encoding="utf-8"?><testsuites name="pytest tests"><testsuite name="pytest" errors="0" failures="0" skipped="0" tests="12" time="1.617" timestamp="2026-02-14T14:00:37.043325+00:00" hostname="agent-env-328d342e-2a6b-4641-a7b0-864879b694d3"><testcase classname="backend.tests.test_adaptive_coach.TestAdaptiveCoachAPI" name="test_adaptive_coach_returns_200" time="0.150" /><testcase classname="backend.tests.test_adaptive_coach.TestAdaptiveCoachAPI" name="test_adaptive_coach_has_diagnosis_section" time="0.119" /><testcase classname="backend.tests.test_adaptive_coach.TestAdaptiveCoachAPI" name="test_adaptive_coach_has_next_game_plan_section" time="0.132" /><testcase classname="backend.tests.test_adaptive_coach.TestAdaptiveCoachAPI" name="test_adaptive_coach_has_plan_audit_section" time="0.111" /><testcase classname="backend.tests.test_adaptive_coach.TestAdaptiveCoachAPI" name="test_adaptive_coach_has_skill_signals_section" time="0.131" /><testcase classname="backend.tests.test_adaptive_coach.TestAdaptiveCoachAPI" name="test_adaptive_coach_diagnosis_has_example_position" time="0.119" /><testcase classname="backend.tests.test_adaptive_coach.TestAdaptiveCoachAPI" name="test_adaptive_coach_audit_cards_have_board_links" time="0.110" /><testcase classname="backend.tests.test_adaptive_coach.TestAdaptiveCoachAPI" name="test_adaptive_coach_skill_signals_have_trends" time="0.145" /><testcase classname="backend.tests.test_adaptive_coach.TestAdaptiveCoachAPI" name="test_adaptive_coach_rating_band_detection" time="0.125" /><testcase classname="backend.tests.test_adaptive_coach.TestAdaptiveCoachAPI" name="test_adaptive_coach_games_analyzed_count" time="0.108" /><testcase classname="backend.tests.test_adaptive_coach.TestAdaptiveCoachAuditGame" name="test_audit_game_with_valid_game_id" time="0.211" /><testcase classname="backend.tests.test_adaptive_coach.TestAdaptiveCoachAuditGame" name="test_audit_game_with_invalid_game_id" time="0.099" /></testsuite></testsuites>