<?xml version="1.0" encoding="utf-8"?><testsuites name="pytest tests"><testsuite name="pytest" errors="0" failures="0" skipped="0" tests="16" time="27.261" timestamp="2026-02-07T04:31:44.959834+00:00" hostname="agent-env-5ded17ca-2300-4d01-95ed-9f2ca2d5bfc1"><testcase classname="tests.test_coach_light_stats.TestLightStats" name="test_coach_today_returns_light_stats" time="3.790" /><testcase classname="tests.test_coach_light_stats.TestLightStats" name="test_light_stats_has_three_items" time="2.404" /><testcase classname="tests.test_coach_light_stats.TestLightStats" name="test_blunders_per_game_stat" time="2.270" /><testcase classname="tests.test_coach_light_stats.TestLightStats" name="test_rating_30d_stat" time="2.704" /><testcase classname="tests.test_coach_light_stats.TestLightStats" name="test_reflection_success_stat" time="2.101" /><testcase classname="tests.test_coach_light_stats.TestLastGameSummary" name="test_last_game_exists" time="2.081" /><testcase classname="tests.test_coach_light_stats.TestLastGameSummary" name="test_last_game_has_opponent" time="2.071" /><testcase classname="tests.test_coach_light_stats.TestLastGameSummary" name="test_last_game_has_termination" time="2.122" /><testcase classname="tests.test_coach_light_stats.TestLastGameSummary" name="test_last_game_has_result" time="2.368" /><testcase classname="tests.test_coach_light_stats.TestLastGameSummary" name="test_last_game_has_stats" time="2.371" /><testcase classname="tests.test_coach_light_stats.TestGameTermination" name="test_game_endpoint_returns_termination_text" time="0.042" /><testcase classname="tests.test_coach_light_stats.TestGameTermination" name="test_game_termination_text_is_human_readable" time="0.039" /><testcase classname="tests.test_coach_light_stats.TestGameTermination" name="test_game_has_player_names" time="0.035" /><testcase classname="tests.test_coach_light_stats.TestCoachEndSession" name="test_end_session_returns_opponent" time="0.339" /><testcase classname="tests.test_coach_light_stats.TestCoachEndSession" name="test_end_session_returns_feedback" time="0.221" /><testcase classname="tests.test_coach_light_stats.TestIntegration" name="test_full_coach_flow" time="2.132" /></testsuite></testsuites>