<?xml version="1.0" encoding="utf-8"?><testsuites name="pytest tests"><testsuite name="pytest" errors="0" failures="0" skipped="0" tests="15" time="1.955" timestamp="2026-02-23T11:15:24.966446+00:00" hostname="agent-env-f9ec89a8-fc23-4342-9d9c-e3ec23a496e6"><testcase classname="backend.tests.test_journey_cognitive.TestJourneyCognitiveEndpoints" name="test_cognitive_patterns_returns_200" time="0.177" /><testcase classname="backend.tests.test_journey_cognitive.TestJourneyCognitiveEndpoints" name="test_cognitive_patterns_has_tsi" time="0.182" /><testcase classname="backend.tests.test_journey_cognitive.TestJourneyCognitiveEndpoints" name="test_cognitive_patterns_has_tsi_trend" time="0.175" /><testcase classname="backend.tests.test_journey_cognitive.TestJourneyCognitiveEndpoints" name="test_cognitive_patterns_has_patterns" time="0.172" /><testcase classname="backend.tests.test_journey_cognitive.TestJourneyCognitiveEndpoints" name="test_cognitive_patterns_has_games_analyzed" time="0.159" /><testcase classname="backend.tests.test_journey_cognitive.TestJourneyCognitiveEndpoints" name="test_cognitive_trend_returns_200" time="0.150" /><testcase classname="backend.tests.test_journey_cognitive.TestJourneyCognitiveEndpoints" name="test_cognitive_trend_has_data_array" time="0.169" /><testcase classname="backend.tests.test_journey_cognitive.TestJourneyCognitiveEndpoints" name="test_blunder_context_returns_200" time="0.145" /><testcase classname="backend.tests.test_journey_cognitive.TestJourneyCognitiveEndpoints" name="test_blunder_context_has_distribution" time="0.179" /><testcase classname="backend.tests.test_journey_cognitive.TestJourneyCognitiveEndpoints" name="test_phase_insight_returns_200" time="0.205" /><testcase classname="backend.tests.test_journey_cognitive.TestJourneyCognitiveEndpoints" name="test_phase_insight_has_phases" time="0.181" /><testcase classname="backend.tests.test_journey_cognitive.TestTSIInterpretationBands" name="test_tsi_80_plus_is_stable" time="0.000" /><testcase classname="backend.tests.test_journey_cognitive.TestTSIInterpretationBands" name="test_tsi_65_to_79_is_moderate" time="0.000" /><testcase classname="backend.tests.test_journey_cognitive.TestTSIInterpretationBands" name="test_tsi_50_to_64_is_unstable" time="0.000" /><testcase classname="backend.tests.test_journey_cognitive.TestTSIInterpretationBands" name="test_tsi_below_50_is_volatile" time="0.000" /></testsuite></testsuites>