<?xml version="1.0" encoding="utf-8"?><testsuites name="pytest tests"><testsuite name="pytest" errors="0" failures="0" skipped="0" tests="9" time="4.564" timestamp="2026-02-19T13:28:27.183009+00:00" hostname="agent-env-99d91318-5b5f-454b-92c0-2d41788ba2cc"><testcase classname="backend.tests.test_reflect_prefiltering.TestReflectPrefiltering" name="test_pending_returns_only_games_with_moments" time="0.579" /><testcase classname="backend.tests.test_reflect_prefiltering.TestReflectPrefiltering" name="test_pending_count_matches_games_list" time="0.310" /><testcase classname="backend.tests.test_reflect_prefiltering.TestReflectPrefiltering" name="test_moments_filtering_rules" time="0.238" /><testcase classname="backend.tests.test_reflect_prefiltering.TestReflectPrefiltering" name="test_no_great_game_for_pending_games" time="0.367" /><testcase classname="backend.tests.test_reflect_prefiltering.TestExplainMistakeMateDetection" name="test_explain_mistake_detects_mate_in_1_qf3" time="1.108" /><testcase classname="backend.tests.test_reflect_prefiltering.TestExplainMistakeMateDetection" name="test_explain_mistake_returns_thinking_habit_for_mate" time="0.966" /><testcase classname="backend.tests.test_reflect_prefiltering.TestMomentsQuality" name="test_moments_have_required_fields" time="0.263" /><testcase classname="backend.tests.test_reflect_prefiltering.TestMomentsQuality" name="test_moments_are_sorted_by_severity" time="0.247" /><testcase classname="backend.tests.test_reflect_prefiltering.TestMomentsQuality" name="test_max_6_moments_per_game" time="0.424" /></testsuite></testsuites>