<?xml version="1.0" encoding="utf-8"?><testsuites name="pytest tests"><testsuite name="pytest" errors="0" failures="0" skipped="0" tests="18" time="0.643" timestamp="2026-02-13T05:24:59.025769+00:00" hostname="agent-env-17704692-6674-4f90-a218-df1798d2035f"><testcase classname="backend.tests.test_positional_coaching.TestKnowledgeBaseStructures" name="test_get_structures_returns_200" time="0.105" /><testcase classname="backend.tests.test_positional_coaching.TestKnowledgeBaseStructures" name="test_get_structures_returns_list" time="0.013" /><testcase classname="backend.tests.test_positional_coaching.TestKnowledgeBaseStructures" name="test_structures_have_required_fields" time="0.050" /><testcase classname="backend.tests.test_positional_coaching.TestKnowledgeBaseStructures" name="test_all_expected_structures_present" time="0.013" /><testcase classname="backend.tests.test_positional_coaching.TestKnowledgeBaseImbalances" name="test_get_imbalances_returns_200" time="0.010" /><testcase classname="backend.tests.test_positional_coaching.TestKnowledgeBaseImbalances" name="test_get_imbalances_returns_list" time="0.050" /><testcase classname="backend.tests.test_positional_coaching.TestKnowledgeBaseImbalances" name="test_imbalances_have_required_fields" time="0.013" /><testcase classname="backend.tests.test_positional_coaching.TestKnowledgeBaseImbalances" name="test_all_expected_imbalances_present" time="0.013" /><testcase classname="backend.tests.test_positional_coaching.TestPositionalInsightDeepDive" name="test_deep_dive_iqp_returns_200" time="0.010" /><testcase classname="backend.tests.test_positional_coaching.TestPositionalInsightDeepDive" name="test_deep_dive_iqp_has_required_fields" time="0.010" /><testcase classname="backend.tests.test_positional_coaching.TestPositionalInsightDeepDive" name="test_deep_dive_iqp_structure_has_plans" time="0.013" /><testcase classname="backend.tests.test_positional_coaching.TestPositionalInsightDeepDive" name="test_deep_dive_invalid_structure_returns_404" time="0.050" /><testcase classname="backend.tests.test_positional_coaching.TestPositionalInsightDeepDive" name="test_deep_dive_hanging_pawns" time="0.010" /><testcase classname="backend.tests.test_positional_coaching.TestPositionalInsightDeepDive" name="test_deep_dive_french_advance" time="0.009" /><testcase classname="backend.tests.test_positional_coaching.TestLabDataIncludesPositionalInsight" name="test_lab_endpoint_returns_positional_insight_field" time="0.033" /><testcase classname="backend.tests.test_positional_coaching.TestLabDataIncludesPositionalInsight" name="test_lab_data_structure" time="0.032" /><testcase classname="backend.tests.test_positional_coaching.TestPositionalInsightContent" name="test_positional_insight_structure_when_present" time="0.052" /><testcase classname="backend.tests.test_positional_coaching.TestPositionalInsightContent" name="test_structure_insight_fields_when_present" time="0.032" /></testsuite></testsuites>