<?xml version="1.0" encoding="utf-8"?><testsuites name="pytest tests"><testsuite name="pytest" errors="0" failures="0" skipped="0" tests="12" time="4.524" timestamp="2026-02-25T06:29:37.525654+00:00" hostname="agent-env-c034be73-eb48-4d8c-aadc-959de444caf6"><testcase classname="backend.tests.test_pattern_context_api.TestLabPatternContextAPI" name="test_lab_endpoint_returns_pattern_context" time="0.412" /><testcase classname="backend.tests.test_pattern_context_api.TestLabPatternContextAPI" name="test_pattern_context_has_summary_section" time="0.361" /><testcase classname="backend.tests.test_pattern_context_api.TestLabPatternContextAPI" name="test_pattern_context_has_global_insights" time="0.389" /><testcase classname="backend.tests.test_pattern_context_api.TestLabPatternContextAPI" name="test_recurring_patterns_have_specific_insights" time="0.405" /><testcase classname="backend.tests.test_pattern_context_api.TestLabPatternContextAPI" name="test_pattern_context_history_section" time="0.392" /><testcase classname="backend.tests.test_pattern_context_api.TestMistakeContextAPI" name="test_mistake_context_endpoint_exists" time="0.385" /><testcase classname="backend.tests.test_pattern_context_api.TestMistakeContextAPI" name="test_mistake_context_returns_specific_insights" time="0.386" /><testcase classname="backend.tests.test_pattern_context_api.TestMistakeContextAPI" name="test_mistake_context_returns_action_recommendation" time="0.398" /><testcase classname="backend.tests.test_pattern_context_api.TestMistakeContextAPI" name="test_mistake_context_returns_recurrence_info" time="0.377" /><testcase classname="backend.tests.test_pattern_context_api.TestMistakeContextAPI" name="test_nonexistent_mistake_returns_no_context" time="0.339" /><testcase classname="backend.tests.test_pattern_context_api.TestPatternContextDataQuality" name="test_coach_summary_is_not_generic" time="0.324" /><testcase classname="backend.tests.test_pattern_context_api.TestPatternContextDataQuality" name="test_opening_triggers_are_specific_openings" time="0.331" /></testsuite></testsuites>