<?xml version="1.0" encoding="utf-8"?><testsuites name="pytest tests"><testsuite name="pytest" errors="0" failures="0" skipped="0" tests="24" time="1.492" timestamp="2026-02-06T14:03:06.620083+00:00" hostname="agent-env-75ebf2eb-7979-4774-9feb-216b7792ea70"><testcase classname="backend.tests.test_pdr_phase2_and_weekly_summary.TestHabitStatusEndpoint" name="test_get_habits_returns_200" time="0.105" /><testcase classname="backend.tests.test_pdr_phase2_and_weekly_summary.TestHabitStatusEndpoint" name="test_get_habits_response_structure" time="0.049" /><testcase classname="backend.tests.test_pdr_phase2_and_weekly_summary.TestHabitStatusEndpoint" name="test_habit_contains_reflection_stats" time="0.049" /><testcase classname="backend.tests.test_pdr_phase2_and_weekly_summary.TestHabitStatusEndpoint" name="test_habit_has_is_dominant_flag" time="0.090" /><testcase classname="backend.tests.test_pdr_phase2_and_weekly_summary.TestHabitRotationEndpoint" name="test_check_rotation_returns_200" time="0.064" /><testcase classname="backend.tests.test_pdr_phase2_and_weekly_summary.TestHabitRotationEndpoint" name="test_check_rotation_response_structure" time="0.047" /><testcase classname="backend.tests.test_pdr_phase2_and_weekly_summary.TestHabitRotationEndpoint" name="test_rotation_logic_not_triggered_early" time="0.042" /><testcase classname="backend.tests.test_pdr_phase2_and_weekly_summary.TestWeeklySummaryEndpoint" name="test_weekly_summary_returns_200" time="0.049" /><testcase classname="backend.tests.test_pdr_phase2_and_weekly_summary.TestWeeklySummaryEndpoint" name="test_weekly_summary_structure" time="0.056" /><testcase classname="backend.tests.test_pdr_phase2_and_weekly_summary.TestWeeklySummaryEndpoint" name="test_weekly_summary_stats_structure" time="0.045" /><testcase classname="backend.tests.test_pdr_phase2_and_weekly_summary.TestWeeklySummaryEndpoint" name="test_weekly_summary_assessment_generated" time="0.051" /><testcase classname="backend.tests.test_pdr_phase2_and_weekly_summary.TestWeeklySummaryEndpoint" name="test_weekly_summary_improvement_trend" time="0.040" /><testcase classname="backend.tests.test_pdr_phase2_and_weekly_summary.TestSendWeeklySummaryEndpoint" name="test_send_summary_returns_200" time="0.040" /><testcase classname="backend.tests.test_pdr_phase2_and_weekly_summary.TestSendWeeklySummaryEndpoint" name="test_send_summary_without_sendgrid" time="0.047" /><testcase classname="backend.tests.test_pdr_phase2_and_weekly_summary.TestProgressReflectionStats" name="test_progress_returns_200" time="0.048" /><testcase classname="backend.tests.test_pdr_phase2_and_weekly_summary.TestProgressReflectionStats" name="test_progress_contains_habits" time="0.050" /><testcase classname="backend.tests.test_pdr_phase2_and_weekly_summary.TestProgressReflectionStats" name="test_habits_contain_reflection_stats" time="0.063" /><testcase classname="backend.tests.test_pdr_phase2_and_weekly_summary.TestProgressReflectionStats" name="test_resolved_habits_section" time="0.050" /><testcase classname="backend.tests.test_pdr_phase2_and_weekly_summary.TestTrackReflectionRotationIntegration" name="test_track_reflection_returns_rotation_info" time="0.052" /><testcase classname="backend.tests.test_pdr_phase2_and_weekly_summary.TestTrackReflectionRotationIntegration" name="test_rotation_threshold_is_4_consecutive" time="0.064" /><testcase classname="backend.tests.test_pdr_phase2_and_weekly_summary.TestAuthenticationRequired" name="test_habits_requires_auth" time="0.046" /><testcase classname="backend.tests.test_pdr_phase2_and_weekly_summary.TestAuthenticationRequired" name="test_check_rotation_requires_auth" time="0.044" /><testcase classname="backend.tests.test_pdr_phase2_and_weekly_summary.TestAuthenticationRequired" name="test_weekly_summary_requires_auth" time="0.041" /><testcase classname="backend.tests.test_pdr_phase2_and_weekly_summary.TestAuthenticationRequired" name="test_send_summary_requires_auth" time="0.041" /></testsuite></testsuites>