<?xml version="1.0" encoding="utf-8"?><testsuites name="pytest tests"><testsuite name="pytest" errors="0" failures="0" skipped="0" tests="13" time="2.730" timestamp="2026-03-12T07:59:22.162534+00:00" hostname="agent-env-a5fd0155-1e1d-4cdd-b698-f619a5ced89e"><testcase classname="backend.tests.test_realtime_feedback_api.TestRealtimeFeedbackAPI" name="test_feedback_endpoint_returns_valid_structure" time="0.256" /><testcase classname="backend.tests.test_realtime_feedback_api.TestRealtimeFeedbackAPI" name="test_feedback_quality_values_are_valid" time="0.209" /><testcase classname="backend.tests.test_realtime_feedback_api.TestRealtimeFeedbackAPI" name="test_feedback_contains_coach_move_explanation" time="0.228" /><testcase classname="backend.tests.test_realtime_feedback_api.TestRealtimeFeedbackAPI" name="test_feedback_coaching_message_not_empty" time="0.232" /><testcase classname="backend.tests.test_realtime_feedback_api.TestRealtimeFeedbackAPI" name="test_feedback_404_for_invalid_session" time="0.152" /><testcase classname="backend.tests.test_realtime_feedback_api.TestRealtimeFeedbackAPI" name="test_feedback_403_for_other_users_session" time="0.113" /><testcase classname="backend.tests.test_realtime_feedback_api.TestRealtimeFeedbackAPI" name="test_best_move_explanation_present_for_suboptimal_moves" time="0.225" /><testcase classname="backend.tests.test_realtime_feedback_api.TestRealtimeFeedbackAPI" name="test_feedback_includes_evaluation_change" time="0.234" /><testcase classname="backend.tests.test_realtime_feedback_api.TestFeedbackPersonalization" name="test_feedback_may_include_weakness_reference" time="0.214" /><testcase classname="backend.tests.test_realtime_feedback_api.TestFeedbackPersonalization" name="test_feedback_may_include_encouragement" time="0.220" /><testcase classname="backend.tests.test_realtime_feedback_api.TestFeedbackTacticalInfo" name="test_feedback_includes_threats_list" time="0.205" /><testcase classname="backend.tests.test_realtime_feedback_api.TestFeedbackTacticalInfo" name="test_feedback_includes_missed_opportunities" time="0.205" /><testcase classname="backend.tests.test_realtime_feedback_api.TestFeedbackTacticalInfo" name="test_feedback_includes_pv_after_best" time="0.198" /></testsuite></testsuites>