<?xml version="1.0" encoding="utf-8"?><testsuites name="pytest tests"><testsuite name="pytest" errors="0" failures="0" skipped="0" tests="27" time="4.822" timestamp="2026-03-09T07:18:46.881173+00:00" hostname="agent-env-1dc3dd98-7b07-4770-b16c-833f6db89def"><testcase classname="backend.tests.test_socratic_engine_api.TestSocraticStart" name="test_start_dialogue_basic" time="0.310" /><testcase classname="backend.tests.test_socratic_engine_api.TestSocraticStart" name="test_start_dialogue_blunder_type" time="0.155" /><testcase classname="backend.tests.test_socratic_engine_api.TestSocraticStart" name="test_start_dialogue_strategic_type" time="0.159" /><testcase classname="backend.tests.test_socratic_engine_api.TestSocraticStart" name="test_start_dialogue_endgame_type" time="0.183" /><testcase classname="backend.tests.test_socratic_engine_api.TestSocraticStart" name="test_start_dialogue_missing_fen" time="0.148" /><testcase classname="backend.tests.test_socratic_engine_api.TestSocraticStart" name="test_start_dialogue_missing_move_played" time="0.187" /><testcase classname="backend.tests.test_socratic_engine_api.TestSocraticStart" name="test_start_dialogue_missing_best_move" time="0.160" /><testcase classname="backend.tests.test_socratic_engine_api.TestSocraticRespond" name="test_respond_with_text" time="0.148" /><testcase classname="backend.tests.test_socratic_engine_api.TestSocraticRespond" name="test_respond_with_correct_answer" time="0.164" /><testcase classname="backend.tests.test_socratic_engine_api.TestSocraticRespond" name="test_respond_with_close_answer" time="0.162" /><testcase classname="backend.tests.test_socratic_engine_api.TestSocraticRespond" name="test_respond_missing_response" time="0.158" /><testcase classname="backend.tests.test_socratic_engine_api.TestSocraticRespond" name="test_respond_with_tactical_keywords" time="0.168" /><testcase classname="backend.tests.test_socratic_engine_api.TestSocraticHint" name="test_hint_subtle" time="0.162" /><testcase classname="backend.tests.test_socratic_engine_api.TestSocraticHint" name="test_hint_directional" time="0.191" /><testcase classname="backend.tests.test_socratic_engine_api.TestSocraticHint" name="test_hint_specific" time="0.179" /><testcase classname="backend.tests.test_socratic_engine_api.TestSocraticHint" name="test_hint_almost_answer" time="0.154" /><testcase classname="backend.tests.test_socratic_engine_api.TestSocraticHint" name="test_hint_missing_fen" time="0.144" /><testcase classname="backend.tests.test_socratic_engine_api.TestSocraticHint" name="test_hint_missing_best_move" time="0.154" /><testcase classname="backend.tests.test_socratic_engine_api.TestSocraticReveal" name="test_reveal_basic" time="0.161" /><testcase classname="backend.tests.test_socratic_engine_api.TestSocraticReveal" name="test_reveal_acknowledges_guesses" time="0.150" /><testcase classname="backend.tests.test_socratic_engine_api.TestSocraticReveal" name="test_reveal_without_hints" time="0.160" /><testcase classname="backend.tests.test_socratic_engine_api.TestSocraticReveal" name="test_reveal_missing_fen" time="0.152" /><testcase classname="backend.tests.test_socratic_engine_api.TestSocraticReveal" name="test_reveal_missing_best_move" time="0.161" /><testcase classname="backend.tests.test_socratic_engine_api.TestSocraticDebug" name="test_debug_full_dialogue" time="0.157" /><testcase classname="backend.tests.test_socratic_engine_api.TestSocraticDebug" name="test_debug_default_position" time="0.154" /><testcase classname="backend.tests.test_socratic_engine_api.TestSocraticFullFlow" name="test_full_dialogue_student_discovers" time="0.207" /><testcase classname="backend.tests.test_socratic_engine_api.TestSocraticFullFlow" name="test_full_dialogue_student_needs_hints" time="0.339" /></testsuite></testsuites>