<?xml version="1.0" encoding="utf-8"?><testsuites name="pytest tests"><testsuite name="pytest" errors="0" failures="0" skipped="0" tests="22" time="3.818" timestamp="2026-03-26T08:42:59.291368+00:00" hostname="agent-env-6fb0aced-7323-441b-930e-6f899b95a360"><testcase classname="backend.tests.test_endgame_lessons.TestEndgameCategories" name="test_get_categories_returns_200" time="0.220" /><testcase classname="backend.tests.test_endgame_lessons.TestEndgameCategories" name="test_categories_structure" time="0.141" /><testcase classname="backend.tests.test_endgame_lessons.TestEndgameCategories" name="test_three_categories_exist" time="0.105" /><testcase classname="backend.tests.test_endgame_lessons.TestEndgameCategories" name="test_ten_total_lessons" time="0.188" /><testcase classname="backend.tests.test_endgame_lessons.TestEndgameCategories" name="test_category_structure" time="0.097" /><testcase classname="backend.tests.test_endgame_lessons.TestEndgameCategories" name="test_lesson_structure_in_categories" time="0.099" /><testcase classname="backend.tests.test_endgame_lessons.TestEndgameLesson" name="test_get_opposition_lesson" time="0.104" /><testcase classname="backend.tests.test_endgame_lessons.TestEndgameLesson" name="test_lesson_position_structure" time="0.098" /><testcase classname="backend.tests.test_endgame_lessons.TestEndgameLesson" name="test_opposition_position_0_data" time="0.103" /><testcase classname="backend.tests.test_endgame_lessons.TestEndgameLesson" name="test_lucena_lesson" time="0.106" /><testcase classname="backend.tests.test_endgame_lessons.TestEndgameLesson" name="test_nonexistent_lesson_returns_404" time="0.099" /><testcase classname="backend.tests.test_endgame_lessons.TestEndgameLesson" name="test_nonexistent_category_returns_404" time="0.105" /><testcase classname="backend.tests.test_endgame_lessons.TestEndgameCheckMove" name="test_correct_move_opposition_position_0" time="0.111" /><testcase classname="backend.tests.test_endgame_lessons.TestEndgameCheckMove" name="test_wrong_move_opposition_position_0" time="0.095" /><testcase classname="backend.tests.test_endgame_lessons.TestEndgameCheckMove" name="test_correct_move_lucena_position_0" time="0.105" /><testcase classname="backend.tests.test_endgame_lessons.TestEndgameCheckMove" name="test_is_last_flag_on_last_position" time="0.192" /><testcase classname="backend.tests.test_endgame_lessons.TestEndgameCheckMove" name="test_is_last_flag_on_non_last_position" time="0.123" /><testcase classname="backend.tests.test_endgame_lessons.TestEndgameCheckMove" name="test_invalid_position_index_returns_400" time="0.129" /><testcase classname="backend.tests.test_endgame_lessons.TestEndgameCheckMove" name="test_invalid_category_returns_400" time="0.107" /><testcase classname="backend.tests.test_endgame_lessons.TestEndgameCheckMove" name="test_invalid_lesson_returns_400" time="0.100" /><testcase classname="backend.tests.test_endgame_lessons.TestEndgameDataIntegrity" name="test_all_lessons_have_3_positions" time="1.224" /><testcase classname="backend.tests.test_endgame_lessons.TestEndgameDataIntegrity" name="test_total_30_positions" time="0.099" /></testsuite></testsuites>