<?xml version="1.0" encoding="utf-8"?><testsuites name="pytest tests"><testsuite name="pytest" errors="0" failures="0" skipped="1" tests="16" time="1.458" timestamp="2026-04-03T05:35:26.992656+00:00" hostname="agent-env-b6cb5e30-9a7a-40dd-adeb-3f5296d6723a"><testcase classname="tests.test_decay_model_puzzles.TestLabCoachPick" name="test_lab_coach_pick_returns_200" time="0.133" /><testcase classname="tests.test_decay_model_puzzles.TestLabCoachPick" name="test_lab_coach_pick_has_pick_pattern_field" time="0.095" /><testcase classname="tests.test_decay_model_puzzles.TestLabCoachPick" name="test_lab_coach_pick_realistic_counts" time="0.096" /><testcase classname="tests.test_decay_model_puzzles.TestLabCoachPick" name="test_lab_coach_pick_verdict_structure" time="0.133" /><testcase classname="tests.test_decay_model_puzzles.TestLabCoachPick" name="test_lab_coach_pick_games_list" time="0.098" /><testcase classname="tests.test_decay_model_puzzles.TestPatternPuzzles" name="test_pattern_puzzles_piece_safety" time="0.106" /><testcase classname="tests.test_decay_model_puzzles.TestPatternPuzzles" name="test_pattern_puzzles_missed_tactic" time="0.102" /><testcase classname="tests.test_decay_model_puzzles.TestPatternPuzzles" name="test_pattern_puzzles_unknown_pattern" time="0.122" /><testcase classname="tests.test_decay_model_puzzles.TestExtractPuzzles" name="test_extract_puzzles_returns_200" time="0.100" /><testcase classname="tests.test_decay_model_puzzles.TestPuzzleAttempt" name="test_puzzle_attempt_records_success" time="0.106" /><testcase classname="tests.test_decay_model_puzzles.TestPuzzleAttempt" name="test_puzzle_attempt_records_failure" time="0.101" /><testcase classname="tests.test_decay_model_puzzles.TestHomeIntelligence" name="test_home_intelligence_returns_200" time="0.099"><skipped type="pytest.skip" message="home-intelligence endpoint not found">/app/backend/tests/test_decay_model_puzzles.py:249: home-intelligence endpoint not found</skipped></testcase><testcase classname="tests.test_decay_model_puzzles.TestCoachHomeIntelligence" name="test_coach_home_intelligence_returns_200" time="0.112" /><testcase classname="tests.test_decay_model_puzzles.TestDecayModelService" name="test_decay_model_import" time="0.001" /><testcase classname="tests.test_decay_model_puzzles.TestDecayModelService" name="test_compute_pattern_scores_empty" time="0.000" /><testcase classname="tests.test_decay_model_puzzles.TestDecayModelService" name="test_compute_pattern_scores_with_gaps" time="0.000" /></testsuite></testsuites>