<?xml version="1.0" encoding="utf-8"?><testsuites name="pytest tests"><testsuite name="pytest" errors="0" failures="0" skipped="0" tests="8" time="28.099" timestamp="2026-03-24T12:43:53.286008+00:00" hostname="agent-env-56141349-cb55-4fb3-971f-6d3dafcd117f"><testcase classname="backend.tests.test_interactive_coaching_panel.TestInteractiveCoachingAPI" name="test_interactive_feedback_endpoint_exists" time="0.508" /><testcase classname="backend.tests.test_interactive_coaching_panel.TestInteractiveCoachingAPI" name="test_interactive_feedback_returns_correct_structure" time="0.371" /><testcase classname="backend.tests.test_interactive_coaching_panel.TestInteractiveCoachingAPI" name="test_interactive_feedback_after_move_cycle" time="5.431" /><testcase classname="backend.tests.test_interactive_coaching_panel.TestInteractiveCoachingAPI" name="test_coach_move_coaching_has_required_fields" time="5.456" /><testcase classname="backend.tests.test_interactive_coaching_panel.TestInteractiveCoachingAPI" name="test_is_user_turn_correct_after_coach_move" time="5.468" /><testcase classname="backend.tests.test_interactive_coaching_panel.TestInteractiveCoachingAPI" name="test_session_id_required" time="0.147" /><testcase classname="backend.tests.test_interactive_coaching_panel.TestInteractiveCoachingAPI" name="test_invalid_session_returns_404" time="0.118" /><testcase classname="backend.tests.test_interactive_coaching_panel.TestInteractiveCoachingPanelIntegration" name="test_full_move_cycle_coaching" time="10.561" /></testsuite></testsuites>