<?xml version="1.0" encoding="utf-8"?><testsuites name="pytest tests"><testsuite name="pytest" errors="0" failures="0" skipped="0" tests="12" time="1.984" timestamp="2026-03-21T06:34:55.205187+00:00" hostname="agent-env-c180c964-e1cf-4e6e-aebb-4c01f987d458"><testcase classname="backend.tests.test_streak_api.TestStreakFocusTypes" name="test_get_focus_types_returns_all_types" time="0.205" /><testcase classname="backend.tests.test_streak_api.TestStreakStatus" name="test_get_streak_status_new_user" time="0.098" /><testcase classname="backend.tests.test_streak_api.TestStreakStatus" name="test_get_streak_status_requires_user_id" time="0.120" /><testcase classname="backend.tests.test_streak_api.TestSetFocus" name="test_set_focus_success" time="0.107" /><testcase classname="backend.tests.test_streak_api.TestSetFocus" name="test_set_focus_invalid_type" time="0.100" /><testcase classname="backend.tests.test_streak_api.TestSetFocus" name="test_set_focus_missing_fields" time="0.145" /><testcase classname="backend.tests.test_streak_api.TestSetFocus" name="test_set_focus_with_reset" time="0.216" /><testcase classname="backend.tests.test_streak_api.TestStreakHistory" name="test_get_streak_history_new_user" time="0.099" /><testcase classname="backend.tests.test_streak_api.TestStreakUpdate" name="test_update_streak_missing_fields" time="0.108" /><testcase classname="backend.tests.test_streak_api.TestStreakUpdate" name="test_update_streak_no_move_evaluations" time="0.154" /><testcase classname="backend.tests.test_streak_api.TestStreakUpdate" name="test_update_streak_with_clean_game" time="0.267" /><testcase classname="backend.tests.test_streak_api.TestStreakIntegration" name="test_full_streak_flow" time="0.307" /></testsuite></testsuites>