<?xml version="1.0" encoding="utf-8"?><testsuites name="pytest tests"><testsuite name="pytest" errors="0" failures="0" skipped="0" tests="8" time="6.117" timestamp="2026-03-17T05:01:01.816156+00:00" hostname="agent-env-0bba9661-ef59-45c6-a60e-f393077d0695"><testcase classname="tests.test_coach_opening_api.TestPlayWithCoachAPI" name="test_dev_login_works" time="0.207" /><testcase classname="tests.test_coach_opening_api.TestPlayWithCoachAPI" name="test_start_coach_session" time="0.068" /><testcase classname="tests.test_coach_opening_api.TestPlayWithCoachAPI" name="test_d4_move_generates_teaching" time="0.711" /><testcase classname="tests.test_coach_opening_api.TestPlayWithCoachAPI" name="test_qgd_sequence_generates_variation_teaching" time="1.211" /><testcase classname="tests.test_coach_opening_api.TestPlayWithCoachAPI" name="test_nc3_move_gets_deep_teaching" time="1.201" /><testcase classname="tests.test_coach_opening_api.TestPlayWithCoachAPI" name="test_deviation_still_gets_guidance" time="1.218" /><testcase classname="tests.test_coach_opening_api.TestCoachSessionMessages" name="test_messages_endpoint_returns_messages" time="0.798" /><testcase classname="tests.test_coach_opening_api.TestCoachSessionMessages" name="test_messages_have_required_fields" time="0.675" /></testsuite></testsuites>