<?xml version="1.0" encoding="utf-8"?><testsuites name="pytest tests"><testsuite name="pytest" errors="0" failures="0" skipped="0" tests="7" time="17.978" timestamp="2026-03-21T13:18:47.265894+00:00" hostname="agent-env-1ab5043a-d6ec-49e9-9a52-32a52b7a2c26"><testcase classname="backend.tests.test_coaching_qa_v2.TestAskMoveEndpoint" name="test_ask_move_why_not_d5_no_played_move" time="3.519" /><testcase classname="backend.tests.test_coaching_qa_v2.TestAskMoveEndpoint" name="test_ask_move_short_calculation_detection" time="4.610" /><testcase classname="backend.tests.test_coaching_qa_v2.TestAskMoveEndpoint" name="test_ask_move_illegal_move_explanation" time="0.141" /><testcase classname="backend.tests.test_coaching_qa_v2.TestAskMoveEndpoint" name="test_ask_move_valid_capture" time="3.863" /><testcase classname="backend.tests.test_coaching_qa_v2.TestExplainMistakeEndpoint" name="test_explain_mistake_italian_d5_theory" time="0.131" /><testcase classname="backend.tests.test_coaching_qa_v2.TestTheoryStatsEndpoint" name="test_theory_stats_returns_82_patterns" time="0.124" /><testcase classname="backend.tests.test_coaching_qa_v2.TestQuestionInsightsCollection" name="test_question_insights_stored_after_qa" time="5.535" /></testsuite></testsuites>