<?xml version="1.0" encoding="utf-8"?><testsuites name="pytest tests"><testsuite name="pytest" errors="0" failures="0" skipped="0" tests="15" time="0.810" timestamp="2026-03-26T05:38:31.323108+00:00" hostname="agent-env-7497f949-dd7f-4b07-9380-bc1013791fad"><testcase classname="tests.test_opening_portrait_features.TestOpeningRepertoireEndpoints" name="test_get_opening_repertoire" time="0.208" /><testcase classname="tests.test_opening_portrait_features.TestOpeningRepertoireEndpoints" name="test_get_opening_progress" time="0.060" /><testcase classname="tests.test_opening_portrait_features.TestOpeningLessonWithVariations" name="test_get_french_defense_default" time="0.049" /><testcase classname="tests.test_opening_portrait_features.TestOpeningLessonWithVariations" name="test_get_french_defense_with_variation_param" time="0.105" /><testcase classname="tests.test_opening_portrait_features.TestOpeningLessonWithVariations" name="test_get_italian_game_hyphenated_key" time="0.047" /><testcase classname="tests.test_opening_portrait_features.TestOpeningLessonWithVariations" name="test_french_defense_variations_list" time="0.048" /><testcase classname="tests.test_opening_portrait_features.TestInlineBoardPreview" name="test_opening_detail_returns_main_line" time="0.047" /><testcase classname="tests.test_opening_portrait_features.TestPatternMemoryService" name="test_pattern_memory_service_exists" time="0.068" /><testcase classname="tests.test_opening_portrait_features.TestPatternMemoryService" name="test_pattern_memory_api_endpoint" time="0.050" /><testcase classname="tests.test_opening_portrait_features.TestV5CoachingPatternMemory" name="test_v5_coaching_dataclass_has_pattern_memory" time="0.031" /><testcase classname="tests.test_opening_portrait_features.TestV5CoachingPatternMemory" name="test_v5_coaching_endpoint_exists" time="0.051" /><testcase classname="tests.test_opening_portrait_features.TestOpeningTheoryJsonService" name="test_key_normalization" time="0.001" /><testcase classname="tests.test_opening_portrait_features.TestOpeningTheoryJsonService" name="test_get_available_variations" time="0.000" /><testcase classname="tests.test_opening_portrait_features.TestOpeningTheoryJsonService" name="test_get_variation_lesson_moves" time="0.000" /><testcase classname="tests.test_opening_portrait_features.TestV5CoachingCardComponent" name="test_pattern_memory_display_in_code" time="0.000" /></testsuite></testsuites>