<?xml version="1.0" encoding="utf-8"?><testsuites name="pytest tests"><testsuite name="pytest" errors="0" failures="0" skipped="0" tests="16" time="11.833" timestamp="2026-03-01T15:36:44.456353+00:00" hostname="agent-env-f832017a-d5b1-498d-af4e-2819a80bbe04"><testcase classname="tests.test_coach_play_steps345.TestBehaviorExtraction" name="test_behavior_events_tracked_during_session" time="0.700" /><testcase classname="tests.test_coach_play_steps345.TestBehaviorExtraction" name="test_get_session_behaviors_endpoint" time="0.889" /><testcase classname="tests.test_coach_play_steps345.TestBehaviorExtraction" name="test_behaviors_endpoint_returns_404_for_invalid_session" time="0.192" /><testcase classname="tests.test_coach_play_steps345.TestBehaviorExtraction" name="test_behavior_types_are_valid" time="0.840" /><testcase classname="tests.test_coach_play_steps345.TestCPREngine" name="test_cpr_computed_on_session_end" time="0.786" /><testcase classname="tests.test_coach_play_steps345.TestCPREngine" name="test_cpr_has_component_breakdown" time="0.806" /><testcase classname="tests.test_coach_play_steps345.TestCPREngine" name="test_cpr_stored_in_session" time="0.564" /><testcase classname="tests.test_coach_play_steps345.TestCPREngine" name="test_get_cpr_history" time="0.628" /><testcase classname="tests.test_coach_play_steps345.TestIdentityEngine" name="test_identity_updated_on_session_end" time="0.600" /><testcase classname="tests.test_coach_play_steps345.TestIdentityEngine" name="test_identity_has_trait_snapshot" time="0.608" /><testcase classname="tests.test_coach_play_steps345.TestIdentityEngine" name="test_get_player_identity_endpoint" time="0.654" /><testcase classname="tests.test_coach_play_steps345.TestIdentityEngine" name="test_identity_confidence_increases_with_sessions" time="1.464" /><testcase classname="tests.test_coach_play_steps345.TestIdentityEngine" name="test_identity_sessions_count_increments" time="0.630" /><testcase classname="tests.test_coach_play_steps345.TestIntegrationBehaviorCPRIdentity" name="test_full_session_produces_behavior_cpr_and_identity" time="1.133" /><testcase classname="tests.test_coach_play_steps345.TestIntegrationBehaviorCPRIdentity" name="test_behaviors_affect_cpr_components" time="0.579" /><testcase classname="tests.test_coach_play_steps345.TestIntegrationBehaviorCPRIdentity" name="test_cpr_stored_in_history" time="0.707" /></testsuite></testsuites>