<?xml version="1.0" encoding="utf-8"?><testsuites name="pytest tests"><testsuite name="pytest" errors="0" failures="0" skipped="0" tests="10" time="0.150" timestamp="2026-03-21T09:55:31.319229+00:00" hostname="agent-env-c180c964-e1cf-4e6e-aebb-4c01f987d458"><testcase classname="tests.test_enforcement_checkbox_improvement.TestImprovementProof" name="test_enhance_postgame_messaging_with_improvement" time="0.000" /><testcase classname="tests.test_enforcement_checkbox_improvement.TestImprovementProof" name="test_improvement_verdict_slipping" time="0.000" /><testcase classname="tests.test_enforcement_checkbox_improvement.TestImprovementProof" name="test_improvement_verdict_same" time="0.000" /><testcase classname="tests.test_enforcement_checkbox_improvement.TestImprovementProof" name="test_improvement_message_for_broken_streak" time="0.000" /><testcase classname="tests.test_enforcement_checkbox_improvement.TestImprovementProof" name="test_improvement_for_continued_streak" time="0.000" /><testcase classname="tests.test_enforcement_checkbox_improvement.TestEnforcementLevelCheckbox" name="test_enforcement_level_checkbox_required_exists" time="0.111" /><testcase classname="tests.test_enforcement_checkbox_improvement.TestEnforcementLevelCheckbox" name="test_enforcement_result_has_requires_checkbox" time="0.000" /><testcase classname="tests.test_enforcement_checkbox_improvement.TestEnforcementLevelCheckbox" name="test_enforcement_ladder_returns_checkbox_at_level_3" time="0.000" /><testcase classname="tests.test_enforcement_checkbox_improvement.TestFocusMistakeTypes" name="test_all_focus_types_have_required_fields" time="0.000" /><testcase classname="tests.test_enforcement_checkbox_improvement.TestFocusMistakeTypes" name="test_threat_verification_type" time="0.000" /></testsuite></testsuites>