<?xml version="1.0" encoding="utf-8"?><testsuites name="pytest tests"><testsuite name="pytest" errors="0" failures="0" skipped="2" tests="17" time="5.155" timestamp="2026-03-25T10:39:21.011118+00:00" hostname="agent-env-987c43ce-8915-4953-8454-c53710b5adde"><testcase classname="tests.test_pedagogical_opponent.TestGamePhaseService" name="test_opening_phase_detection" time="0.148"><skipped type="pytest.skip" message="Game phase endpoint not exposed, will test via session">/app/backend/tests/test_pedagogical_opponent.py:40: Game phase endpoint not exposed, will test via session</skipped></testcase><testcase classname="tests.test_pedagogical_opponent.TestGamePhaseService" name="test_middlegame_phase_detection" time="0.112"><skipped type="pytest.skip" message="Game phase endpoint not exposed">/app/backend/tests/test_pedagogical_opponent.py:54: Game phase endpoint not exposed</skipped></testcase><testcase classname="tests.test_pedagogical_opponent.TestPedagogicalOpportunityService" name="test_service_imports" time="0.072" /><testcase classname="tests.test_pedagogical_opponent.TestPedagogicalOpportunityService" name="test_opportunity_types_defined" time="0.000" /><testcase classname="tests.test_pedagogical_opponent.TestPedagogicalOpportunityService" name="test_eval_sacrifice_ranges" time="0.000" /><testcase classname="tests.test_pedagogical_opponent.TestPedagogicalOpportunityService" name="test_pedagogical_probability_by_phase" time="0.000" /><testcase classname="tests.test_pedagogical_opponent.TestCoachPlaySessionPedagogical" name="test_session_has_pedagogical_state" time="0.513" /><testcase classname="tests.test_pedagogical_opponent.TestCoachPlaySessionPedagogical" name="test_session_state_includes_pedagogical" time="0.757" /><testcase classname="tests.test_pedagogical_opponent.TestPedagogicalMoveIntegration" name="test_move_response_and_state_includes_pedagogical" time="2.938" /><testcase classname="tests.test_pedagogical_opponent.TestPedagogicalMoveIntegration" name="test_consequence_feedback_structure" time="0.000" /><testcase classname="tests.test_pedagogical_opponent.TestPedagogicalOpponentStatistical" name="test_pedagogical_probability_in_middlegame" time="0.000" /><testcase classname="tests.test_pedagogical_opponent.TestPedagogicalOpponentStatistical" name="test_no_pedagogical_in_opening" time="0.000" /><testcase classname="tests.test_pedagogical_opponent.TestCoachGameSessionPedagogicalFields" name="test_session_dataclass_fields" time="0.011" /><testcase classname="tests.test_pedagogical_opponent.TestCoachGameSessionPedagogicalFields" name="test_session_to_dict_includes_pedagogical" time="0.000" /><testcase classname="tests.test_pedagogical_opponent.TestEvalBarHiding" name="test_hide_eval_in_pending_opportunity" time="0.003" /><testcase classname="tests.test_pedagogical_opponent.TestHealthAndBasicEndpoints" name="test_api_health" time="0.089" /><testcase classname="tests.test_pedagogical_opponent.TestHealthAndBasicEndpoints" name="test_coach_play_start_endpoint" time="0.434" /></testsuite></testsuites>