<?xml version="1.0" encoding="utf-8"?><testsuites name="pytest tests"><testsuite name="pytest" errors="0" failures="0" skipped="0" tests="18" time="2.475" timestamp="2026-03-16T09:13:28.105067+00:00" hostname="agent-env-32601341-ff6e-4c64-a616-784a3ff2aba0"><testcase classname="backend.tests.test_lab_and_blindspots.TestLabEndpoint" name="test_lab_endpoint_returns_200" time="0.204" /><testcase classname="backend.tests.test_lab_and_blindspots.TestLabEndpoint" name="test_lab_returns_turning_point" time="0.153" /><testcase classname="backend.tests.test_lab_and_blindspots.TestLabEndpoint" name="test_turning_point_has_move_uci" time="0.176" /><testcase classname="backend.tests.test_lab_and_blindspots.TestLabEndpoint" name="test_turning_point_has_best_move_uci" time="0.145" /><testcase classname="backend.tests.test_lab_and_blindspots.TestLabEndpoint" name="test_turning_point_has_category" time="0.140" /><testcase classname="backend.tests.test_lab_and_blindspots.TestLabEndpoint" name="test_turning_point_has_category_label" time="0.145" /><testcase classname="backend.tests.test_lab_and_blindspots.TestLabEndpoint" name="test_turning_point_has_missed_idea" time="0.173" /><testcase classname="backend.tests.test_lab_and_blindspots.TestLabEndpoint" name="test_turning_point_has_how_to_spot" time="0.145" /><testcase classname="backend.tests.test_lab_and_blindspots.TestLabEndpoint" name="test_lab_returns_biggest_blunder" time="0.153" /><testcase classname="backend.tests.test_lab_and_blindspots.TestBlindSpotsEndpoint" name="test_blind_spots_returns_200" time="0.109" /><testcase classname="backend.tests.test_lab_and_blindspots.TestBlindSpotsEndpoint" name="test_blind_spots_returns_array" time="0.099" /><testcase classname="backend.tests.test_lab_and_blindspots.TestBlindSpotsEndpoint" name="test_blind_spot_has_category" time="0.097" /><testcase classname="backend.tests.test_lab_and_blindspots.TestBlindSpotsEndpoint" name="test_blind_spot_has_count" time="0.098" /><testcase classname="backend.tests.test_lab_and_blindspots.TestBlindSpotsEndpoint" name="test_blind_spot_has_patterns" time="0.136" /><testcase classname="backend.tests.test_lab_and_blindspots.TestBlindSpotsEndpoint" name="test_blind_spot_has_severity" time="0.096" /><testcase classname="backend.tests.test_lab_and_blindspots.TestBlindSpotsEndpoint" name="test_blind_spots_has_totals" time="0.113" /><testcase classname="backend.tests.test_lab_and_blindspots.TestExplainMistakeEndpoint" name="test_explain_mistake_endpoint_exists" time="0.145" /><testcase classname="backend.tests.test_lab_and_blindspots.TestExplainMistakeEndpoint" name="test_explain_mistake_returns_explanation" time="0.102" /></testsuite></testsuites>