<?xml version="1.0" encoding="utf-8"?><testsuites name="pytest tests"><testsuite name="pytest" errors="0" failures="0" skipped="2" tests="15" time="2.585" timestamp="2026-04-02T10:58:34.882471+00:00" hostname="agent-env-56e2c85d-6775-4cb8-b70c-de158e8960aa"><testcase classname="tests.test_lab_page_api.TestLabCoachPickAPI" name="test_lab_coach_pick_returns_200" time="0.175" /><testcase classname="tests.test_lab_page_api.TestLabCoachPickAPI" name="test_lab_coach_pick_response_structure" time="0.141" /><testcase classname="tests.test_lab_page_api.TestLabCoachPickAPI" name="test_verdict_strip_structure" time="0.145" /><testcase classname="tests.test_lab_page_api.TestLabCoachPickAPI" name="test_coach_pick_has_behavioral_data" time="0.145" /><testcase classname="tests.test_lab_page_api.TestLabCoachPickAPI" name="test_pick_reason_is_meaningful" time="0.357" /><testcase classname="tests.test_lab_page_api.TestLabCoachPickAPI" name="test_games_list_has_behavioral_data" time="0.146" /><testcase classname="tests.test_lab_page_api.TestLabCoachPickAPI" name="test_result_badge_values" time="0.145" /><testcase classname="tests.test_lab_page_api.TestLabCoachPickAPI" name="test_accuracy_is_numeric" time="0.156" /><testcase classname="tests.test_lab_page_api.TestLabCoachPickAPI" name="test_reviewed_count_matches_games" time="0.186" /><testcase classname="tests.test_lab_page_api.TestLabMarkReviewedAPI" name="test_mark_reviewed_returns_success" time="0.178"><skipped type="pytest.skip" message="No unreviewed games to test">/app/backend/tests/test_lab_page_api.py:184: No unreviewed games to test</skipped></testcase><testcase classname="tests.test_lab_page_api.TestLabMarkReviewedAPI" name="test_mark_reviewed_updates_game_status" time="0.141"><skipped type="pytest.skip" message="No unreviewed games to test">/app/backend/tests/test_lab_page_api.py:213: No unreviewed games to test</skipped></testcase><testcase classname="tests.test_lab_page_api.TestLabMarkReviewedAPI" name="test_mark_reviewed_invalid_game_id" time="0.140" /><testcase classname="tests.test_lab_page_api.TestLabPageSeededData" name="test_seeded_games_exist" time="0.158" /><testcase classname="tests.test_lab_page_api.TestLabPageSeededData" name="test_seeded_games_have_opponents" time="0.167" /><testcase classname="tests.test_lab_page_api.TestLabPageSeededData" name="test_seeded_games_have_behavioral_labels" time="0.143" /></testsuite></testsuites>