<?xml version="1.0" encoding="utf-8"?><testsuites name="pytest tests"><testsuite name="pytest" errors="0" failures="0" skipped="0" tests="15" time="1.111" timestamp="2026-03-27T10:53:23.492806+00:00" hostname="agent-env-aa61e7fc-9d2b-4076-90a2-ead4118e4aa7"><testcase classname="backend.tests.test_adaptive_decryption_v5.TestV5DecryptionEndpoint" name="test_v5_decryption_returns_200" time="0.245" /><testcase classname="backend.tests.test_adaptive_decryption_v5.TestV5DecryptionEndpoint" name="test_v5_decryption_has_decryption_data" time="0.055" /><testcase classname="backend.tests.test_adaptive_decryption_v5.TestV5DecryptionEndpoint" name="test_v5_moves_have_priority_field" time="0.055" /><testcase classname="backend.tests.test_adaptive_decryption_v5.TestV5DecryptionEndpoint" name="test_v5_moves_have_severity_field" time="0.057" /><testcase classname="backend.tests.test_adaptive_decryption_v5.TestAdaptivePriorityFiltering" name="test_inaccuracies_have_silent_priority_for_low_rated" time="0.056" /><testcase classname="backend.tests.test_adaptive_decryption_v5.TestAdaptivePriorityFiltering" name="test_mistakes_have_essential_priority" time="0.066" /><testcase classname="backend.tests.test_adaptive_decryption_v5.TestAdaptivePriorityFiltering" name="test_blunders_have_essential_priority" time="0.066" /><testcase classname="backend.tests.test_adaptive_decryption_v5.TestAdaptivePriorityFiltering" name="test_opponent_moves_have_context_or_essential" time="0.056" /><testcase classname="backend.tests.test_adaptive_decryption_v5.TestCoachInsightEndpoint" name="test_coach_insight_returns_200" time="0.060" /><testcase classname="backend.tests.test_adaptive_decryption_v5.TestCoachInsightEndpoint" name="test_coach_insight_has_summary" time="0.060" /><testcase classname="backend.tests.test_adaptive_decryption_v5.TestCoachInsightEndpoint" name="test_coach_insight_has_habits" time="0.054" /><testcase classname="backend.tests.test_adaptive_decryption_v5.TestCoachInsightEndpoint" name="test_coach_insight_has_memory" time="0.086" /><testcase classname="backend.tests.test_adaptive_decryption_v5.TestCoachInsightEndpoint" name="test_habits_opening_principles_for_inaccuracy" time="0.051" /><testcase classname="backend.tests.test_adaptive_decryption_v5.TestV5MoveStructure" name="test_v5_move_has_required_fields" time="0.053" /><testcase classname="backend.tests.test_adaptive_decryption_v5.TestV5MoveStructure" name="test_v5_move_has_weakness_match_field" time="0.054" /></testsuite></testsuites>