<?xml version="1.0" encoding="utf-8"?><testsuites name="pytest tests"><testsuite name="pytest" errors="0" failures="0" skipped="0" tests="11" time="1.592" timestamp="2026-03-27T05:06:35.570480+00:00" hostname="agent-env-6fb0aced-7323-441b-930e-6f899b95a360"><testcase classname="backend.tests.test_player_profile_narrative.TestPlayerProfileNarrative" name="test_player_profile_endpoint_returns_200" time="0.145" /><testcase classname="backend.tests.test_player_profile_narrative.TestPlayerProfileNarrative" name="test_player_profile_has_required_fields" time="0.120" /><testcase classname="backend.tests.test_player_profile_narrative.TestPlayerProfileNarrative" name="test_narrative_is_substantial" time="0.101" /><testcase classname="backend.tests.test_player_profile_narrative.TestPlayerProfileNarrative" name="test_narrative_is_cached" time="0.221" /><testcase classname="backend.tests.test_player_profile_narrative.TestPlayerProfileNarrative" name="test_needs_refresh_is_false" time="0.116" /><testcase classname="backend.tests.test_player_profile_narrative.TestPlayerProfileAuth" name="test_unauthenticated_returns_401" time="0.099" /><testcase classname="backend.tests.test_player_profile_narrative.TestAdminNavStillWorks" name="test_auth_me_returns_role" time="0.101" /><testcase classname="backend.tests.test_player_profile_narrative.TestAdminNavStillWorks" name="test_admin_overview_works_for_admin" time="0.128" /><testcase classname="backend.tests.test_player_profile_narrative.TestPreviousFeaturesStillWork" name="test_progress_endpoint_works" time="0.263" /><testcase classname="backend.tests.test_player_profile_narrative.TestPreviousFeaturesStillWork" name="test_coach_home_intelligence_works" time="0.141" /><testcase classname="backend.tests.test_player_profile_narrative.TestPreviousFeaturesStillWork" name="test_games_endpoint_works" time="0.125" /></testsuite></testsuites>