<?xml version="1.0" encoding="utf-8"?><testsuites name="pytest tests"><testsuite name="pytest" errors="0" failures="0" skipped="0" tests="11" time="4.903" timestamp="2026-03-25T03:21:16.257948+00:00" hostname="agent-env-56141349-cb55-4fb3-971f-6d3dafcd117f"><testcase classname="tests.test_behavioral_coaching_blunders.TestBehavioralCoachingBlunders" name="test_interactive_feedback_returns_behavioral_coaching_field" time="2.942" /><testcase classname="tests.test_behavioral_coaching_blunders.TestBehavioralCoachingBlunders" name="test_generate_behavioral_coaching_blunder_slow_time" time="0.143" /><testcase classname="tests.test_behavioral_coaching_blunders.TestBehavioralCoachingBlunders" name="test_generate_behavioral_coaching_blunder_medium_time" time="0.125" /><testcase classname="tests.test_behavioral_coaching_blunders.TestBehavioralCoachingBlunders" name="test_generate_behavioral_coaching_blunder_fast_time" time="0.124" /><testcase classname="tests.test_behavioral_coaching_blunders.TestBehavioralCoachingBlunders" name="test_generate_behavioral_coaching_mistake_slow_time" time="0.125" /><testcase classname="tests.test_behavioral_coaching_blunders.TestBehavioralCoachingBlunders" name="test_generate_behavioral_coaching_mistake_medium_time" time="0.117" /><testcase classname="tests.test_behavioral_coaching_blunders.TestBehavioralCoachingBlunders" name="test_generate_behavioral_coaching_mistake_fast_time" time="0.114" /><testcase classname="tests.test_behavioral_coaching_blunders.TestBehavioralCoachingBlunders" name="test_behavioral_coaching_has_required_fields" time="0.117" /><testcase classname="tests.test_behavioral_coaching_blunders.TestBehavioralCoachingBlunders" name="test_no_behavioral_coaching_for_normal_good_moves" time="0.108" /><testcase classname="tests.test_behavioral_coaching_blunders.TestBehavioralCoachingBlunders" name="test_positive_coaching_for_patient_good_moves" time="0.107" /><testcase classname="tests.test_behavioral_coaching_blunders.TestGuardianInterventionInline" name="test_guardian_evaluate_endpoint_works" time="0.852" /></testsuite></testsuites>