<?xml version="1.0" encoding="utf-8"?><testsuites name="pytest tests"><testsuite name="pytest" errors="0" failures="0" skipped="0" tests="19" time="5.640" timestamp="2026-03-01T08:33:29.563292+00:00" hostname="agent-env-f832017a-d5b1-498d-af4e-2819a80bbe04"><testcase classname="tests.test_coach_play_api.TestCoachPlayStart" name="test_start_session_as_white" time="0.334" /><testcase classname="tests.test_coach_play_api.TestCoachPlayStart" name="test_start_session_as_black" time="0.422" /><testcase classname="tests.test_coach_play_api.TestCoachPlayStart" name="test_start_session_invalid_color" time="0.162" /><testcase classname="tests.test_coach_play_api.TestCoachPlayStart" name="test_start_session_different_time_controls" time="0.452" /><testcase classname="tests.test_coach_play_api.TestCoachPlayMove" name="test_make_valid_move_e4" time="0.521" /><testcase classname="tests.test_coach_play_api.TestCoachPlayMove" name="test_make_valid_move_sequence" time="0.790" /><testcase classname="tests.test_coach_play_api.TestCoachPlayMove" name="test_make_invalid_move" time="0.306" /><testcase classname="tests.test_coach_play_api.TestCoachPlayMove" name="test_make_illegal_move" time="0.279" /><testcase classname="tests.test_coach_play_api.TestCoachPlayMove" name="test_move_without_session_id" time="0.186" /><testcase classname="tests.test_coach_play_api.TestCoachPlayMove" name="test_move_invalid_session" time="0.169" /><testcase classname="tests.test_coach_play_api.TestCoachPlayState" name="test_get_session_state" time="0.255" /><testcase classname="tests.test_coach_play_api.TestCoachPlayState" name="test_get_nonexistent_session" time="0.152" /><testcase classname="tests.test_coach_play_api.TestCoachPlayEnd" name="test_resign_session" time="0.210" /><testcase classname="tests.test_coach_play_api.TestCoachPlayEnd" name="test_end_nonexistent_session" time="0.153" /><testcase classname="tests.test_coach_play_api.TestCoachPlayEnd" name="test_cannot_end_already_ended_session" time="0.309" /><testcase classname="tests.test_coach_play_api.TestCoachPlayActiveSessions" name="test_get_active_sessions_empty" time="0.164" /><testcase classname="tests.test_coach_play_api.TestCoachPlayActiveSessions" name="test_get_active_sessions_with_one_active" time="0.283" /><testcase classname="tests.test_coach_play_api.TestCoachPlayHistory" name="test_get_history" time="0.276" /><testcase classname="tests.test_coach_play_api.TestCoachPlayHistory" name="test_history_limit_param" time="0.144" /></testsuite></testsuites>