<?xml version="1.0" encoding="utf-8"?><testsuites name="pytest tests"><testsuite name="pytest" errors="0" failures="0" skipped="0" tests="13" time="1.652" timestamp="2026-03-16T09:38:49.846338+00:00" hostname="agent-env-32601341-ff6e-4c64-a616-784a3ff2aba0"><testcase classname="backend.tests.test_moments_coaching.TestDeepStrategyCoaching" name="test_deep_strategy_returns_200" time="0.165" /><testcase classname="backend.tests.test_moments_coaching.TestDeepStrategyCoaching" name="test_deep_strategy_returns_critical_moments" time="0.117" /><testcase classname="backend.tests.test_moments_coaching.TestDeepStrategyCoaching" name="test_critical_moment_has_coaching_object" time="0.124" /><testcase classname="backend.tests.test_moments_coaching.TestDeepStrategyCoaching" name="test_coaching_has_thinking_lens" time="0.134" /><testcase classname="backend.tests.test_moments_coaching.TestDeepStrategyCoaching" name="test_coaching_has_coach_prompt" time="0.117" /><testcase classname="backend.tests.test_moments_coaching.TestDeepStrategyCoaching" name="test_coaching_has_thinking_questions" time="0.108" /><testcase classname="backend.tests.test_moments_coaching.TestDeepStrategyCoaching" name="test_coaching_has_lesson_takeaway" time="0.108" /><testcase classname="backend.tests.test_moments_coaching.TestDeepStrategyCoaching" name="test_coaching_has_reflection" time="0.171" /><testcase classname="backend.tests.test_moments_coaching.TestDeepStrategyCoaching" name="test_reflection_options_structure" time="0.110" /><testcase classname="backend.tests.test_moments_coaching.TestDeepStrategyCoaching" name="test_all_moments_have_coaching" time="0.111" /><testcase classname="backend.tests.test_moments_coaching.TestMomentDataStructure" name="test_moment_has_move_info" time="0.114" /><testcase classname="backend.tests.test_moments_coaching.TestMomentDataStructure" name="test_moment_has_fen" time="0.112" /><testcase classname="backend.tests.test_moments_coaching.TestMomentDataStructure" name="test_moment_has_insight" time="0.110" /></testsuite></testsuites>