<?xml version="1.0" encoding="utf-8"?><testsuites name="pytest tests"><testsuite name="pytest" errors="0" failures="0" skipped="0" tests="10" time="1.830" timestamp="2026-03-21T15:35:22.853496+00:00" hostname="agent-env-0ee0d9b5-3699-4da8-a9aa-4726886d9651"><testcase classname="backend.tests.test_pattern_memory_api.TestPatternMemoryAPI" name="test_patterns_summary_endpoint_returns_200" time="0.273" /><testcase classname="backend.tests.test_pattern_memory_api.TestPatternMemoryAPI" name="test_patterns_summary_pattern_structure" time="0.152" /><testcase classname="backend.tests.test_pattern_memory_api.TestPatternMemoryAPI" name="test_patterns_top_endpoint_returns_200" time="0.116" /><testcase classname="backend.tests.test_pattern_memory_api.TestPatternMemoryAPI" name="test_patterns_top_with_different_limits" time="0.228" /><testcase classname="backend.tests.test_pattern_memory_api.TestPatternMemoryAPI" name="test_patterns_for_mistake_endpoint_returns_200" time="0.299" /><testcase classname="backend.tests.test_pattern_memory_api.TestPatternMemoryAPI" name="test_patterns_for_mistake_confrontation_message" time="0.150" /><testcase classname="backend.tests.test_pattern_memory_api.TestPatternMemoryAPI" name="test_patterns_for_mistake_with_url_encoded_gap" time="0.112" /><testcase classname="backend.tests.test_pattern_memory_api.TestPatternMemoryDataIntegrity" name="test_patterns_sorted_by_severity" time="0.103" /><testcase classname="backend.tests.test_pattern_memory_api.TestPatternMemoryDataIntegrity" name="test_recent_games_count_is_20" time="0.134" /><testcase classname="backend.tests.test_pattern_memory_api.TestPatternMemoryDataIntegrity" name="test_top_patterns_match_summary" time="0.193" /></testsuite></testsuites>