<?xml version="1.0" encoding="utf-8"?><testsuites name="pytest tests"><testsuite name="pytest" errors="0" failures="0" skipped="0" tests="48" time="0.112" timestamp="2026-03-17T14:45:14.802557+00:00" hostname="agent-env-0bba9661-ef59-45c6-a60e-f393077d0695"><testcase classname="tests.test_opening_schema_catalog" name="test_catalog_contains_critical_families" time="0.005" /><testcase classname="tests.test_opening_schema_catalog" name="test_ruy_lopez_family_has_typed_variations_and_coverage" time="0.000" /><testcase classname="tests.test_opening_schema_catalog" name="test_ruy_steinitz_exchange_line_gets_variation_teaching" time="0.000" /><testcase classname="tests.test_opening_schema_catalog" name="test_catalog_validation_report_has_no_current_issues_for_ruy_or_qg" time="0.002" /><testcase classname="tests.test_play_with_coach_opening_context" name="test_qgd_context_inherits_family_variations" time="0.000" /><testcase classname="tests.test_play_with_coach_opening_context" name="test_slav_context_inherits_family_variations" time="0.000" /><testcase classname="tests.test_play_with_coach_opening_context" name="test_variation_teaching_guides_when_user_deviates" time="0.000" /><testcase classname="tests.test_play_with_coach_opening_context" name="test_qgd_trap_warning_is_available_in_live_position" time="0.000" /><testcase classname="tests.test_expanded_opening_variations" name="test_italian_two_knights_variation_detected" time="0.000" /><testcase classname="tests.test_expanded_opening_variations" name="test_sicilian_open_variation_returns_black_plans" time="0.000" /><testcase classname="tests.test_expanded_opening_variations" name="test_french_advance_variation_detected" time="0.000" /><testcase classname="tests.test_expanded_opening_variations" name="test_caro_kann_classical_variation_detected" time="0.000" /><testcase classname="tests.test_expanded_opening_variations" name="test_kings_indian_main_setup_detected" time="0.000" /><testcase classname="tests.test_expanded_opening_variations" name="test_london_variation_detected_with_white_plans" time="0.000" /><testcase classname="tests.test_opening_schema_iteration124.TestSchemaBuildsFromOpeningLibrary" name="test_catalog_builds_without_error" time="0.000" /><testcase classname="tests.test_opening_schema_iteration124.TestSchemaBuildsFromOpeningLibrary" name="test_all_families_have_required_fields" time="0.000" /><testcase classname="tests.test_opening_schema_iteration124.TestCatalogContainsTier1Families" name="test_tier1_families_present" time="0.000" /><testcase classname="tests.test_opening_schema_iteration124.TestCatalogContainsTier1Families" name="test_families_have_coverage_metadata" time="0.000" /><testcase classname="tests.test_opening_schema_iteration124.TestCatalogContainsTier1Families" name="test_ruy_lopez_has_multiple_variations" time="0.000" /><testcase classname="tests.test_opening_schema_iteration124.TestRuyLopezStructuredVariationSupport" name="test_ruy_lopez_has_steinitz_exchange_queenless" time="0.000" /><testcase classname="tests.test_opening_schema_iteration124.TestRuyLopezStructuredVariationSupport" name="test_ruy_lopez_has_berlin_defense" time="0.000" /><testcase classname="tests.test_opening_schema_iteration124.TestRuyLopezStructuredVariationSupport" name="test_steinitz_full_line_is_valid" time="0.000" /><testcase classname="tests.test_opening_schema_iteration124.TestRuyLopezStructuredVariationSupport" name="test_berlin_full_line_is_valid" time="0.000" /><testcase classname="tests.test_opening_schema_iteration124.TestRuyLopezStructuredVariationSupport" name="test_steinitz_has_teaching_nodes" time="0.000" /><testcase classname="tests.test_opening_schema_iteration124.TestVariationLookupForPreviousFamilies" name="test_queens_gambit_qgd_variation_lookup" time="0.000" /><testcase classname="tests.test_opening_schema_iteration124.TestVariationLookupForPreviousFamilies" name="test_queens_gambit_slav_variation_lookup" time="0.000" /><testcase classname="tests.test_opening_schema_iteration124.TestVariationLookupForPreviousFamilies" name="test_italian_giuoco_pianissimo_lookup" time="0.000" /><testcase classname="tests.test_opening_schema_iteration124.TestVariationLookupForPreviousFamilies" name="test_italian_two_knights_lookup" time="0.000" /><testcase classname="tests.test_opening_schema_iteration124.TestVariationLookupForPreviousFamilies" name="test_london_variation_lookup" time="0.000" /><testcase classname="tests.test_opening_schema_iteration124.TestVariationLookupForPreviousFamilies" name="test_sicilian_open_variation_lookup" time="0.000" /><testcase classname="tests.test_opening_schema_iteration124.TestVariationLookupForPreviousFamilies" name="test_french_advance_variation_lookup" time="0.000" /><testcase classname="tests.test_opening_schema_iteration124.TestVariationLookupForPreviousFamilies" name="test_caro_kann_classical_lookup" time="0.000" /><testcase classname="tests.test_opening_schema_iteration124.TestVariationLookupForPreviousFamilies" name="test_kings_indian_main_lookup" time="0.000" /><testcase classname="tests.test_opening_schema_iteration124.TestDuplicateSANHandling" name="test_steinitz_queenless_uses_teaching_nodes_not_move_teaching" time="0.000" /><testcase classname="tests.test_opening_schema_iteration124.TestDuplicateSANHandling" name="test_teaching_nodes_have_move_index" time="0.000" /><testcase classname="tests.test_opening_schema_iteration124.TestDuplicateSANHandling" name="test_schema_builds_nodes_from_teaching_nodes_array" time="0.001" /><testcase classname="tests.test_opening_schema_iteration124.TestDuplicateSANHandling" name="test_variation_teaching_returns_correct_node_at_repeated_san" time="0.000" /><testcase classname="tests.test_opening_schema_iteration124.TestCatalogValidation" name="test_ruy_lopez_has_no_validation_issues" time="0.002" /><testcase classname="tests.test_opening_schema_iteration124.TestCatalogValidation" name="test_queens_gambit_has_no_validation_issues" time="0.002" /><testcase classname="tests.test_opening_schema_iteration124.TestCatalogValidation" name="test_italian_has_no_validation_issues" time="0.002" /><testcase classname="tests.test_opening_schema_iteration124.TestCatalogValidation" name="test_validation_checks_san_legality" time="0.000" /><testcase classname="tests.test_opening_schema_iteration124.TestCatalogValidation" name="test_validation_catches_missing_plans" time="0.000" /><testcase classname="tests.test_opening_schema_iteration124.TestBerlinDefenseStructure" name="test_berlin_has_position_tags" time="0.000" /><testcase classname="tests.test_opening_schema_iteration124.TestBerlinDefenseStructure" name="test_berlin_variation_teaching_works" time="0.000" /><testcase classname="tests.test_opening_schema_iteration124.TestBerlinDefenseStructure" name="test_berlin_has_plans_for_both_colors" time="0.000" /><testcase classname="tests.test_opening_schema_iteration124.TestRuyLopezSchemaIntegration" name="test_ruy_family_found_by_moves" time="0.000" /><testcase classname="tests.test_opening_schema_iteration124.TestRuyLopezSchemaIntegration" name="test_ruy_schema_found_by_moves" time="0.000" /><testcase classname="tests.test_opening_schema_iteration124.TestRuyLopezSchemaIntegration" name="test_steinitz_triggers_at_d6" time="0.000" /></testsuite></testsuites>