<?xml version="1.0" encoding="utf-8"?><testsuites name="pytest tests"><testsuite name="pytest" errors="0" failures="0" skipped="2" tests="9" time="27.503" timestamp="2026-03-25T02:56:11.798936+00:00" hostname="agent-env-56141349-cb55-4fb3-971f-6d3dafcd117f"><testcase classname="tests.test_player_habits_engine.TestPlayerHabitsEngine" name="test_interactive_feedback_has_behavioral_coaching_field" time="3.930" /><testcase classname="tests.test_player_habits_engine.TestPlayerHabitsEngine" name="test_behavioral_coaching_object_structure" time="3.886" /><testcase classname="tests.test_player_habits_engine.TestPlayerHabitsEngine" name="test_lab_decryption_has_habits_report_field" time="4.340"><skipped type="pytest.skip" message="No games with complete V5 decryption found">/app/backend/tests/test_player_habits_engine.py:228: No games with complete V5 decryption found</skipped></testcase><testcase classname="tests.test_player_habits_engine.TestPlayerHabitsEngine" name="test_habits_report_structure" time="11.979"><skipped type="pytest.skip" message="No games with habits_report found">/app/backend/tests/test_player_habits_engine.py:305: No games with habits_report found</skipped></testcase><testcase classname="tests.test_player_habits_engine.TestPlayerHabitsEngine" name="test_behavioral_coaching_triggers_on_impulse" time="0.657" /><testcase classname="tests.test_player_habits_engine.TestPlayerHabitsEngine" name="test_behavioral_coaching_blunder_high_severity" time="0.769" /><testcase classname="tests.test_player_habits_engine.TestPlayerHabitsEngine" name="test_behavioral_coaching_positive_patience" time="0.615" /><testcase classname="tests.test_player_habits_engine.TestPlayerHabitsEngine" name="test_no_behavioral_coaching_for_normal_moves" time="0.687" /><testcase classname="tests.test_player_habits_engine.TestPlayerHabitsEngine" name="test_analyze_game_habits_function" time="0.561" /></testsuite></testsuites>