<?xml version="1.0" encoding="utf-8"?><testsuites name="pytest tests"><testsuite name="pytest" errors="0" failures="0" skipped="0" tests="10" time="2.363" timestamp="2026-03-25T20:07:13.192205+00:00" hostname="agent-env-7497f949-dd7f-4b07-9380-bc1013791fad"><testcase classname="backend.tests.test_community_training.TestCommunityTrainingEndpoints" name="test_community_count_endpoint" time="0.375" /><testcase classname="backend.tests.test_community_training.TestCommunityTrainingEndpoints" name="test_community_feed_endpoint" time="0.189" /><testcase classname="backend.tests.test_community_training.TestCommunityTrainingEndpoints" name="test_community_feed_position_fields" time="0.185" /><testcase classname="backend.tests.test_community_training.TestCommunityTrainingEndpoints" name="test_pattern_stats_endpoint" time="0.175" /><testcase classname="backend.tests.test_community_training.TestCommunityTrainingEndpoints" name="test_solve_attempt_correct_move" time="0.208" /><testcase classname="backend.tests.test_community_training.TestCommunityTrainingEndpoints" name="test_solve_attempt_incorrect_move" time="0.175" /><testcase classname="backend.tests.test_community_training.TestCommunityTrainingEndpoints" name="test_solve_attempt_invalid_position" time="0.243" /><testcase classname="backend.tests.test_community_training.TestCommunityTrainingEndpoints" name="test_feed_limit_parameter" time="0.249" /><testcase classname="backend.tests.test_community_training.TestCommunityTrainingEndpoints" name="test_seeded_positions_exist" time="0.197" /><testcase classname="backend.tests.test_community_training.TestCommunityTrainingIntegration" name="test_full_training_flow" time="0.309" /></testsuite></testsuites>