<?xml version="1.0" encoding="utf-8"?><testsuites name="pytest tests"><testsuite name="pytest" errors="0" failures="0" skipped="0" tests="9" time="44.057" timestamp="2026-03-24T15:00:13.991799+00:00" hostname="agent-env-56141349-cb55-4fb3-971f-6d3dafcd117f"><testcase classname="backend.tests.test_v5_phased_coaching.TestV5PhasedCoaching" name="test_phase_user_move_returns_only_user_coaching" time="4.875" /><testcase classname="backend.tests.test_v5_phased_coaching.TestV5PhasedCoaching" name="test_phase_user_move_has_v5_fields" time="4.712" /><testcase classname="backend.tests.test_v5_phased_coaching.TestV5PhasedCoaching" name="test_phase_coach_move_returns_only_coach_coaching" time="4.702" /><testcase classname="backend.tests.test_v5_phased_coaching.TestV5PhasedCoaching" name="test_phase_coach_move_has_explanation_fields" time="4.671" /><testcase classname="backend.tests.test_v5_phased_coaching.TestV5PhasedCoaching" name="test_no_phase_returns_both" time="4.688" /><testcase classname="backend.tests.test_v5_phased_coaching.TestV5PhasedCoaching" name="test_user_move_feedback_available_immediately" time="5.551" /><testcase classname="backend.tests.test_v5_phased_coaching.TestV5PhasedCoaching" name="test_no_generic_whats_your_plan_in_phased_response" time="4.717" /><testcase classname="backend.tests.test_v5_phased_coaching.TestV5PhasedCoaching" name="test_invalid_phase_value_handled" time="4.659" /><testcase classname="backend.tests.test_v5_phased_coaching.TestV5CoachingCardTiming" name="test_two_moment_coaching_flow" time="5.436" /></testsuite></testsuites>