<?xml version="1.0" encoding="utf-8"?><testsuites name="pytest tests"><testsuite name="pytest" errors="0" failures="0" skipped="0" tests="15" time="1.144" timestamp="2026-04-02T11:42:14.648707+00:00" hostname="agent-env-56e2c85d-6775-4cb8-b70c-de158e8960aa"><testcase classname="tests.test_home_progress_redesign.TestHomeDashboardV2" name="test_dashboard_returns_200" time="0.257" /><testcase classname="tests.test_home_progress_redesign.TestHomeDashboardV2" name="test_accuracy_greater_than_zero" time="0.051" /><testcase classname="tests.test_home_progress_redesign.TestHomeDashboardV2" name="test_review_progress_structure" time="0.050" /><testcase classname="tests.test_home_progress_redesign.TestHomeDashboardV2" name="test_last_battle_has_behavioral_data" time="0.052" /><testcase classname="tests.test_home_progress_redesign.TestHomeDashboardV2" name="test_patterns_have_severity" time="0.071" /><testcase classname="tests.test_home_progress_redesign.TestHomeDashboardV2" name="test_chess_dna_structure" time="0.050" /><testcase classname="tests.test_home_progress_redesign.TestHomeDashboardV2" name="test_streak_tracking" time="0.048" /><testcase classname="tests.test_home_progress_redesign.TestProgressJourney" name="test_journey_returns_200" time="0.052" /><testcase classname="tests.test_home_progress_redesign.TestProgressJourney" name="test_journey_has_per_game_data" time="0.048" /><testcase classname="tests.test_home_progress_redesign.TestProgressJourney" name="test_win_trend_structure" time="0.046" /><testcase classname="tests.test_home_progress_redesign.TestProgressJourney" name="test_win_trend_improving_logic" time="0.047" /><testcase classname="tests.test_home_progress_redesign.TestProgressJourney" name="test_current_accuracy" time="0.055" /><testcase classname="tests.test_home_progress_redesign.TestProgressJourney" name="test_games_analyzed_count" time="0.049" /><testcase classname="tests.test_home_progress_redesign.TestIntegration" name="test_accuracy_consistency" time="0.109" /><testcase classname="tests.test_home_progress_redesign.TestIntegration" name="test_games_count_consistency" time="0.099" /></testsuite></testsuites>