<?xml version="1.0" encoding="utf-8"?><testsuites name="pytest tests"><testsuite name="pytest" errors="0" failures="0" skipped="0" tests="16" time="1.192" timestamp="2026-03-21T09:40:17.806818+00:00" hostname="agent-env-c180c964-e1cf-4e6e-aebb-4c01f987d458"><testcase classname="tests.test_streak_behavioral_enforcement.TestStreakStatusAPI" name="test_streak_status_returns_correct_structure" time="0.132" /><testcase classname="tests.test_streak_behavioral_enforcement.TestStreakStatusAPI" name="test_streak_status_has_trend_data" time="0.097" /><testcase classname="tests.test_streak_behavioral_enforcement.TestFocusTypesAPI" name="test_focus_types_returns_all_types" time="0.103" /><testcase classname="tests.test_streak_behavioral_enforcement.TestFocusTypesAPI" name="test_focus_types_have_required_fields" time="0.128" /><testcase classname="tests.test_streak_behavioral_enforcement.TestMistakeStreakService" name="test_update_streak_from_analysis_function_exists" time="0.002" /><testcase classname="tests.test_streak_behavioral_enforcement.TestMistakeStreakService" name="test_detect_focus_mistake_function" time="0.000" /><testcase classname="tests.test_streak_behavioral_enforcement.TestMistakeStreakService" name="test_get_pregame_streak_data" time="0.000" /><testcase classname="tests.test_streak_behavioral_enforcement.TestAnalysisWorkerPhase8" name="test_phase8_import_exists" time="0.000" /><testcase classname="tests.test_streak_behavioral_enforcement.TestAnalysisWorkerPhase8" name="test_phase8_calls_with_correct_params" time="0.000" /><testcase classname="tests.test_streak_behavioral_enforcement.TestEnforcementLadder" name="test_enforcement_ladder_class_exists" time="0.129" /><testcase classname="tests.test_streak_behavioral_enforcement.TestEnforcementLadder" name="test_enforcement_has_5_levels" time="0.000" /><testcase classname="tests.test_streak_behavioral_enforcement.TestEnforcementLadder" name="test_enforcement_ladder_escalation" time="0.000" /><testcase classname="tests.test_streak_behavioral_enforcement.TestEnforcementLadder" name="test_enforcement_result_to_dict" time="0.000" /><testcase classname="tests.test_streak_behavioral_enforcement.TestStreakHistoryAPI" name="test_streak_history_returns_data" time="0.140" /><testcase classname="tests.test_streak_behavioral_enforcement.TestSetFocusAPI" name="test_set_focus_changes_focus_type" time="0.314" /><testcase classname="tests.test_streak_behavioral_enforcement.TestSetFocusAPI" name="test_set_focus_validates_focus_type" time="0.118" /></testsuite></testsuites>