<?xml version="1.0" encoding="utf-8"?><testsuites name="pytest tests"><testsuite name="pytest" errors="0" failures="0" skipped="0" tests="13" time="1.840" timestamp="2026-03-23T11:36:38.656756+00:00" hostname="agent-env-b6c0316f-4dfc-4c9a-b8b4-a0396114f597"><testcase classname="backend.tests.test_game_decryption_v4.TestDecryptionV4Structure" name="test_decryption_returns_v4_fields" time="0.213" /><testcase classname="backend.tests.test_game_decryption_v4.TestDecryptionV4Structure" name="test_h6_narrative_is_position_specific" time="0.150" /><testcase classname="backend.tests.test_game_decryption_v4.TestDecryptionV4Structure" name="test_h6_thinking_gap_explains_missed_question" time="0.146" /><testcase classname="backend.tests.test_game_decryption_v4.TestDecryptionV4Structure" name="test_h6_position_breakdown_structure" time="0.156" /><testcase classname="backend.tests.test_game_decryption_v4.TestDecryptionV4Structure" name="test_h6_mistake_analysis_structure" time="0.106" /><testcase classname="backend.tests.test_game_decryption_v4.TestDecryptionV4Structure" name="test_h6_better_plan_structure" time="0.112" /><testcase classname="backend.tests.test_game_decryption_v4.TestDecryptionV4Structure" name="test_h6_principle_is_position_specific" time="0.147" /><testcase classname="backend.tests.test_game_decryption_v4.TestDecryptionV4Structure" name="test_h6_confidence_field" time="0.131" /><testcase classname="backend.tests.test_game_decryption_v4.TestGoodMoveCoaching" name="test_good_move_has_short_narrative" time="0.157" /><testcase classname="backend.tests.test_game_decryption_v4.TestGoodMoveCoaching" name="test_good_move_no_llm_fields" time="0.116" /><testcase classname="backend.tests.test_game_decryption_v4.TestSummaryV4" name="test_summary_has_opening_introduction" time="0.105" /><testcase classname="backend.tests.test_game_decryption_v4.TestSummaryV4" name="test_summary_key_moments_use_thinking_gap" time="0.107" /><testcase classname="backend.tests.test_game_decryption_v4.TestFeedbackAPI" name="test_feedback_submission_works" time="0.119" /></testsuite></testsuites>