<?xml version="1.0" encoding="utf-8"?><testsuites name="pytest tests"><testsuite name="pytest" errors="0" failures="0" skipped="0" tests="17" time="6.364" timestamp="2026-03-21T12:16:05.278309+00:00" hostname="agent-env-1ab5043a-d6ec-49e9-9a52-32a52b7a2c26"><testcase classname="backend.tests.test_theory_refactoring.TestTheoryStatsEndpoint" name="test_theory_stats_returns_correct_counts" time="0.152" /><testcase classname="backend.tests.test_theory_refactoring.TestOpeningPatternsEndpoint" name="test_opening_patterns_returns_28_patterns" time="0.103" /><testcase classname="backend.tests.test_theory_refactoring.TestOpeningPatternsEndpoint" name="test_opening_patterns_contains_italian_d5" time="0.108" /><testcase classname="backend.tests.test_theory_refactoring.TestEndgamePatternsEndpoint" name="test_endgame_patterns_returns_17_patterns" time="0.103" /><testcase classname="backend.tests.test_theory_refactoring.TestEndgamePatternsEndpoint" name="test_endgame_patterns_contains_lucena" time="0.107" /><testcase classname="backend.tests.test_theory_refactoring.TestTacticalPatternsEndpoint" name="test_tactical_patterns_returns_17_patterns" time="0.102" /><testcase classname="backend.tests.test_theory_refactoring.TestTacticalPatternsEndpoint" name="test_tactical_patterns_contains_knight_fork" time="0.102" /><testcase classname="backend.tests.test_theory_refactoring.TestPositionalRulesEndpoint" name="test_positional_rules_returns_20_rules" time="0.101" /><testcase classname="backend.tests.test_theory_refactoring.TestPositionalRulesEndpoint" name="test_positional_rules_structure" time="0.095" /><testcase classname="backend.tests.test_theory_refactoring.TestPositionalRulesEndpoint" name="test_positional_rules_contains_loses_pawn" time="0.104" /><testcase classname="backend.tests.test_theory_refactoring.TestTheoryReloadEndpoint" name="test_theory_reload_returns_stats" time="0.101" /><testcase classname="backend.tests.test_theory_refactoring.TestExplainMistakeTheoryMatch" name="test_italian_d5_theory_match" time="0.097" /><testcase classname="backend.tests.test_theory_refactoring.TestExplainMistakeTheoryMatch" name="test_french_attack_chain_theory_match" time="0.096" /><testcase classname="backend.tests.test_theory_refactoring.TestExplainMistakeTheoryMatch" name="test_non_theory_position_fallback" time="0.102" /><testcase classname="backend.tests.test_theory_refactoring.TestAskMoveEndpoint" name="test_illegal_move_shows_helpful_error" time="0.107" /><testcase classname="backend.tests.test_theory_refactoring.TestAskMoveEndpoint" name="test_legal_move_returns_stockfish_analysis" time="4.183" /><testcase classname="backend.tests.test_theory_refactoring.TestTheoryServiceIntegration" name="test_all_endpoints_return_consistent_counts" time="0.525" /></testsuite></testsuites>