<?xml version="1.0" encoding="utf-8"?><testsuites name="pytest tests"><testsuite name="pytest" errors="0" failures="0" skipped="0" tests="14" time="2.485" timestamp="2026-03-26T05:53:21.416980+00:00" hostname="agent-env-7497f949-dd7f-4b07-9380-bc1013791fad"><testcase classname="tests.test_pattern_prescription_features.TestPatternPrescriptionAPI" name="test_pattern_prescription_endpoint_exists" time="0.214" /><testcase classname="tests.test_pattern_prescription_features.TestPatternPrescriptionAPI" name="test_pattern_prescription_response_structure" time="0.181" /><testcase classname="tests.test_pattern_prescription_features.TestPatternPrescriptionAPI" name="test_prescription_item_fields" time="0.160" /><testcase classname="tests.test_pattern_prescription_features.TestPatternPrescriptionAPI" name="test_prescription_severity_values" time="0.154" /><testcase classname="tests.test_pattern_prescription_features.TestOpeningProgressAPI" name="test_opening_progress_endpoint" time="0.186" /><testcase classname="tests.test_pattern_prescription_features.TestOpeningProgressAPI" name="test_opening_progress_has_times_applied" time="0.154" /><testcase classname="tests.test_pattern_prescription_features.TestOpeningVariationAPI" name="test_french_defense_default" time="0.155" /><testcase classname="tests.test_pattern_prescription_features.TestOpeningVariationAPI" name="test_french_defense_with_variation" time="0.150" /><testcase classname="tests.test_pattern_prescription_features.TestOpeningVariationAPI" name="test_italian_game_endpoint" time="0.155" /><testcase classname="tests.test_pattern_prescription_features.TestHomePageAPIs" name="test_home_intelligence_endpoint" time="0.174" /><testcase classname="tests.test_pattern_prescription_features.TestHomePageAPIs" name="test_progress_endpoint" time="0.293" /><testcase classname="tests.test_pattern_prescription_features.TestV5CoachingDataStructure" name="test_v5_coaching_fields_in_schema" time="0.152" /><testcase classname="tests.test_pattern_prescription_features.TestTrainingPageAPI" name="test_training_feed_endpoint" time="0.154" /><testcase classname="tests.test_pattern_prescription_features.TestOpeningsRepertoireAPI" name="test_openings_repertoire_endpoint" time="0.150" /></testsuite></testsuites>