<?xml version="1.0" encoding="utf-8"?><testsuites name="pytest tests"><testsuite name="pytest" errors="0" failures="0" skipped="0" tests="19" time="0.141" timestamp="2026-04-03T06:39:26.534025+00:00" hostname="agent-env-b6cb5e30-9a7a-40dd-adeb-3f5296d6723a"><testcase classname="tests.test_rating_aware_feedback.TestClassifyMoveQuality" name="test_800_rating_small_loss_is_good" time="0.000" /><testcase classname="tests.test_rating_aware_feedback.TestClassifyMoveQuality" name="test_800_rating_120cp_loss_is_inaccuracy" time="0.000" /><testcase classname="tests.test_rating_aware_feedback.TestClassifyMoveQuality" name="test_1600_rating_120cp_loss_is_mistake" time="0.000" /><testcase classname="tests.test_rating_aware_feedback.TestClassifyMoveQuality" name="test_1900_rating_120cp_loss_is_blunder" time="0.000" /><testcase classname="tests.test_rating_aware_feedback.TestClassifyMoveQuality" name="test_800_rating_350cp_loss_is_blunder" time="0.000" /><testcase classname="tests.test_rating_aware_feedback.TestClassifyMoveQuality" name="test_black_player_perspective" time="0.000" /><testcase classname="tests.test_rating_aware_feedback.TestClassifyMoveQuality" name="test_excellent_move_detection" time="0.000" /><testcase classname="tests.test_rating_aware_feedback.TestGenerateCoachingMessage" name="test_800_player_inaccuracy_simplified" time="0.000" /><testcase classname="tests.test_rating_aware_feedback.TestGenerateCoachingMessage" name="test_1600_player_inaccuracy_full_correction" time="0.000" /><testcase classname="tests.test_rating_aware_feedback.TestGenerateCoachingMessage" name="test_800_player_blunder_direct_message" time="0.000" /><testcase classname="tests.test_rating_aware_feedback.TestGenerateCoachingMessage" name="test_1600_player_blunder_socratic_question" time="0.000" /><testcase classname="tests.test_rating_aware_feedback.TestGenerateCoachingMessage" name="test_800_player_mistake_direct_not_socratic" time="0.000" /><testcase classname="tests.test_rating_aware_feedback.TestGenerateCoachingMessage" name="test_1600_player_mistake_socratic" time="0.000" /><testcase classname="tests.test_rating_aware_feedback.TestGenerateCoachingMessage" name="test_excellent_move_encouragement" time="0.000" /><testcase classname="tests.test_rating_aware_feedback.TestGenerateCoachingMessage" name="test_good_move_no_socratic" time="0.000" /><testcase classname="tests.test_rating_aware_feedback.TestPuzzleExtractionThresholds" name="test_threshold_values_documented" time="0.003" /><testcase classname="tests.test_rating_aware_feedback.TestRatingBandThresholds" name="test_beginner_thresholds" time="0.000" /><testcase classname="tests.test_rating_aware_feedback.TestRatingBandThresholds" name="test_intermediate_thresholds" time="0.000" /><testcase classname="tests.test_rating_aware_feedback.TestRatingBandThresholds" name="test_advanced_thresholds" time="0.000" /></testsuite></testsuites>