<?xml version="1.0" encoding="utf-8"?><testsuites name="pytest tests"><testsuite name="pytest" errors="0" failures="0" skipped="0" tests="13" time="2.876" timestamp="2026-04-02T12:03:27.253629+00:00" hostname="agent-env-56e2c85d-6775-4cb8-b70c-de158e8960aa"><testcase classname="tests.test_coaching_progress_report.TestCoachingProgressReport" name="test_coaching_report_returns_200" time="0.248" /><testcase classname="tests.test_coaching_progress_report.TestCoachingProgressReport" name="test_coaching_report_has_required_fields" time="0.159" /><testcase classname="tests.test_coaching_progress_report.TestCoachingProgressReport" name="test_has_data_is_boolean" time="0.138" /><testcase classname="tests.test_coaching_progress_report.TestCoachingProgressReport" name="test_headline_is_coaching_style" time="0.142" /><testcase classname="tests.test_coaching_progress_report.TestCoachingProgressReport" name="test_recent_form_structure" time="0.177" /><testcase classname="tests.test_coaching_progress_report.TestCoachingProgressReport" name="test_big_picture_structure" time="0.166" /><testcase classname="tests.test_coaching_progress_report.TestCoachingProgressReport" name="test_weakness_control_structure" time="0.148" /><testcase classname="tests.test_coaching_progress_report.TestCoachingProgressReport" name="test_phase_understanding_structure" time="0.153" /><testcase classname="tests.test_coaching_progress_report.TestCoachingProgressReport" name="test_review_impact_structure" time="0.154" /><testcase classname="tests.test_coaching_progress_report.TestCoachingProgressReport" name="test_game_stats_timeline_structure" time="0.883" /><testcase classname="tests.test_coaching_progress_report.TestCoachingProgressReport" name="test_game_ids_are_valid_for_navigation" time="0.151" /><testcase classname="tests.test_coaching_progress_report.TestCoachingProgressReport" name="test_weakness_patterns_valid_for_training_navigation" time="0.172" /><testcase classname="tests.test_coaching_progress_report.TestEmptyStateHandling" name="test_empty_state_structure" time="0.154" /></testsuite></testsuites>