<?xml version="1.0" encoding="utf-8"?><testsuites name="pytest tests"><testsuite name="pytest" errors="0" failures="0" skipped="0" tests="12" time="2.663" timestamp="2026-03-25T21:02:22.271415+00:00" hostname="agent-env-7497f949-dd7f-4b07-9380-bc1013791fad"><testcase classname="tests.test_openings_overview.TestOpeningsRepertoireEndpoint" name="test_repertoire_returns_200" time="0.302" /><testcase classname="tests.test_openings_overview.TestOpeningsRepertoireEndpoint" name="test_repertoire_has_white_and_black_arrays" time="0.182" /><testcase classname="tests.test_openings_overview.TestOpeningsRepertoireEndpoint" name="test_repertoire_opening_fields" time="0.166" /><testcase classname="tests.test_openings_overview.TestOpeningsRepertoireEndpoint" name="test_repertoire_win_rate_is_percentage" time="0.209" /><testcase classname="tests.test_openings_overview.TestOpeningProgressEndpoint" name="test_opening_progress_returns_200" time="0.180" /><testcase classname="tests.test_openings_overview.TestOpeningProgressEndpoint" name="test_opening_progress_has_progress_array" time="0.177" /><testcase classname="tests.test_openings_overview.TestOpeningProgressEndpoint" name="test_opening_progress_has_summary_fields" time="0.170" /><testcase classname="tests.test_openings_overview.TestOpeningProgressEndpoint" name="test_opening_progress_item_fields" time="0.462" /><testcase classname="tests.test_openings_overview.TestOpeningProgressEndpoint" name="test_opening_progress_mastery_levels" time="0.172" /><testcase classname="tests.test_openings_overview.TestOpeningProgressEndpoint" name="test_coach_taught_items_have_times_practiced" time="0.178" /><testcase classname="tests.test_openings_overview.TestFocusOpeningLogic" name="test_focus_opening_is_weakest" time="0.199" /><testcase classname="tests.test_openings_overview.TestDataConsistency" name="test_repertoire_and_progress_game_counts_match" time="0.224" /></testsuite></testsuites>