<?xml version="1.0" encoding="utf-8"?><testsuites name="pytest tests"><testsuite name="pytest" errors="0" failures="0" skipped="0" tests="16" time="1.443" timestamp="2026-04-02T15:38:47.897821+00:00" hostname="agent-env-b6cb5e30-9a7a-40dd-adeb-3f5296d6723a"><testcase classname="tests.test_p1_features.TestEscapeSquaresService" name="test_count_escape_squares_starting_position" time="0.001" /><testcase classname="tests.test_p1_features.TestEscapeSquaresService" name="test_count_escape_squares_scholars_mate" time="0.000" /><testcase classname="tests.test_p1_features.TestEscapeSquaresService" name="test_count_escape_squares_open_king" time="0.000" /><testcase classname="tests.test_p1_features.TestEscapeSquaresService" name="test_is_teaching_moment_check_position" time="0.000" /><testcase classname="tests.test_p1_features.TestEscapeSquaresService" name="test_is_teaching_moment_back_rank" time="0.000" /><testcase classname="tests.test_p1_features.TestEscapeSquaresService" name="test_validate_escape_squares_answer_correct" time="0.000" /><testcase classname="tests.test_p1_features.TestEscapeSquaresService" name="test_validate_escape_squares_answer_incorrect" time="0.000" /><testcase classname="tests.test_p1_features.TestHomeIntelligenceWinStreak" name="test_home_intelligence_returns_win_streak" time="0.139" /><testcase classname="tests.test_p1_features.TestHomeIntelligenceWinStreak" name="test_home_intelligence_returns_mood_override" time="0.126" /><testcase classname="tests.test_p1_features.TestHomeIntelligenceWinStreak" name="test_home_intelligence_has_data_field" time="0.111" /><testcase classname="tests.test_p1_features.TestEscapeSquaresEndpoints" name="test_escape_squares_check_requires_session_id" time="0.115" /><testcase classname="tests.test_p1_features.TestEscapeSquaresEndpoints" name="test_escape_squares_check_returns_has_quiz" time="0.394" /><testcase classname="tests.test_p1_features.TestEscapeSquaresEndpoints" name="test_escape_squares_answer_requires_params" time="0.111" /><testcase classname="tests.test_p1_features.TestEscapeSquaresEndpoints" name="test_escape_squares_answer_validates_answer" time="0.382" /><testcase classname="tests.test_p1_features.TestEscapeSquaresIntegration" name="test_escape_squares_service_detects_restricted_king" time="0.001" /><testcase classname="tests.test_p1_features.TestEscapeSquaresIntegration" name="test_escape_squares_service_detects_back_rank_mate" time="0.000" /></testsuite></testsuites>