<?xml version="1.0" encoding="utf-8"?><testsuites name="pytest tests"><testsuite name="pytest" errors="0" failures="1" skipped="0" tests="30" time="2.124" timestamp="2026-03-19T01:56:58.960193+00:00" hostname="agent-env-56dd80bd-5fd2-4f3a-a3fa-d406495e782c"><testcase classname="tests.test_unified_opening_detection.TestUnifiedOpeningDetection" name="test_italian_game_detection" time="0.029" /><testcase classname="tests.test_unified_opening_detection.TestUnifiedOpeningDetection" name="test_ruy_lopez_detection" time="0.000" /><testcase classname="tests.test_unified_opening_detection.TestUnifiedOpeningDetection" name="test_vienna_game_detection" time="0.000" /><testcase classname="tests.test_unified_opening_detection.TestUnifiedOpeningDetection" name="test_scotch_game_detection" time="0.000" /><testcase classname="tests.test_unified_opening_detection.TestUnifiedOpeningDetection" name="test_petrov_defense_detection" time="0.000" /><testcase classname="tests.test_unified_opening_detection.TestUnifiedOpeningDetection" name="test_philidor_defense_detection" time="0.000" /><testcase classname="tests.test_unified_opening_detection.TestUnifiedOpeningDetection" name="test_kings_indian_defense_detection" time="0.000" /><testcase classname="tests.test_unified_opening_detection.TestUnifiedOpeningDetection" name="test_slav_defense_detection" time="0.000" /><testcase classname="tests.test_unified_opening_detection.TestUnifiedOpeningDetection" name="test_dutch_defense_detection" time="0.000" /><testcase classname="tests.test_unified_opening_detection.TestUnifiedOpeningDetection" name="test_sicilian_defense_detection" time="0.000" /><testcase classname="tests.test_unified_opening_detection.TestUnifiedOpeningDetection" name="test_caro_kann_detection" time="0.000" /><testcase classname="tests.test_unified_opening_detection.TestUnifiedOpeningDetection" name="test_french_defense_detection" time="0.000" /><testcase classname="tests.test_unified_opening_detection.TestUnifiedOpeningDetection" name="test_scandinavian_defense_detection" time="0.000" /><testcase classname="tests.test_unified_opening_detection.TestUnifiedOpeningDetection" name="test_queens_gambit_detection" time="0.000" /><testcase classname="tests.test_unified_opening_detection.TestUnifiedOpeningDetection" name="test_london_system_detection" time="0.000" /><testcase classname="tests.test_unified_opening_detection.TestUnifiedOpeningDetection" name="test_nimzo_indian_detection" time="0.000" /><testcase classname="tests.test_unified_opening_detection.TestUnifiedOpeningDetection" name="test_grunfeld_defense_detection" time="0.000" /><testcase classname="tests.test_unified_opening_detection.TestUnifiedOpeningDetection" name="test_benoni_defense_detection" time="0.000" /><testcase classname="tests.test_unified_opening_detection.TestUnifiedOpeningDetection" name="test_budapest_gambit_detection" time="0.000" /><testcase classname="tests.test_unified_opening_detection.TestUnifiedOpeningDetection" name="test_qgd_detection" time="0.000" /><testcase classname="tests.test_unified_opening_detection.TestUnifiedOpeningDetection" name="test_queens_indian_detection" time="0.000" /><testcase classname="tests.test_unified_opening_detection.TestUnifiedOpeningDetection" name="test_no_detection_on_empty_moves" time="0.000" /><testcase classname="tests.test_unified_opening_detection.TestUnifiedOpeningDetection" name="test_no_detection_on_single_move" time="0.000" /><testcase classname="tests.test_unified_opening_detection.TestOpeningDetectionCountTotal" name="test_at_least_20_unique_openings_detected" time="0.000" /><testcase classname="tests.test_unified_opening_detection.TestExplainPositionEndpoint" name="test_explain_position_requires_auth" time="0.209" /><testcase classname="tests.test_unified_opening_detection.TestExplainPositionEndpoint" name="test_explain_position_requires_session_id" time="0.250" /><testcase classname="tests.test_unified_opening_detection.TestExplainPositionEndpoint" name="test_explain_position_returns_404_for_invalid_session" time="0.250" /><testcase classname="tests.test_unified_opening_detection.TestExplainPositionEndpoint" name="test_explain_position_with_valid_session" time="0.598"><failure message="Failed: BUG: POST /api/coach/play/explain-position returns 500. Root cause: 'chess' module is not imported in server.py but is used at line 10944. Error: Failed to analyze position">tests/test_unified_opening_detection.py:451: in test_explain_position_with_valid_session
    pytest.fail(
E   Failed: BUG: POST /api/coach/play/explain-position returns 500. Root cause: 'chess' module is not imported in server.py but is used at line 10944. Error: Failed to analyze position</failure></testcase><testcase classname="tests.test_unified_opening_detection.TestDynamicCoachingInPracticeMode" name="test_practice_mode_start" time="0.326" /><testcase classname="tests.test_unified_opening_detection.TestDynamicCoachingInPracticeMode" name="test_practice_mode_move_includes_dynamic_coaching_field" time="0.359" /></testsuite></testsuites>