<?xml version="1.0" encoding="utf-8"?><testsuites name="pytest tests"><testsuite name="pytest" errors="0" failures="0" skipped="0" tests="12" time="1.549" timestamp="2026-03-23T09:29:45.999237+00:00" hostname="agent-env-b6c0316f-4dfc-4c9a-b8b4-a0396114f597"><testcase classname="backend.tests.test_game_decryption_v3.TestGameDecryptionV3API" name="test_decryption_endpoint_returns_v3_fields" time="0.212" /><testcase classname="backend.tests.test_game_decryption_v3.TestGameDecryptionV3API" name="test_summary_includes_opening_introduction" time="0.107" /><testcase classname="backend.tests.test_game_decryption_v3.TestGameDecryptionV3API" name="test_h6_move_has_intent_acknowledged" time="0.157" /><testcase classname="backend.tests.test_game_decryption_v3.TestGameDecryptionV3API" name="test_h6_move_is_sideline_with_empathetic_warning" time="0.115" /><testcase classname="backend.tests.test_game_decryption_v3.TestGameDecryptionV3API" name="test_h6_move_has_main_line_moves" time="0.109" /><testcase classname="backend.tests.test_game_decryption_v3.TestGameDecryptionV3API" name="test_h6_move_has_main_line_theory" time="0.112" /><testcase classname="backend.tests.test_game_decryption_v3.TestGameDecryptionV3API" name="test_h6_what_happened_acknowledges_intent" time="0.114" /><testcase classname="backend.tests.test_game_decryption_v3.TestGameDecryptionV3API" name="test_h6_what_you_missed_is_empathetic" time="0.117" /><testcase classname="backend.tests.test_game_decryption_v3.TestDecryptionFeedbackAPI" name="test_feedback_endpoint_works" time="0.106" /><testcase classname="backend.tests.test_game_decryption_v3.TestOpeningIntroductionContent" name="test_opening_intro_has_italian_game_content" time="0.121" /><testcase classname="backend.tests.test_game_decryption_v3.TestOpeningIntroductionContent" name="test_opening_intro_key_focus_is_relevant" time="0.111" /><testcase classname="backend.tests.test_game_decryption_v3.TestMoveDataStructure" name="test_all_moves_have_v3_fields" time="0.103" /></testsuite></testsuites>