<?xml version="1.0" encoding="utf-8"?><testsuites name="pytest tests"><testsuite name="pytest" errors="0" failures="0" skipped="0" tests="22" time="0.082" timestamp="2026-03-17T05:00:57.245447+00:00" hostname="agent-env-0bba9661-ef59-45c6-a60e-f393077d0695"><testcase classname="tests.test_play_with_coach_opening_context" name="test_qgd_context_inherits_family_variations" time="0.000" /><testcase classname="tests.test_play_with_coach_opening_context" name="test_slav_context_inherits_family_variations" time="0.000" /><testcase classname="tests.test_play_with_coach_opening_context" name="test_variation_teaching_guides_when_user_deviates" time="0.000" /><testcase classname="tests.test_play_with_coach_opening_context" name="test_qgd_trap_warning_is_available_in_live_position" time="0.000" /><testcase classname="tests.test_deep_opening_teaching.TestQueensGambitFamilyDetection" name="test_qgd_inherits_queens_gambit_variations" time="0.000" /><testcase classname="tests.test_deep_opening_teaching.TestQueensGambitFamilyDetection" name="test_slav_inherits_queens_gambit_variations" time="0.000" /><testcase classname="tests.test_deep_opening_teaching.TestQueensGambitFamilyDetection" name="test_qga_detection" time="0.000" /><testcase classname="tests.test_deep_opening_teaching.TestQueensGambitFamilyDetection" name="test_family_function_finds_queens_gambit" time="0.000" /><testcase classname="tests.test_deep_opening_teaching.TestDeepVariationTeaching" name="test_nc3_gets_variation_teaching" time="0.000" /><testcase classname="tests.test_deep_opening_teaching.TestDeepVariationTeaching" name="test_nc3_teaching_mentions_correct_ideas" time="0.000" /><testcase classname="tests.test_deep_opening_teaching.TestDeepVariationTeaching" name="test_deep_line_continues_after_nf6" time="0.000" /><testcase classname="tests.test_deep_opening_teaching.TestDeepVariationTeaching" name="test_bg5_teaching_after_deeper_line" time="0.000" /><testcase classname="tests.test_deep_opening_teaching.TestUserDeviationHandling" name="test_nf3_deviation_shows_expected_nc3" time="0.000" /><testcase classname="tests.test_deep_opening_teaching.TestUserDeviationHandling" name="test_deviation_still_gives_useful_teaching" time="0.000" /><testcase classname="tests.test_deep_opening_teaching.TestUserDeviationHandling" name="test_commentary_on_deviation_mentions_main_line" time="0.001" /><testcase classname="tests.test_deep_opening_teaching.TestElephantTrapWarning" name="test_trap_surfaces_in_qgd_position" time="0.000" /><testcase classname="tests.test_deep_opening_teaching.TestElephantTrapWarning" name="test_trap_data_exists_in_qgd_variations" time="0.000" /><testcase classname="tests.test_deep_opening_teaching.TestCoachFollowupCommentary" name="test_coach_move_uses_variation_context" time="0.000" /><testcase classname="tests.test_deep_opening_teaching.TestCoachFollowupCommentary" name="test_continued_variation_context_at_move_8" time="0.000" /><testcase classname="tests.test_deep_opening_teaching.TestCoachFollowupCommentary" name="test_variation_context_persists_through_castling" time="0.000" /><testcase classname="tests.test_deep_opening_teaching.TestFullQGDTeachingFlow" name="test_complete_qgd_classical_line" time="0.000" /><testcase classname="tests.test_deep_opening_teaching.TestFullQGDTeachingFlow" name="test_key_teaching_moments_present" time="0.000" /></testsuite></testsuites>