<?xml version="1.0" encoding="utf-8"?><testsuites name="pytest tests"><testsuite name="pytest" errors="0" failures="0" skipped="0" tests="8" time="10.594" timestamp="2026-03-21T12:58:04.429724+00:00" hostname="agent-env-1ab5043a-d6ec-49e9-9a52-32a52b7a2c26"><testcase classname="tests.test_coaching_answer_qa.TestCoachingAnswerQA" name="test_ask_move_coaching_quality_answer" time="3.161" /><testcase classname="tests.test_coaching_answer_qa.TestCoachingAnswerQA" name="test_ask_move_capture_detects_material_awareness" time="2.365" /><testcase classname="tests.test_coaching_answer_qa.TestCoachingAnswerQA" name="test_ask_move_illegal_move_explains_why" time="0.146" /><testcase classname="tests.test_coaching_answer_qa.TestCoachingAnswerQA" name="test_ask_move_thinking_pattern_structure" time="1.341" /><testcase classname="tests.test_coaching_answer_qa.TestQuestionInsightsLogging" name="test_question_logged_to_mongodb" time="1.987" /><testcase classname="tests.test_coaching_answer_qa.TestExplainMistakeRegression" name="test_italian_d5_theory_match" time="0.140" /><testcase classname="tests.test_coaching_answer_qa.TestTheoryStatsRegression" name="test_theory_stats_82_patterns" time="0.102" /><testcase classname="tests.test_coaching_answer_qa.TestCoachingAnswerQuality" name="test_answer_not_raw_eval" time="1.311" /></testsuite></testsuites>