<?xml version="1.0" encoding="utf-8"?><testsuites name="pytest tests"><testsuite name="pytest" errors="0" failures="0" skipped="0" tests="13" time="47.878" timestamp="2026-03-29T11:12:36.992529+00:00" hostname="agent-env-41186ec9-b7d7-455f-82c9-115efced48c2"><testcase classname="backend.tests.test_coach_review_api.TestCoachReviewAPI" name="test_coach_review_endpoint_returns_200" time="5.527" /><testcase classname="backend.tests.test_coach_review_api.TestCoachReviewAPI" name="test_coach_review_has_all_5_sections" time="3.588" /><testcase classname="backend.tests.test_coach_review_api.TestCoachReviewAPI" name="test_story_section_structure" time="3.682" /><testcase classname="backend.tests.test_coach_review_api.TestCoachReviewAPI" name="test_mirror_section_structure" time="4.135" /><testcase classname="backend.tests.test_coach_review_api.TestCoachReviewAPI" name="test_moments_section_structure" time="4.151" /><testcase classname="backend.tests.test_coach_review_api.TestCoachReviewAPI" name="test_takeaway_section_structure" time="4.462" /><testcase classname="backend.tests.test_coach_review_api.TestCoachReviewAPI" name="test_proof_section_structure" time="3.604" /><testcase classname="backend.tests.test_coach_review_api.TestCoachReviewAPI" name="test_llm_narrative_layer" time="4.285" /><testcase classname="backend.tests.test_coach_review_api.TestCoachReviewAPI" name="test_diagnosis_field_present" time="3.947" /><testcase classname="backend.tests.test_coach_review_api.TestCoachReviewAPI" name="test_invalid_game_returns_404" time="0.195" /><testcase classname="backend.tests.test_coach_review_api.TestCoachReviewDataQuality" name="test_story_narrative_is_human_readable" time="3.470" /><testcase classname="backend.tests.test_coach_review_api.TestCoachReviewDataQuality" name="test_thinking_error_has_root_cause" time="3.234" /><testcase classname="backend.tests.test_coach_review_api.TestCoachReviewDataQuality" name="test_moments_have_navigation_data" time="3.549" /></testsuite></testsuites>