<?xml version="1.0" encoding="utf-8"?><testsuites name="pytest tests"><testsuite name="pytest" errors="0" failures="0" skipped="0" tests="16" time="2.904" timestamp="2026-03-19T15:24:03.331048+00:00" hostname="agent-env-3ed29cd0-f78a-422d-8282-4fe94f5c7745"><testcase classname="tests.test_thinking_score_api.TestThinkingScoreAPI" name="test_get_thinking_score_returns_valid_structure" time="0.145" /><testcase classname="tests.test_thinking_score_api.TestThinkingScoreAPI" name="test_thinking_score_habit_progress_structure" time="0.109" /><testcase classname="tests.test_thinking_score_api.TestThinkingScoreAPI" name="test_thinking_score_recommendations" time="0.128" /><testcase classname="tests.test_thinking_score_api.TestCalculateGameThinkingScore" name="test_calculate_game_score_valid_game" time="0.244" /><testcase classname="tests.test_thinking_score_api.TestCalculateGameThinkingScore" name="test_calculate_game_score_nonexistent_game" time="0.119" /><testcase classname="tests.test_thinking_score_api.TestCalculateGameThinkingScore" name="test_calculate_score_uses_real_data" time="0.366" /><testcase classname="tests.test_thinking_score_api.TestThinkingScoreHistory" name="test_get_history_returns_list" time="0.118" /><testcase classname="tests.test_thinking_score_api.TestThinkingScoreHistory" name="test_history_limit_parameter" time="0.144" /><testcase classname="tests.test_thinking_score_api.TestThinkingScoreHistory" name="test_history_score_structure" time="0.140" /><testcase classname="tests.test_thinking_score_api.TestThinkingRecommendations" name="test_get_recommendations_valid_response" time="0.115" /><testcase classname="tests.test_thinking_score_api.TestThinkingRecommendations" name="test_recommendations_when_no_data" time="0.108" /><testcase classname="tests.test_thinking_score_api.TestThinkingRecommendations" name="test_recommendations_sorted_by_weakness" time="0.106" /><testcase classname="tests.test_thinking_score_api.TestThinkingScoreIntegration" name="test_full_flow_calculate_then_retrieve" time="0.501" /><testcase classname="tests.test_thinking_score_api.TestThinkingScoreIntegration" name="test_habit_examples_contain_real_move_data" time="0.270" /><testcase classname="tests.test_thinking_score_api.TestThinkingScoreEdgeCases" name="test_history_with_zero_limit" time="0.141" /><testcase classname="tests.test_thinking_score_api.TestThinkingScoreEdgeCases" name="test_score_explanation_varies_with_score" time="0.119" /></testsuite></testsuites>