<?xml version="1.0" encoding="utf-8"?><testsuites name="pytest tests"><testsuite name="pytest" errors="0" failures="0" skipped="0" tests="9" time="16.167" timestamp="2026-03-14T09:44:18.118086+00:00" hostname="agent-env-330eecc8-0a51-49be-b3d2-ce77fb7750b2"><testcase classname="backend.tests.test_trigger_coach_move.TestTriggerCoachMoveEndpoint" name="test_trigger_when_player_turn_returns_your_turn_message" time="0.555" /><testcase classname="backend.tests.test_trigger_coach_move.TestTriggerCoachMoveEndpoint" name="test_trigger_after_player_move_coach_responds" time="0.919" /><testcase classname="backend.tests.test_trigger_coach_move.TestTriggerCoachMoveEndpoint" name="test_trigger_without_session_id_returns_400" time="0.170" /><testcase classname="backend.tests.test_trigger_coach_move.TestTriggerCoachMoveEndpoint" name="test_trigger_with_nonexistent_session_returns_404" time="0.157" /><testcase classname="backend.tests.test_trigger_coach_move.TestTriggerCoachMoveEndpoint" name="test_trigger_on_inactive_session_returns_error" time="0.500" /><testcase classname="backend.tests.test_trigger_coach_move.TestTriggerCoachMoveEndpoint" name="test_trigger_returns_valid_fen_and_san_move" time="0.918" /><testcase classname="backend.tests.test_trigger_coach_move.TestTriggerCoachMoveEndpoint" name="test_multiple_trigger_calls_idempotent" time="1.458" /><testcase classname="backend.tests.test_trigger_coach_move.TestTriggerCoachMoveEndpoint" name="test_trigger_updates_move_history" time="6.381" /><testcase classname="backend.tests.test_trigger_coach_move.TestTriggerCoachMoveAsBlack" name="test_trigger_as_black_when_coach_turn" time="5.074" /></testsuite></testsuites>